#
# A fatal error has been detected by the Java Runtime Environment:
#
#  SIGSEGV (0xb) at pc=0x00007f9684635621, pid=18739, tid=18743
#
# JRE version: Java(TM) SE Runtime Environment (12.0.1+12) (build 12.0.1+12)
# Java VM: Java HotSpot(TM) 64-Bit Server VM (12.0.1+12, mixed mode, sharing, tiered, compressed oops, g1 gc, linux-amd64)
# Problematic frame:
# C  [libopenal.so+0x29621]  alcCloseDevice+0x41
#
# No core dump will be written. Core dumps have been disabled. To enable core dumping, try "ulimit -c unlimited" before starting Java again
#
# If you would like to submit a bug report, please visit:
#   http://bugreport.java.com/bugreport/crash.jsp
# The crash happened outside the Java Virtual Machine in native code.
# See problematic frame for where to report the bug.
#

---------------  S U M M A R Y ------------

Command Line: -javaagent:/opt/idea-IU-191.6707.61/lib/idea_rt.jar=35085:/opt/idea-IU-191.6707.61/bin -Dfile.encoding=UTF-8 Main

Host: Intel(R) Core(TM) i3-6006U CPU @ 2.00GHz, 4 cores, 7G, elementary OS 5.0 Juno
Time: Sat Aug 17 14:57:27 2019 CEST elapsed time: 3 seconds (0d 0h 0m 3s)

---------------  T H R E A D  ---------------

Current thread (0x00007f96e0013800):  JavaThread "main" [_thread_in_native, id=18743, stack(0x00007f96e9a82000,0x00007f96e9b83000)]

Stack: [0x00007f96e9a82000,0x00007f96e9b83000],  sp=0x00007f96e9b811a0,  free space=1020k
Native frames: (J=compiled Java code, A=aot compiled Java code, j=interpreted, Vv=VM code, C=native code)
C  [libopenal.so+0x29621]  alcCloseDevice+0x41

Java frames: (J=compiled Java code, j=interpreted, Vv=VM code)
j  org.lwjgl.system.JNI.invokePZ(JJ)Z+0
j  org.lwjgl.openal.ALC10.alcCloseDevice(J)Z+20
j  Window.loop()V+165
j  Window.run()V+9
j  Main$.delayedEndpoint$Main$1()V+26
j  Main$delayedInit$body.apply()Ljava/lang/Object;+4
j  scala.Function0.apply$mcV$sp()V+1
j  scala.Function0.apply$mcV$sp$(Lscala/Function0;)V+1
j  scala.runtime.AbstractFunction0.apply$mcV$sp()V+1
j  scala.App.$anonfun$main$1(Lscala/Function0;)V+1
j  scala.App.$anonfun$main$1$adapted(Lscala/Function0;)Ljava/lang/Object;+1
j  scala.App$$Lambda$15.apply(Ljava/lang/Object;)Ljava/lang/Object;+4
j  scala.collection.IterableOnceOps.foreach(Lscala/Function1;)V+26
j  scala.collection.IterableOnceOps.foreach$(Lscala/collection/IterableOnceOps;Lscala/Function1;)V+2
j  scala.collection.AbstractIterable.foreach(Lscala/Function1;)V+2
j  scala.App.main([Ljava/lang/String;)V+18
j  scala.App.main$(Lscala/App;[Ljava/lang/String;)V+2
j  Main$.main([Ljava/lang/String;)V+2
j  Main.main([Ljava/lang/String;)V+4
v  ~StubRoutines::call_stub

siginfo: si_signo: 11 (SIGSEGV), si_code: 1 (SEGV_MAPERR), si_addr: 0x0000000000008b40

Register to memory mapping:

RAX=0x0 is NULL
RBX=0x0 is NULL
RCX=0x00007f96846355e0: alcCloseDevice+0x0000000000000000 in /tmp/lwjgltaiki/3.2.2-build-10/libopenal.so at 0x00007f968460c000
RDX=0x0000000000004937 is an unknown value
RSP=0x00007f96e9b811a0 is pointing into the stack for thread: 0x00007f96e0013800
RBP=0x00007f96e0847500 points into unknown readable memory: d0 07 00 e0 96 7f 00 00
RSI=0x0 is NULL
RDI=0x0000000000000001 is an unknown value
R8 =0x00007f9684904620: <offset 0x00000000002f8620> in /tmp/lwjgltaiki/3.2.2-build-10/libopenal.so at 0x00007f968460c000
R9 =0x0 is NULL
R10=0x00007f96c8b87941 is at code_begin+897 in an Interpreter codelet
method entry point (kind = native)  [0x00007f96c8b875c0, 0x00007f96c8b88000]  2624 bytes
R11=0x000000008c363e30 points into unknown readable memory: 09 92 87 6e 2d 00 00 00
R12=0x0 is NULL
R13={method} {0x00007f96c4c3a508} 'invokePZ' '(JJ)Z' in 'org/lwjgl/system/JNI'
R14=0x00007f96e9b812b8 is pointing into the stack for thread: 0x00007f96e0013800
R15=0x00007f96e0013800 is a thread


Registers:
RAX=0x0000000000000000, RBX=0x0000000000000000, RCX=0x00007f96846355e0, RDX=0x0000000000004937
RSP=0x00007f96e9b811a0, RBP=0x00007f96e0847500, RSI=0x0000000000000000, RDI=0x0000000000000001
R8 =0x00007f9684904620, R9 =0x0000000000000000, R10=0x00007f96c8b87941, R11=0x000000008c363e30
R12=0x0000000000000000, R13=0x00007f96c4c3a508, R14=0x00007f96e9b812b8, R15=0x00007f96e0013800
RIP=0x00007f9684635621, EFLAGS=0x0000000000010287, CSGSFS=0x002b000000000033, ERR=0x0000000000000004
  TRAPNO=0x000000000000000e

Top of Stack: (sp=0x00007f96e9b811a0)
0x00007f96e9b811a0:   0000000000000000 0000000000000000
0x00007f96e9b811b0:   00007f96c4c36f48 0000000000000000
0x00007f96e9b811c0:   00007f96e0428350 00007f96846359b2
0x00007f96e9b811d0:   0000000000000000 00007f96c4c36f48 

Instructions: (pc=0x00007f9684635621)
0x00007f9684635601:   89 44 24 18 48 8b 5c 24 18 48 39 eb 75 12 e9 94
0x00007f9684635611:   00 00 00 0f 1f 40 00 48 39 dd 0f 84 87 00 00 00
0x00007f9684635621:   48 8b 83 40 8b 00 00 48 89 44 24 20 48 8b 5c 24
0x00007f9684635631:   20 48 85 db 75 e1 31 db 83 3d c0 ed 2c 00 01 76 

Stack slot to memory mapping:
stack at sp + 0 slots: 0x0 is NULL
stack at sp + 1 slots: 0x0 is NULL
stack at sp + 2 slots: {method} {0x00007f96c4c36f48} 'invokePV' '(JJ)V' in 'org/lwjgl/system/JNI'
stack at sp + 3 slots: 0x0 is NULL
stack at sp + 4 slots: 0x00007f96e0428350 points into unknown readable memory: 40 de 46 e0 96 7f 00 00
stack at sp + 5 slots: 0x00007f96846359b2: alcDestroyContext+0x0000000000000152 in /tmp/lwjgltaiki/3.2.2-build-10/libopenal.so at 0x00007f968460c000
stack at sp + 6 slots: 0x0 is NULL
stack at sp + 7 slots: {method} {0x00007f96c4c36f48} 'invokePV' '(JJ)V' in 'org/lwjgl/system/JNI'


---------------  P R O C E S S  ---------------

Threads class SMR info:
_java_thread_list=0x00007f964c0010f0, length=11, elements={
0x00007f96e0013800, 0x00007f96e015d800, 0x00007f96e015f800, 0x00007f96e0166000,
0x00007f96e0168000, 0x00007f96e016a000, 0x00007f96e016c000, 0x00007f96e017a000,
0x00007f96e0262000, 0x00007f96e0263000, 0x00007f9698001000
}

Java Threads: ( => current thread )
=>0x00007f96e0013800 JavaThread "main" [_thread_in_native, id=18743, stack(0x00007f96e9a82000,0x00007f96e9b83000)]
  0x00007f96e015d800 JavaThread "Reference Handler" daemon [_thread_blocked, id=18752, stack(0x00007f96e431b000,0x00007f96e441c000)]
  0x00007f96e015f800 JavaThread "Finalizer" daemon [_thread_blocked, id=18753, stack(0x00007f96e421a000,0x00007f96e431b000)]
  0x00007f96e0166000 JavaThread "Signal Dispatcher" daemon [_thread_blocked, id=18755, stack(0x00007f96e4119000,0x00007f96e421a000)]
  0x00007f96e0168000 JavaThread "C2 CompilerThread0" daemon [_thread_blocked, id=18756, stack(0x00007f96e4018000,0x00007f96e4119000)]
  0x00007f96e016a000 JavaThread "C1 CompilerThread0" daemon [_thread_blocked, id=18762, stack(0x00007f96c4527000,0x00007f96c4628000)]
  0x00007f96e016c000 JavaThread "Sweeper thread" daemon [_thread_blocked, id=18764, stack(0x00007f96c4426000,0x00007f96c4527000)]
  0x00007f96e017a000 JavaThread "Common-Cleaner" daemon [_thread_blocked, id=18768, stack(0x00007f96c4325000,0x00007f96c4426000)]
  0x00007f96e0262000 JavaThread "Monitor Ctrl-Break" daemon [_thread_in_native, id=18771, stack(0x00007f96b4104000,0x00007f96b4205000)]
  0x00007f96e0263000 JavaThread "Service Thread" daemon [_thread_blocked, id=18772, stack(0x00007f96b4003000,0x00007f96b4104000)]
  0x00007f9698001000 JavaThread "Attach Listener" daemon [_thread_blocked, id=18777, stack(0x00007f96c4224000,0x00007f96c4325000)]

Other Threads:
  0x00007f96e015a800 VMThread "VM Thread" [stack: 0x00007f96e441e000,0x00007f96e451e000] [id=18751]
  0x00007f96e025e000 WatcherThread [stack: 0x00007f9687cfd000,0x00007f9687dfd000] [id=18773]
  0x00007f96e0063000 GCTaskThread "GC Thread#0" [stack: 0x00007f96e4dad000,0x00007f96e4ead000] [id=18746]
  0x00007f96ac001000 GCTaskThread "GC Thread#1" [stack: 0x00007f967802f000,0x00007f967812f000] [id=18787]
  0x00007f96ac002800 GCTaskThread "GC Thread#2" [stack: 0x00007f965e1a5000,0x00007f965e2a5000] [id=18788]
  0x00007f96e0070800 ConcurrentGCThread "G1 Main Marker" [stack: 0x00007f96e4cab000,0x00007f96e4dab000] [id=18747]
  0x00007f96e0072800 ConcurrentGCThread "G1 Conc#0" [stack: 0x00007f96e4ba9000,0x00007f96e4ca9000] [id=18748]
  0x00007f96e00ea000 ConcurrentGCThread "G1 Refine#0" [stack: 0x00007f96e46a3000,0x00007f96e47a3000] [id=18749]
  0x00007f96e00eb800 ConcurrentGCThread "G1 Young RemSet Sampling" [stack: 0x00007f96e45a1000,0x00007f96e46a1000] [id=18750]

Threads with active compile tasks:

VM state:not at safepoint (normal execution)

VM Mutex/Monitor currently owned by a thread: None

Heap address: 0x0000000085600000, size: 1962 MB, Compressed Oops mode: 32-bit
Narrow klass base: 0x0000000800000000, Narrow klass shift: 3
Compressed class space size: 1073741824 Address: 0x0000000801129000

Heap:
 garbage-first heap   total 129024K, used 21590K [0x0000000085600000, 0x0000000100000000)
  region size 1024K, 21 young (21504K), 2 survivors (2048K)
 Metaspace       used 11146K, capacity 13596K, committed 13952K, reserved 1062912K
  class space    used 1077K, capacity 1399K, committed 1408K, reserved 1048576K
Heap Regions: E=young(eden), S=young(survivor), O=old, HS=humongous(starts), HC=humongous(continues), CS=collection set, F=free, A=archive, TAMS=top-at-mark-start (previous, next)
|   0|0x0000000085600000, 0x000000008565c800, 0x0000000085700000| 36%| O|  |TAMS 0x0000000085600000, 0x0000000085600000| Untracked 
|   1|0x0000000085700000, 0x0000000085700000, 0x0000000085800000|  0%| F|  |TAMS 0x0000000085700000, 0x0000000085700000| Untracked 
|   2|0x0000000085800000, 0x0000000085800000, 0x0000000085900000|  0%| F|  |TAMS 0x0000000085800000, 0x0000000085800000| Untracked 
|   3|0x0000000085900000, 0x0000000085900000, 0x0000000085a00000|  0%| F|  |TAMS 0x0000000085900000, 0x0000000085900000| Untracked 
|   4|0x0000000085a00000, 0x0000000085a00000, 0x0000000085b00000|  0%| F|  |TAMS 0x0000000085a00000, 0x0000000085a00000| Untracked 
|   5|0x0000000085b00000, 0x0000000085b00000, 0x0000000085c00000|  0%| F|  |TAMS 0x0000000085b00000, 0x0000000085b00000| Untracked 
|   6|0x0000000085c00000, 0x0000000085c00000, 0x0000000085d00000|  0%| F|  |TAMS 0x0000000085c00000, 0x0000000085c00000| Untracked 
|   7|0x0000000085d00000, 0x0000000085d00000, 0x0000000085e00000|  0%| F|  |TAMS 0x0000000085d00000, 0x0000000085d00000| Untracked 
|   8|0x0000000085e00000, 0x0000000085e00000, 0x0000000085f00000|  0%| F|  |TAMS 0x0000000085e00000, 0x0000000085e00000| Untracked 
|   9|0x0000000085f00000, 0x0000000085f00000, 0x0000000086000000|  0%| F|  |TAMS 0x0000000085f00000, 0x0000000085f00000| Untracked 
|  10|0x0000000086000000, 0x0000000086000000, 0x0000000086100000|  0%| F|  |TAMS 0x0000000086000000, 0x0000000086000000| Untracked 
|  11|0x0000000086100000, 0x0000000086100000, 0x0000000086200000|  0%| F|  |TAMS 0x0000000086100000, 0x0000000086100000| Untracked 
|  12|0x0000000086200000, 0x0000000086200000, 0x0000000086300000|  0%| F|  |TAMS 0x0000000086200000, 0x0000000086200000| Untracked 
|  13|0x0000000086300000, 0x0000000086300000, 0x0000000086400000|  0%| F|  |TAMS 0x0000000086300000, 0x0000000086300000| Untracked 
|  14|0x0000000086400000, 0x0000000086400000, 0x0000000086500000|  0%| F|  |TAMS 0x0000000086400000, 0x0000000086400000| Untracked 
|  15|0x0000000086500000, 0x0000000086500000, 0x0000000086600000|  0%| F|  |TAMS 0x0000000086500000, 0x0000000086500000| Untracked 
|  16|0x0000000086600000, 0x0000000086600000, 0x0000000086700000|  0%| F|  |TAMS 0x0000000086600000, 0x0000000086600000| Untracked 
|  17|0x0000000086700000, 0x0000000086700000, 0x0000000086800000|  0%| F|  |TAMS 0x0000000086700000, 0x0000000086700000| Untracked 
|  18|0x0000000086800000, 0x0000000086800000, 0x0000000086900000|  0%| F|  |TAMS 0x0000000086800000, 0x0000000086800000| Untracked 
|  19|0x0000000086900000, 0x0000000086900000, 0x0000000086a00000|  0%| F|  |TAMS 0x0000000086900000, 0x0000000086900000| Untracked 
|  20|0x0000000086a00000, 0x0000000086a00000, 0x0000000086b00000|  0%| F|  |TAMS 0x0000000086a00000, 0x0000000086a00000| Untracked 
|  21|0x0000000086b00000, 0x0000000086b00000, 0x0000000086c00000|  0%| F|  |TAMS 0x0000000086b00000, 0x0000000086b00000| Untracked 
|  22|0x0000000086c00000, 0x0000000086c00000, 0x0000000086d00000|  0%| F|  |TAMS 0x0000000086c00000, 0x0000000086c00000| Untracked 
|  23|0x0000000086d00000, 0x0000000086d00000, 0x0000000086e00000|  0%| F|  |TAMS 0x0000000086d00000, 0x0000000086d00000| Untracked 
|  24|0x0000000086e00000, 0x0000000086e00000, 0x0000000086f00000|  0%| F|  |TAMS 0x0000000086e00000, 0x0000000086e00000| Untracked 
|  25|0x0000000086f00000, 0x0000000086f00000, 0x0000000087000000|  0%| F|  |TAMS 0x0000000086f00000, 0x0000000086f00000| Untracked 
|  26|0x0000000087000000, 0x0000000087000000, 0x0000000087100000|  0%| F|  |TAMS 0x0000000087000000, 0x0000000087000000| Untracked 
|  27|0x0000000087100000, 0x0000000087100000, 0x0000000087200000|  0%| F|  |TAMS 0x0000000087100000, 0x0000000087100000| Untracked 
|  28|0x0000000087200000, 0x0000000087200000, 0x0000000087300000|  0%| F|  |TAMS 0x0000000087200000, 0x0000000087200000| Untracked 
|  29|0x0000000087300000, 0x0000000087300000, 0x0000000087400000|  0%| F|  |TAMS 0x0000000087300000, 0x0000000087300000| Untracked 
|  30|0x0000000087400000, 0x0000000087400000, 0x0000000087500000|  0%| F|  |TAMS 0x0000000087400000, 0x0000000087400000| Untracked 
|  31|0x0000000087500000, 0x0000000087500000, 0x0000000087600000|  0%| F|  |TAMS 0x0000000087500000, 0x0000000087500000| Untracked 
|  32|0x0000000087600000, 0x0000000087600000, 0x0000000087700000|  0%| F|  |TAMS 0x0000000087600000, 0x0000000087600000| Untracked 
|  33|0x0000000087700000, 0x0000000087700000, 0x0000000087800000|  0%| F|  |TAMS 0x0000000087700000, 0x0000000087700000| Untracked 
|  34|0x0000000087800000, 0x0000000087800000, 0x0000000087900000|  0%| F|  |TAMS 0x0000000087800000, 0x0000000087800000| Untracked 
|  35|0x0000000087900000, 0x0000000087900000, 0x0000000087a00000|  0%| F|  |TAMS 0x0000000087900000, 0x0000000087900000| Untracked 
|  36|0x0000000087a00000, 0x0000000087a00000, 0x0000000087b00000|  0%| F|  |TAMS 0x0000000087a00000, 0x0000000087a00000| Untracked 
|  37|0x0000000087b00000, 0x0000000087b00000, 0x0000000087c00000|  0%| F|  |TAMS 0x0000000087b00000, 0x0000000087b00000| Untracked 
|  38|0x0000000087c00000, 0x0000000087c00000, 0x0000000087d00000|  0%| F|  |TAMS 0x0000000087c00000, 0x0000000087c00000| Untracked 
|  39|0x0000000087d00000, 0x0000000087d00000, 0x0000000087e00000|  0%| F|  |TAMS 0x0000000087d00000, 0x0000000087d00000| Untracked 
|  40|0x0000000087e00000, 0x0000000087e00000, 0x0000000087f00000|  0%| F|  |TAMS 0x0000000087e00000, 0x0000000087e00000| Untracked 
|  41|0x0000000087f00000, 0x0000000087f00000, 0x0000000088000000|  0%| F|  |TAMS 0x0000000087f00000, 0x0000000087f00000| Untracked 
|  42|0x0000000088000000, 0x0000000088000000, 0x0000000088100000|  0%| F|  |TAMS 0x0000000088000000, 0x0000000088000000| Untracked 
|  43|0x0000000088100000, 0x0000000088100000, 0x0000000088200000|  0%| F|  |TAMS 0x0000000088100000, 0x0000000088100000| Untracked 
|  44|0x0000000088200000, 0x0000000088200000, 0x0000000088300000|  0%| F|  |TAMS 0x0000000088200000, 0x0000000088200000| Untracked 
|  45|0x0000000088300000, 0x0000000088300000, 0x0000000088400000|  0%| F|  |TAMS 0x0000000088300000, 0x0000000088300000| Untracked 
|  46|0x0000000088400000, 0x0000000088400000, 0x0000000088500000|  0%| F|  |TAMS 0x0000000088400000, 0x0000000088400000| Untracked 
|  47|0x0000000088500000, 0x0000000088500000, 0x0000000088600000|  0%| F|  |TAMS 0x0000000088500000, 0x0000000088500000| Untracked 
|  48|0x0000000088600000, 0x0000000088600000, 0x0000000088700000|  0%| F|  |TAMS 0x0000000088600000, 0x0000000088600000| Untracked 
|  49|0x0000000088700000, 0x0000000088700000, 0x0000000088800000|  0%| F|  |TAMS 0x0000000088700000, 0x0000000088700000| Untracked 
|  50|0x0000000088800000, 0x0000000088800000, 0x0000000088900000|  0%| F|  |TAMS 0x0000000088800000, 0x0000000088800000| Untracked 
|  51|0x0000000088900000, 0x0000000088900000, 0x0000000088a00000|  0%| F|  |TAMS 0x0000000088900000, 0x0000000088900000| Untracked 
|  52|0x0000000088a00000, 0x0000000088a00000, 0x0000000088b00000|  0%| F|  |TAMS 0x0000000088a00000, 0x0000000088a00000| Untracked 
|  53|0x0000000088b00000, 0x0000000088b00000, 0x0000000088c00000|  0%| F|  |TAMS 0x0000000088b00000, 0x0000000088b00000| Untracked 
|  54|0x0000000088c00000, 0x0000000088c00000, 0x0000000088d00000|  0%| F|  |TAMS 0x0000000088c00000, 0x0000000088c00000| Untracked 
|  55|0x0000000088d00000, 0x0000000088d00000, 0x0000000088e00000|  0%| F|  |TAMS 0x0000000088d00000, 0x0000000088d00000| Untracked 
|  56|0x0000000088e00000, 0x0000000088e00000, 0x0000000088f00000|  0%| F|  |TAMS 0x0000000088e00000, 0x0000000088e00000| Untracked 
|  57|0x0000000088f00000, 0x0000000088f00000, 0x0000000089000000|  0%| F|  |TAMS 0x0000000088f00000, 0x0000000088f00000| Untracked 
|  58|0x0000000089000000, 0x0000000089000000, 0x0000000089100000|  0%| F|  |TAMS 0x0000000089000000, 0x0000000089000000| Untracked 
|  59|0x0000000089100000, 0x0000000089100000, 0x0000000089200000|  0%| F|  |TAMS 0x0000000089100000, 0x0000000089100000| Untracked 
|  60|0x0000000089200000, 0x0000000089200000, 0x0000000089300000|  0%| F|  |TAMS 0x0000000089200000, 0x0000000089200000| Untracked 
|  61|0x0000000089300000, 0x0000000089300000, 0x0000000089400000|  0%| F|  |TAMS 0x0000000089300000, 0x0000000089300000| Untracked 
|  62|0x0000000089400000, 0x0000000089400000, 0x0000000089500000|  0%| F|  |TAMS 0x0000000089400000, 0x0000000089400000| Untracked 
|  63|0x0000000089500000, 0x0000000089500000, 0x0000000089600000|  0%| F|  |TAMS 0x0000000089500000, 0x0000000089500000| Untracked 
|  64|0x0000000089600000, 0x0000000089600000, 0x0000000089700000|  0%| F|  |TAMS 0x0000000089600000, 0x0000000089600000| Untracked 
|  65|0x0000000089700000, 0x0000000089700000, 0x0000000089800000|  0%| F|  |TAMS 0x0000000089700000, 0x0000000089700000| Untracked 
|  66|0x0000000089800000, 0x0000000089800000, 0x0000000089900000|  0%| F|  |TAMS 0x0000000089800000, 0x0000000089800000| Untracked 
|  67|0x0000000089900000, 0x0000000089900000, 0x0000000089a00000|  0%| F|  |TAMS 0x0000000089900000, 0x0000000089900000| Untracked 
|  68|0x0000000089a00000, 0x0000000089a00000, 0x0000000089b00000|  0%| F|  |TAMS 0x0000000089a00000, 0x0000000089a00000| Untracked 
|  69|0x0000000089b00000, 0x0000000089b00000, 0x0000000089c00000|  0%| F|  |TAMS 0x0000000089b00000, 0x0000000089b00000| Untracked 
|  70|0x0000000089c00000, 0x0000000089c00000, 0x0000000089d00000|  0%| F|  |TAMS 0x0000000089c00000, 0x0000000089c00000| Untracked 
|  71|0x0000000089d00000, 0x0000000089d00000, 0x0000000089e00000|  0%| F|  |TAMS 0x0000000089d00000, 0x0000000089d00000| Untracked 
|  72|0x0000000089e00000, 0x0000000089e00000, 0x0000000089f00000|  0%| F|  |TAMS 0x0000000089e00000, 0x0000000089e00000| Untracked 
|  73|0x0000000089f00000, 0x0000000089f00000, 0x000000008a000000|  0%| F|  |TAMS 0x0000000089f00000, 0x0000000089f00000| Untracked 
|  74|0x000000008a000000, 0x000000008a000000, 0x000000008a100000|  0%| F|  |TAMS 0x000000008a000000, 0x000000008a000000| Untracked 
|  75|0x000000008a100000, 0x000000008a100000, 0x000000008a200000|  0%| F|  |TAMS 0x000000008a100000, 0x000000008a100000| Untracked 
|  76|0x000000008a200000, 0x000000008a200000, 0x000000008a300000|  0%| F|  |TAMS 0x000000008a200000, 0x000000008a200000| Untracked 
|  77|0x000000008a300000, 0x000000008a300000, 0x000000008a400000|  0%| F|  |TAMS 0x000000008a300000, 0x000000008a300000| Untracked 
|  78|0x000000008a400000, 0x000000008a400000, 0x000000008a500000|  0%| F|  |TAMS 0x000000008a400000, 0x000000008a400000| Untracked 
|  79|0x000000008a500000, 0x000000008a500000, 0x000000008a600000|  0%| F|  |TAMS 0x000000008a500000, 0x000000008a500000| Untracked 
|  80|0x000000008a600000, 0x000000008a600000, 0x000000008a700000|  0%| F|  |TAMS 0x000000008a600000, 0x000000008a600000| Untracked 
|  81|0x000000008a700000, 0x000000008a700000, 0x000000008a800000|  0%| F|  |TAMS 0x000000008a700000, 0x000000008a700000| Untracked 
|  82|0x000000008a800000, 0x000000008a800000, 0x000000008a900000|  0%| F|  |TAMS 0x000000008a800000, 0x000000008a800000| Untracked 
|  83|0x000000008a900000, 0x000000008a900000, 0x000000008aa00000|  0%| F|  |TAMS 0x000000008a900000, 0x000000008a900000| Untracked 
|  84|0x000000008aa00000, 0x000000008aa00000, 0x000000008ab00000|  0%| F|  |TAMS 0x000000008aa00000, 0x000000008aa00000| Untracked 
|  85|0x000000008ab00000, 0x000000008ab00000, 0x000000008ac00000|  0%| F|  |TAMS 0x000000008ab00000, 0x000000008ab00000| Untracked 
|  86|0x000000008ac00000, 0x000000008ac00000, 0x000000008ad00000|  0%| F|  |TAMS 0x000000008ac00000, 0x000000008ac00000| Untracked 
|  87|0x000000008ad00000, 0x000000008ad00000, 0x000000008ae00000|  0%| F|  |TAMS 0x000000008ad00000, 0x000000008ad00000| Untracked 
|  88|0x000000008ae00000, 0x000000008ae00000, 0x000000008af00000|  0%| F|  |TAMS 0x000000008ae00000, 0x000000008ae00000| Untracked 
|  89|0x000000008af00000, 0x000000008af00000, 0x000000008b000000|  0%| F|  |TAMS 0x000000008af00000, 0x000000008af00000| Untracked 
|  90|0x000000008b000000, 0x000000008b000000, 0x000000008b100000|  0%| F|  |TAMS 0x000000008b000000, 0x000000008b000000| Untracked 
|  91|0x000000008b100000, 0x000000008b100000, 0x000000008b200000|  0%| F|  |TAMS 0x000000008b100000, 0x000000008b100000| Untracked 
|  92|0x000000008b200000, 0x000000008b200000, 0x000000008b300000|  0%| F|  |TAMS 0x000000008b200000, 0x000000008b200000| Untracked 
|  93|0x000000008b300000, 0x000000008b300000, 0x000000008b400000|  0%| F|  |TAMS 0x000000008b300000, 0x000000008b300000| Untracked 
|  94|0x000000008b400000, 0x000000008b400000, 0x000000008b500000|  0%| F|  |TAMS 0x000000008b400000, 0x000000008b400000| Untracked 
|  95|0x000000008b500000, 0x000000008b500000, 0x000000008b600000|  0%| F|  |TAMS 0x000000008b500000, 0x000000008b500000| Untracked 
|  96|0x000000008b600000, 0x000000008b600000, 0x000000008b700000|  0%| F|  |TAMS 0x000000008b600000, 0x000000008b600000| Untracked 
|  97|0x000000008b700000, 0x000000008b700000, 0x000000008b800000|  0%| F|  |TAMS 0x000000008b700000, 0x000000008b700000| Untracked 
|  98|0x000000008b800000, 0x000000008b800000, 0x000000008b900000|  0%| F|  |TAMS 0x000000008b800000, 0x000000008b800000| Untracked 
|  99|0x000000008b900000, 0x000000008b900000, 0x000000008ba00000|  0%| F|  |TAMS 0x000000008b900000, 0x000000008b900000| Untracked 
| 100|0x000000008ba00000, 0x000000008ba00000, 0x000000008bb00000|  0%| F|  |TAMS 0x000000008ba00000, 0x000000008ba00000| Untracked 
| 101|0x000000008bb00000, 0x000000008bb00000, 0x000000008bc00000|  0%| F|  |TAMS 0x000000008bb00000, 0x000000008bb00000| Untracked 
| 102|0x000000008bc00000, 0x000000008bc00000, 0x000000008bd00000|  0%| F|  |TAMS 0x000000008bc00000, 0x000000008bc00000| Untracked 
| 103|0x000000008bd00000, 0x000000008be00000, 0x000000008be00000|100%| E|  |TAMS 0x000000008bd00000, 0x000000008bd00000| Complete 
| 104|0x000000008be00000, 0x000000008bf00000, 0x000000008bf00000|100%| E|CS|TAMS 0x000000008be00000, 0x000000008be00000| Complete 
| 105|0x000000008bf00000, 0x000000008c000000, 0x000000008c000000|100%| E|CS|TAMS 0x000000008bf00000, 0x000000008bf00000| Complete 
| 106|0x000000008c000000, 0x000000008c100000, 0x000000008c100000|100%| E|CS|TAMS 0x000000008c000000, 0x000000008c000000| Complete 
| 107|0x000000008c100000, 0x000000008c200000, 0x000000008c200000|100%| E|CS|TAMS 0x000000008c100000, 0x000000008c100000| Complete 
| 108|0x000000008c200000, 0x000000008c300000, 0x000000008c300000|100%| S|CS|TAMS 0x000000008c200000, 0x000000008c200000| Complete 
| 109|0x000000008c300000, 0x000000008c400000, 0x000000008c400000|100%| S|CS|TAMS 0x000000008c300000, 0x000000008c300000| Complete 
| 110|0x000000008c400000, 0x000000008c500000, 0x000000008c500000|100%| E|CS|TAMS 0x000000008c400000, 0x000000008c400000| Complete 
| 111|0x000000008c500000, 0x000000008c600000, 0x000000008c600000|100%| E|CS|TAMS 0x000000008c500000, 0x000000008c500000| Complete 
| 112|0x000000008c600000, 0x000000008c700000, 0x000000008c700000|100%| E|CS|TAMS 0x000000008c600000, 0x000000008c600000| Complete 
| 113|0x000000008c700000, 0x000000008c800000, 0x000000008c800000|100%| E|CS|TAMS 0x000000008c700000, 0x000000008c700000| Complete 
| 114|0x000000008c800000, 0x000000008c900000, 0x000000008c900000|100%| E|CS|TAMS 0x000000008c800000, 0x000000008c800000| Complete 
| 115|0x000000008c900000, 0x000000008ca00000, 0x000000008ca00000|100%| E|CS|TAMS 0x000000008c900000, 0x000000008c900000| Complete 
| 116|0x000000008ca00000, 0x000000008cb00000, 0x000000008cb00000|100%| E|CS|TAMS 0x000000008ca00000, 0x000000008ca00000| Complete 
| 117|0x000000008cb00000, 0x000000008cc00000, 0x000000008cc00000|100%| E|CS|TAMS 0x000000008cb00000, 0x000000008cb00000| Complete 
| 118|0x000000008cc00000, 0x000000008cd00000, 0x000000008cd00000|100%| E|CS|TAMS 0x000000008cc00000, 0x000000008cc00000| Complete 
| 119|0x000000008cd00000, 0x000000008ce00000, 0x000000008ce00000|100%| E|CS|TAMS 0x000000008cd00000, 0x000000008cd00000| Complete 
| 120|0x000000008ce00000, 0x000000008cf00000, 0x000000008cf00000|100%| E|CS|TAMS 0x000000008ce00000, 0x000000008ce00000| Complete 
| 121|0x000000008cf00000, 0x000000008d000000, 0x000000008d000000|100%| E|CS|TAMS 0x000000008cf00000, 0x000000008cf00000| Complete 
| 122|0x000000008d000000, 0x000000008d100000, 0x000000008d100000|100%| E|CS|TAMS 0x000000008d000000, 0x000000008d000000| Complete 
| 123|0x000000008d100000, 0x000000008d200000, 0x000000008d200000|100%| E|CS|TAMS 0x000000008d100000, 0x000000008d100000| Complete 
|1960|0x00000000ffe00000, 0x00000000ffe47000, 0x00000000fff00000| 27%|OA|  |TAMS 0x00000000ffe00000, 0x00000000ffe00000| Untracked 
|1961|0x00000000fff00000, 0x00000000fff72000, 0x0000000100000000| 44%|CA|  |TAMS 0x00000000fff00000, 0x00000000fff00000| Untracked 

Card table byte_map: [0x00007f96e5282000,0x00007f96e5657000] _byte_map_base: 0x00007f96e4e57000

Marking Bits (Prev, Next): (CMBitMap*) 0x00007f96e00640d8, (CMBitMap*) 0x00007f96e0064118
 Prev Bits: [0x00007f96c6cd0000, 0x00007f96c8b78000)
 Next Bits: [0x00007f96c4e28000, 0x00007f96c6cd0000)

Polling page: 0x00007f96e9b9e000

Metaspace:

Usage:
  Non-class:     11,91 MB capacity,     9,83 MB ( 83%) used,     2,06 MB ( 17%) free+waste,    21,81 KB ( <1%) overhead. 
      Class:      1,37 MB capacity,     1,05 MB ( 77%) used,   309,77 KB ( 22%) free+waste,    11,25 KB ( <1%) overhead. 
       Both:     13,28 MB capacity,    10,89 MB ( 82%) used,     2,36 MB ( 18%) free+waste,    33,06 KB ( <1%) overhead. 

Virtual space:
  Non-class space:       14,00 MB reserved,      12,25 MB ( 88%) committed 
      Class space:        1,00 GB reserved,       1,38 MB ( <1%) committed 
             Both:        1,01 GB reserved,      13,62 MB (  1%) committed 

Chunk freelists:
   Non-Class:  24,38 KB
       Class:  640 bytes
        Both:  25,00 KB

CodeHeap 'non-profiled nmethods': size=120032Kb used=326Kb max_used=326Kb free=119706Kb
 bounds [0x00007f96d0640000, 0x00007f96d08b0000, 0x00007f96d7b78000]
CodeHeap 'profiled nmethods': size=120032Kb used=1950Kb max_used=1950Kb free=118081Kb
 bounds [0x00007f96c9108000, 0x00007f96c9378000, 0x00007f96d0640000]
CodeHeap 'non-nmethods': size=5696Kb used=1475Kb max_used=1485Kb free=4220Kb
 bounds [0x00007f96c8b78000, 0x00007f96c8de8000, 0x00007f96c9108000]
 total_blobs=2278 nmethods=1066 adapters=910
 compilation: enabled
              stopped_count=0, restarted_count=0
 full_count=0

Compilation events (10 events):
Event: 3,870 Thread 0x00007f96e016a000 nmethod 1054 0x00007f96c92ebf90 code [0x00007f96c92ec140, 0x00007f96c92ec310]
Event: 3,870 Thread 0x00007f96e016a000 1057       3       scala.collection.immutable.Range$Exclusive::<init> (8 bytes)
Event: 3,870 Thread 0x00007f96e016a000 nmethod 1057 0x00007f96c92ec390 code [0x00007f96c92ec540, 0x00007f96c92ec6e8]
Event: 3,870 Thread 0x00007f96e016a000 1058       3       scala.collection.immutable.Range::<init> (215 bytes)
Event: 3,873 Thread 0x00007f96e016a000 nmethod 1058 0x00007f96c92ec790 code [0x00007f96c92eca40, 0x00007f96c92ee058]
Event: 3,873 Thread 0x00007f96e016a000 1061       3       Render.output.Grid::gridUnit (14 bytes)
Event: 3,874 Thread 0x00007f96e016a000 nmethod 1061 0x00007f96c92ee410 code [0x00007f96c92ee600, 0x00007f96c92eea10]
Event: 3,874 Thread 0x00007f96e016a000 1065       3       Util.util.Vector2::$plus (26 bytes)
Event: 3,874 Thread 0x00007f96e016a000 nmethod 1065 0x00007f96c92eec10 code [0x00007f96c92eede0, 0x00007f96c92ef170]
Event: 3,874 Thread 0x00007f96e016a000 1055       1       deprecate.Level::blankTile (5 bytes)

GC Heap History (2 events):
Event: 1,362 GC heap before
{Heap before GC invocations=0 (full 0):
 garbage-first heap   total 129024K, used 15076K [0x0000000085600000, 0x0000000100000000)
  region size 1024K, 14 young (14336K), 0 survivors (0K)
 Metaspace       used 4804K, capacity 7429K, committed 7680K, reserved 1056768K
  class space    used 426K, capacity 692K, committed 768K, reserved 1048576K
}
Event: 1,410 GC heap after
{Heap after GC invocations=1 (full 0):
 garbage-first heap   total 129024K, used 3158K [0x0000000085600000, 0x0000000100000000)
  region size 1024K, 2 young (2048K), 2 survivors (2048K)
 Metaspace       used 4804K, capacity 7429K, committed 7680K, reserved 1056768K
  class space    used 426K, capacity 692K, committed 768K, reserved 1048576K
}

Deoptimization events (7 events):
Event: 0,607 Thread 0x00007f96e0013800 Uncommon trap: reason=bimorphic_or_optimized_type_check action=maybe_recompile pc=0x00007f96d064bda4 method=java.util.AbstractCollection.isEmpty()Z @ 1 c2
Event: 0,607 Thread 0x00007f96e0013800 Uncommon trap: reason=bimorphic_or_optimized_type_check action=maybe_recompile pc=0x00007f96d064bda4 method=java.util.AbstractCollection.isEmpty()Z @ 1 c2
Event: 0,608 Thread 0x00007f96e0013800 Uncommon trap: reason=bimorphic_or_optimized_type_check action=maybe_recompile pc=0x00007f96d064bda4 method=java.util.AbstractCollection.isEmpty()Z @ 1 c2
Event: 0,709 Thread 0x00007f96e0013800 Uncommon trap: reason=class_check action=maybe_recompile pc=0x00007f96d06638f4 method=java.util.HashMap.getNode(ILjava/lang/Object;)Ljava/util/HashMap$Node; @ 126 c2
Event: 0,726 Thread 0x00007f96e0013800 Uncommon trap: reason=class_check action=maybe_recompile pc=0x00007f96d0663898 method=java.util.HashMap.getNode(ILjava/lang/Object;)Ljava/util/HashMap$Node; @ 59 c2
Event: 0,870 Thread 0x00007f96e0013800 Uncommon trap: reason=class_check action=maybe_recompile pc=0x00007f96d0663898 method=java.util.HashMap.getNode(ILjava/lang/Object;)Ljava/util/HashMap$Node; @ 59 c2
Event: 0,919 Thread 0x00007f96e0013800 Uncommon trap: reason=class_check action=maybe_recompile pc=0x00007f96d0663898 method=java.util.HashMap.getNode(ILjava/lang/Object;)Ljava/util/HashMap$Node; @ 59 c2

Classes redefined (0 events):
No events

Internal exceptions (10 events):
Event: 1,359 Thread 0x00007f96e0013800 Exception <a 'sun/nio/fs/UnixException'{0x000000008c4bb1d0}> (0x000000008c4bb1d0) thrown at [/scratch/opt/mach5/mesos/work_dir/slaves/2dd962d0-8988-479b-a804-57ab764ada59-S77524/frameworks/1735e8a2-a1db-478c-8104-60c8b0af87dd-0196/executors/1f998a92-396c-
Event: 2,338 Thread 0x00007f96e0013800 Exception <a 'java/lang/NoSuchMethodError'{0x000000008c1bde00}: java.lang.invoke.DirectMethodHandle$Holder.invokeStatic(Ljava/lang/Object;Ljava/lang/Object;I)V> (0x000000008c1bde00) thrown at [/scratch/opt/mach5/mesos/work_dir/slaves/2dd962d0-8988-479b-a8
Event: 2,338 Thread 0x00007f96e0013800 Exception <a 'java/lang/NoSuchMethodError'{0x000000008c1c0c88}: java.lang.invoke.DirectMethodHandle$Holder.invokeStaticInit(Ljava/lang/Object;Ljava/lang/Object;I)V> (0x000000008c1c0c88) thrown at [/scratch/opt/mach5/mesos/work_dir/slaves/2dd962d0-8988-479
Event: 2,341 Thread 0x00007f96e0013800 Exception <a 'java/lang/NoSuchMethodError'{0x000000008c1cbd78}: java.lang.invoke.DirectMethodHandle$Holder.invokeStaticInit(Ljava/lang/Object;Ljava/lang/Object;II)V> (0x000000008c1cbd78) thrown at [/scratch/opt/mach5/mesos/work_dir/slaves/2dd962d0-8988-47
Event: 2,342 Thread 0x00007f96e0013800 Exception <a 'java/lang/NoSuchMethodError'{0x000000008c1d1b50}: java.lang.invoke.Invokers$Holder.linkToTargetMethod(Ljava/lang/Object;ILjava/lang/Object;)Ljava/lang/Object;> (0x000000008c1d1b50) thrown at [/scratch/opt/mach5/mesos/work_dir/slaves/2dd962d0
Event: 2,563 Thread 0x00007f96e0013800 Exception <a 'java/lang/NoSuchMethodError'{0x000000008c044688}: java.lang.invoke.DirectMethodHandle$Holder.invokeStaticInit(Ljava/lang/Object;ILjava/lang/Object;ILjava/lang/Object;I)V> (0x000000008c044688) thrown at [/scratch/opt/mach5/mesos/work_dir/slav
Event: 2,568 Thread 0x00007f96e0013800 Exception <a 'java/lang/NoSuchMethodError'{0x000000008c0567b8}: java.lang.invoke.DirectMethodHandle$Holder.invokeStaticInit(Ljava/lang/Object;Ljava/lang/Object;IILjava/lang/Object;II)V> (0x000000008c0567b8) thrown at [/scratch/opt/mach5/mesos/work_dir/sla
Event: 3,664 Thread 0x00007f96e0013800 Exception <a 'java/lang/NoSuchMethodError'{0x000000008be829e8}: java.lang.invoke.DirectMethodHandle$Holder.invokeStatic(Ljava/lang/Object;JLjava/lang/Object;)Ljava/lang/Object;> (0x000000008be829e8) thrown at [/scratch/opt/mach5/mesos/work_dir/slaves/2dd9
Event: 3,788 Thread 0x00007f96e0013800 Exception <a 'java/lang/NoSuchMethodError'{0x000000008bd35e58}: java.lang.invoke.Invokers$Holder.linkToTargetMethod(Ljava/lang/Object;Ljava/lang/Object;Ljava/lang/Object;ILjava/lang/Object;Ljava/lang/Object;)Ljava/lang/Object;> (0x000000008bd35e58) thrown
Event: 3,860 Thread 0x00007f96e0013800 Exception <a 'java/lang/NoSuchMethodError'{0x000000008bd80aa8}: java.lang.invoke.DirectMethodHandle$Holder.invokeStatic(Ljava/lang/Object;F)F> (0x000000008bd80aa8) thrown at [/scratch/opt/mach5/mesos/work_dir/slaves/2dd962d0-8988-479b-a804-57ab764ada59-S7

Events (10 events):
Event: 3,852 loading class scala/math/package$
Event: 3,852 loading class scala/math/package$ done
Event: 3,853 loading class scala/Tuple3
Event: 3,853 loading class scala/Tuple3 done
Event: 3,854 loading class scala/Product3
Event: 3,854 loading class scala/Product3 done
Event: 3,861 loading class scala/runtime/java8/JFunction1$mcFF$sp
Event: 3,861 loading class scala/runtime/java8/JFunction1$mcFF$sp done
Event: 3,861 loading class scala/runtime/java8/JFunction1$mcFF$sp
Event: 3,861 loading class scala/runtime/java8/JFunction1$mcFF$sp done


Dynamic libraries:
00400000-00401000 r-xp 00000000 08:07 3541420                            /home/taiki/Stuff/jdk-12.0.1/bin/java
00600000-00601000 r--p 00000000 08:07 3541420                            /home/taiki/Stuff/jdk-12.0.1/bin/java
00601000-00602000 rw-p 00001000 08:07 3541420                            /home/taiki/Stuff/jdk-12.0.1/bin/java
014a8000-014c9000 rw-p 00000000 00:00 0                                  [heap]
40e76000-40e78000 r-xs 00000000 08:05 3547                               /tmp/.glql0Zq6 (deleted)
41968000-41a09000 rw-p 00000000 00:00 0 
85600000-8d200000 rw-p 00000000 00:00 0 
8d200000-ffe00000 ---p 00000000 00:00 0 
ffe00000-ffe47000 rw-p 0119c000 08:07 3670322                            /home/taiki/Stuff/jdk-12.0.1/lib/server/classes.jsa
ffe47000-fff00000 rw-p 00000000 00:00 0 
fff00000-fff72000 rw-p 0112a000 08:07 3670322                            /home/taiki/Stuff/jdk-12.0.1/lib/server/classes.jsa
fff72000-100000000 rw-p 00000000 00:00 0 
800000000-800003000 rwxp 00001000 08:07 3670322                          /home/taiki/Stuff/jdk-12.0.1/lib/server/classes.jsa
800003000-8003d9000 rw-p 00004000 08:07 3670322                          /home/taiki/Stuff/jdk-12.0.1/lib/server/classes.jsa
8003d9000-800ae3000 r--p 003da000 08:07 3670322                          /home/taiki/Stuff/jdk-12.0.1/lib/server/classes.jsa
800ae3000-800ae4000 rw-p 00ae4000 08:07 3670322                          /home/taiki/Stuff/jdk-12.0.1/lib/server/classes.jsa
800ae4000-801129000 r--p 00ae5000 08:07 3670322                          /home/taiki/Stuff/jdk-12.0.1/lib/server/classes.jsa
801129000-801289000 rw-p 00000000 00:00 0 
801289000-841129000 ---p 00000000 00:00 0 
7f964568a000-7f9648000000 rw-p 00000000 00:00 0 
7f9648000000-7f9648021000 rw-p 00000000 00:00 0 
7f9648021000-7f964c000000 ---p 00000000 00:00 0 
7f964c000000-7f964c021000 rw-p 00000000 00:00 0 
7f964c021000-7f9650000000 ---p 00000000 00:00 0 
7f9650000000-7f9650021000 rw-p 00000000 00:00 0 
7f9650021000-7f9654000000 ---p 00000000 00:00 0 
7f9654000000-7f9654021000 rw-p 00000000 00:00 0 
7f9654021000-7f9658000000 ---p 00000000 00:00 0 
7f9658000000-7f9658021000 rw-p 00000000 00:00 0 
7f9658021000-7f965c000000 ---p 00000000 00:00 0 
7f965ceb6000-7f965cef6000 rw-p 00000000 00:00 0 
7f965cef6000-7f965d0b6000 ---p 00000000 00:00 0 
7f965d0b6000-7f965d11a000 r-xp 00000000 08:05 3543                       /tmp/lwjgltaiki/3.2.2-build-10/liblwjgl_stb.so
7f965d11a000-7f965d319000 ---p 00064000 08:05 3543                       /tmp/lwjgltaiki/3.2.2-build-10/liblwjgl_stb.so
7f965d319000-7f965d31a000 r--p 00063000 08:05 3543                       /tmp/lwjgltaiki/3.2.2-build-10/liblwjgl_stb.so
7f965d31a000-7f965d31b000 rw-p 00064000 08:05 3543                       /tmp/lwjgltaiki/3.2.2-build-10/liblwjgl_stb.so
7f965d31b000-7f965d6ec000 rw-p 00000000 00:00 0 
7f965d6ec000-7f965d8ec000 rw-s 00000000 00:06 429                        /dev/nvidiactl
7f965d8ec000-7f965de22000 rw-p 00000000 00:00 0 
7f965de22000-7f965e022000 rw-p 00000000 00:00 0 
7f965e022000-7f965e026000 ---p 00000000 00:00 0 
7f965e026000-7f965e123000 rw-p 00000000 00:00 0 
7f965e123000-7f965e163000 rw-s 00000000 08:07 2362247                    /home/taiki/#2362247 (deleted)
7f965e163000-7f965e1a3000 r-xs 00000000 08:07 2362247                    /home/taiki/#2362247 (deleted)
7f965e1a3000-7f965e1a4000 ---p 00000000 00:00 0 
7f965e1a4000-7f965e2a5000 rw-p 00000000 00:00 0 
7f965e2a5000-7f965e2fc000 r-xp 00000000 08:05 3548                       /tmp/lwjgltaiki/3.2.2-build-10/liblwjgl_opengl.so
7f965e2fc000-7f965e4fb000 ---p 00057000 08:05 3548                       /tmp/lwjgltaiki/3.2.2-build-10/liblwjgl_opengl.so
7f965e4fb000-7f965e4fc000 r--p 00056000 08:05 3548                       /tmp/lwjgltaiki/3.2.2-build-10/liblwjgl_opengl.so
7f965e4fc000-7f965e4fd000 rw-p 00057000 08:05 3548                       /tmp/lwjgltaiki/3.2.2-build-10/liblwjgl_opengl.so
7f965e4fd000-7f965e4fe000 ---p 00000000 00:00 0 
7f965e4fe000-7f965e6fe000 rw-p 00000000 00:00 0 
7f965ef25000-7f965ef26000 ---p 00000000 00:00 0 
7f965ef26000-7f965f126000 rw-p 00000000 00:00 0 
7f966f126000-7f966f127000 ---p 00000000 00:00 0 
7f966f127000-7f966f927000 rw-p 00000000 00:00 0 
7f966f927000-7f966f93b000 r-xp 00000000 08:05 790355                     /lib/x86_64-linux-gnu/libgpg-error.so.0.22.0
7f966f93b000-7f966fb3a000 ---p 00014000 08:05 790355                     /lib/x86_64-linux-gnu/libgpg-error.so.0.22.0
7f966fb3a000-7f966fb3b000 r--p 00013000 08:05 790355                     /lib/x86_64-linux-gnu/libgpg-error.so.0.22.0
7f966fb3b000-7f966fb3c000 rw-p 00014000 08:05 790355                     /lib/x86_64-linux-gnu/libgpg-error.so.0.22.0
7f966fb3c000-7f966fb53000 r-xp 00000000 08:05 790452                     /lib/x86_64-linux-gnu/libresolv-2.27.so
7f966fb53000-7f966fd53000 ---p 00017000 08:05 790452                     /lib/x86_64-linux-gnu/libresolv-2.27.so
7f966fd53000-7f966fd54000 r--p 00017000 08:05 790452                     /lib/x86_64-linux-gnu/libresolv-2.27.so
7f966fd54000-7f966fd55000 rw-p 00018000 08:05 790452                     /lib/x86_64-linux-gnu/libresolv-2.27.so
7f966fd55000-7f966fd57000 rw-p 00000000 00:00 0 
7f966fd57000-7f966fde4000 r-xp 00000000 08:05 140910                     /usr/lib/x86_64-linux-gnu/libvorbisenc.so.2.0.11
7f966fde4000-7f966ffe3000 ---p 0008d000 08:05 140910                     /usr/lib/x86_64-linux-gnu/libvorbisenc.so.2.0.11
7f966ffe3000-7f966ffff000 r--p 0008c000 08:05 140910                     /usr/lib/x86_64-linux-gnu/libvorbisenc.so.2.0.11
7f966ffff000-7f9670000000 rw-p 000a8000 08:05 140910                     /usr/lib/x86_64-linux-gnu/libvorbisenc.so.2.0.11
7f9670000000-7f9670021000 rw-p 00000000 00:00 0 
7f9670021000-7f9674000000 ---p 00000000 00:00 0 
7f9674000000-7f9674021000 rw-p 00000000 00:00 0 
7f9674021000-7f9678000000 ---p 00000000 00:00 0 
7f967802d000-7f967802e000 ---p 00000000 00:00 0 
7f967802e000-7f967812f000 rw-p 00000000 00:00 0 
7f967812f000-7f9678159000 r-xp 00000000 08:05 140908                     /usr/lib/x86_64-linux-gnu/libvorbis.so.0.4.8
7f9678159000-7f9678358000 ---p 0002a000 08:05 140908                     /usr/lib/x86_64-linux-gnu/libvorbis.so.0.4.8
7f9678358000-7f9678359000 r--p 00029000 08:05 140908                     /usr/lib/x86_64-linux-gnu/libvorbis.so.0.4.8
7f9678359000-7f967835a000 rw-p 0002a000 08:05 140908                     /usr/lib/x86_64-linux-gnu/libvorbis.so.0.4.8
7f967835a000-7f9678361000 r-xp 00000000 08:05 140584                     /usr/lib/x86_64-linux-gnu/libogg.so.0.8.2
7f9678361000-7f9678561000 ---p 00007000 08:05 140584                     /usr/lib/x86_64-linux-gnu/libogg.so.0.8.2
7f9678561000-7f9678562000 r--p 00007000 08:05 140584                     /usr/lib/x86_64-linux-gnu/libogg.so.0.8.2
7f9678562000-7f9678563000 rw-p 00008000 08:05 140584                     /usr/lib/x86_64-linux-gnu/libogg.so.0.8.2
7f9678563000-7f96785d8000 r-xp 00000000 08:05 139639                     /usr/lib/x86_64-linux-gnu/libFLAC.so.8.3.0
7f96785d8000-7f96787d8000 ---p 00075000 08:05 139639                     /usr/lib/x86_64-linux-gnu/libFLAC.so.8.3.0
7f96787d8000-7f96787d9000 r--p 00075000 08:05 139639                     /usr/lib/x86_64-linux-gnu/libFLAC.so.8.3.0
7f96787d9000-7f96787da000 rw-p 00076000 08:05 139639                     /usr/lib/x86_64-linux-gnu/libFLAC.so.8.3.0
7f96787da000-7f96788ee000 r-xp 00000000 08:05 790353                     /lib/x86_64-linux-gnu/libgcrypt.so.20.2.1
7f96788ee000-7f9678aed000 ---p 00114000 08:05 790353                     /lib/x86_64-linux-gnu/libgcrypt.so.20.2.1
7f9678aed000-7f9678aef000 r--p 00113000 08:05 790353                     /lib/x86_64-linux-gnu/libgcrypt.so.20.2.1
7f9678aef000-7f9678af4000 rw-p 00115000 08:05 790353                     /lib/x86_64-linux-gnu/libgcrypt.so.20.2.1
7f9678af4000-7f9678af5000 rw-p 00000000 00:00 0 
7f9678af5000-7f9678b10000 r-xp 00000000 08:05 140469                     /usr/lib/x86_64-linux-gnu/liblz4.so.1.7.1
7f9678b10000-7f9678d0f000 ---p 0001b000 08:05 140469                     /usr/lib/x86_64-linux-gnu/liblz4.so.1.7.1
7f9678d0f000-7f9678d10000 r--p 0001a000 08:05 140469                     /usr/lib/x86_64-linux-gnu/liblz4.so.1.7.1
7f9678d10000-7f9678d11000 rw-p 0001b000 08:05 140469                     /usr/lib/x86_64-linux-gnu/liblz4.so.1.7.1
7f9678d11000-7f9678d35000 r-xp 00000000 08:05 790374                     /lib/x86_64-linux-gnu/liblzma.so.5.2.2
7f9678d35000-7f9678f35000 ---p 00024000 08:05 790374                     /lib/x86_64-linux-gnu/liblzma.so.5.2.2
7f9678f35000-7f9678f36000 r--p 00024000 08:05 790374                     /lib/x86_64-linux-gnu/liblzma.so.5.2.2
7f9678f36000-7f9678f37000 rw-p 00025000 08:05 790374                     /lib/x86_64-linux-gnu/liblzma.so.5.2.2
7f9678f37000-7f9678f3c000 r-xp 00000000 08:05 139812                     /usr/lib/x86_64-linux-gnu/libasyncns.so.0.3.1
7f9678f3c000-7f967913b000 ---p 00005000 08:05 139812                     /usr/lib/x86_64-linux-gnu/libasyncns.so.0.3.1
7f967913b000-7f967913c000 r--p 00004000 08:05 139812                     /usr/lib/x86_64-linux-gnu/libasyncns.so.0.3.1
7f967913c000-7f967913d000 rw-p 00005000 08:05 139812                     /usr/lib/x86_64-linux-gnu/libasyncns.so.0.3.1
7f967913d000-7f96791b1000 r-xp 00000000 08:05 140777                     /usr/lib/x86_64-linux-gnu/libsndfile.so.1.0.28
7f96791b1000-7f96793b0000 ---p 00074000 08:05 140777                     /usr/lib/x86_64-linux-gnu/libsndfile.so.1.0.28
7f96793b0000-7f96793b3000 r--p 00073000 08:05 140777                     /usr/lib/x86_64-linux-gnu/libsndfile.so.1.0.28
7f96793b3000-7f96793b4000 rw-p 00076000 08:05 140777                     /usr/lib/x86_64-linux-gnu/libsndfile.so.1.0.28
7f96793b4000-7f96793b6000 rw-p 00000000 00:00 0 
7f96793b6000-7f96793be000 r-xp 00000000 08:05 790483                     /lib/x86_64-linux-gnu/libwrap.so.0.7.6
7f96793be000-7f96795be000 ---p 00008000 08:05 790483                     /lib/x86_64-linux-gnu/libwrap.so.0.7.6
7f96795be000-7f96795bf000 r--p 00008000 08:05 790483                     /lib/x86_64-linux-gnu/libwrap.so.0.7.6
7f96795bf000-7f96795c0000 rw-p 00009000 08:05 790483                     /lib/x86_64-linux-gnu/libwrap.so.0.7.6
7f96795c0000-7f9679640000 r-xp 00000000 08:05 786554                     /lib/x86_64-linux-gnu/libsystemd.so.0.21.0
7f9679640000-7f967983f000 ---p 00080000 08:05 786554                     /lib/x86_64-linux-gnu/libsystemd.so.0.21.0
7f967983f000-7f9679842000 r--p 0007f000 08:05 786554                     /lib/x86_64-linux-gnu/libsystemd.so.0.21.0
7f9679842000-7f9679843000 rw-p 00082000 08:05 786554                     /lib/x86_64-linux-gnu/libsystemd.so.0.21.0
7f9679843000-7f9679844000 rw-p 00000000 00:00 0 
7f9679844000-7f967988f000 r-xp 00000000 08:05 790329                     /lib/x86_64-linux-gnu/libdbus-1.so.3.19.4
7f967988f000-7f9679a8f000 ---p 0004b000 08:05 790329                     /lib/x86_64-linux-gnu/libdbus-1.so.3.19.4
7f9679a8f000-7f9679a90000 r--p 0004b000 08:05 790329                     /lib/x86_64-linux-gnu/libdbus-1.so.3.19.4
7f9679a90000-7f9679a91000 rw-p 0004c000 08:05 790329                     /lib/x86_64-linux-gnu/libdbus-1.so.3.19.4
7f9679a91000-7f9679b0d000 r-xp 00000000 08:05 261749                     /usr/lib/x86_64-linux-gnu/pulseaudio/libpulsecommon-11.1.so
7f9679b0d000-7f9679d0c000 ---p 0007c000 08:05 261749                     /usr/lib/x86_64-linux-gnu/pulseaudio/libpulsecommon-11.1.so
7f9679d0c000-7f9679d0e000 r--p 0007b000 08:05 261749                     /usr/lib/x86_64-linux-gnu/pulseaudio/libpulsecommon-11.1.so
7f9679d0e000-7f9679d0f000 rw-p 0007d000 08:05 261749                     /usr/lib/x86_64-linux-gnu/pulseaudio/libpulsecommon-11.1.so
7f9679d0f000-7f9679d5d000 r-xp 00000000 08:05 136388                     /usr/lib/x86_64-linux-gnu/libpulse.so.0.20.2
7f9679d5d000-7f9679f5c000 ---p 0004e000 08:05 136388                     /usr/lib/x86_64-linux-gnu/libpulse.so.0.20.2
7f9679f5c000-7f9679f5e000 r--p 0004d000 08:05 136388                     /usr/lib/x86_64-linux-gnu/libpulse.so.0.20.2
7f9679f5e000-7f9679f5f000 rw-p 0004f000 08:05 136388                     /usr/lib/x86_64-linux-gnu/libpulse.so.0.20.2
7f9679f5f000-7f9679f60000 ---p 00000000 00:00 0 
7f9679f60000-7f9679fe0000 rw-p 00000000 00:00 0 
7f9679fe0000-7f9679ff7000 r-xp 00000000 08:05 801543                     /lib/x86_64-linux-gnu/libgcc_s.so.1
7f9679ff7000-7f967a1f6000 ---p 00017000 08:05 801543                     /lib/x86_64-linux-gnu/libgcc_s.so.1
7f967a1f6000-7f967a1f7000 r--p 00016000 08:05 801543                     /lib/x86_64-linux-gnu/libgcc_s.so.1
7f967a1f7000-7f967a1f8000 rw-p 00017000 08:05 801543                     /lib/x86_64-linux-gnu/libgcc_s.so.1
7f967a1f8000-7f967b617000 r-xp 00000000 08:05 158719                     /usr/lib/x86_64-linux-gnu/libnvidia-glcore.so.390.116
7f967b617000-7f967b638000 rwxp 0141f000 08:05 158719                     /usr/lib/x86_64-linux-gnu/libnvidia-glcore.so.390.116
7f967b638000-7f967ba74000 r-xp 01440000 08:05 158719                     /usr/lib/x86_64-linux-gnu/libnvidia-glcore.so.390.116
7f967ba74000-7f967bc73000 ---p 0187c000 08:05 158719                     /usr/lib/x86_64-linux-gnu/libnvidia-glcore.so.390.116
7f967bc73000-7f967bfe6000 rw-p 0187b000 08:05 158719                     /usr/lib/x86_64-linux-gnu/libnvidia-glcore.so.390.116
7f967bfe6000-7f967c000000 rw-p 00000000 00:00 0 
7f967c000000-7f967c021000 rw-p 00000000 00:00 0 
7f967c021000-7f9680000000 ---p 00000000 00:00 0 
7f9680000000-7f9680021000 rw-p 00000000 00:00 0 
7f9680021000-7f9684000000 ---p 00000000 00:00 0 
7f9684022000-7f968419b000 r-xp 00000000 08:05 131285                     /usr/lib/x86_64-linux-gnu/libstdc++.so.6.0.25
7f968419b000-7f968439b000 ---p 00179000 08:05 131285                     /usr/lib/x86_64-linux-gnu/libstdc++.so.6.0.25
7f968439b000-7f96843a5000 r--p 00179000 08:05 131285                     /usr/lib/x86_64-linux-gnu/libstdc++.so.6.0.25
7f96843a5000-7f96843a7000 rw-p 00183000 08:05 131285                     /usr/lib/x86_64-linux-gnu/libstdc++.so.6.0.25
7f96843a7000-7f96843ab000 rw-p 00000000 00:00 0 
7f96843ab000-7f96843ef000 r-xp 00000000 08:05 140411                     /usr/lib/x86_64-linux-gnu/libjack.so.0.1.0
7f96843ef000-7f96845ef000 ---p 00044000 08:05 140411                     /usr/lib/x86_64-linux-gnu/libjack.so.0.1.0
7f96845ef000-7f96845f1000 r--p 00044000 08:05 140411                     /usr/lib/x86_64-linux-gnu/libjack.so.0.1.0
7f96845f1000-7f96845f2000 rw-p 00046000 08:05 140411                     /usr/lib/x86_64-linux-gnu/libjack.so.0.1.0
7f968460c000-7f9684701000 r-xp 00000000 08:05 3542                       /tmp/lwjgltaiki/3.2.2-build-10/libopenal.so
7f9684701000-7f9684900000 ---p 000f5000 08:05 3542                       /tmp/lwjgltaiki/3.2.2-build-10/libopenal.so
7f9684900000-7f9684904000 r--p 000f4000 08:05 3542                       /tmp/lwjgltaiki/3.2.2-build-10/libopenal.so
7f9684904000-7f9684905000 rw-p 000f8000 08:05 3542                       /tmp/lwjgltaiki/3.2.2-build-10/libopenal.so
7f9684905000-7f968490a000 rw-p 00000000 00:00 0 
7f968490a000-7f968498a000 rw-s 00000000 00:06 429                        /dev/nvidiactl
7f968498a000-7f9684a0a000 rw-s 00000000 00:06 429                        /dev/nvidiactl
7f9684a0a000-7f9684a8a000 rw-s 00000000 00:06 429                        /dev/nvidiactl
7f9684a8a000-7f9684b8a000 rw-s 00000000 00:06 429                        /dev/nvidiactl
7f9684b8a000-7f9684baa000 rw-s 00000000 00:06 580                        /dev/nvidia0
7f9684baa000-7f9684bea000 rw-s 00000000 00:06 429                        /dev/nvidiactl
7f9684bea000-7f9684c0a000 rw-s 00000000 00:06 429                        /dev/nvidiactl
7f9684c0a000-7f9684c4a000 rw-s 00000000 00:06 429                        /dev/nvidiactl
7f9684c6a000-7f9684d6f000 rw-s 00000000 00:06 429                        /dev/nvidiactl
7f9684d6f000-7f9684d72000 r-xp 00000000 08:05 158726                     /usr/lib/x86_64-linux-gnu/tls/libnvidia-tls.so.390.116
7f9684d72000-7f9684f72000 ---p 00003000 08:05 158726                     /usr/lib/x86_64-linux-gnu/tls/libnvidia-tls.so.390.116
7f9684f72000-7f9684f73000 rw-p 00003000 08:05 158726                     /usr/lib/x86_64-linux-gnu/tls/libnvidia-tls.so.390.116
7f9684f73000-7f968503c000 r-xp 00000000 08:05 158716                     /usr/lib/x86_64-linux-gnu/libGLX_nvidia.so.390.116
7f968503c000-7f9685070000 rwxp 000c9000 08:05 158716                     /usr/lib/x86_64-linux-gnu/libGLX_nvidia.so.390.116
7f9685070000-7f9685084000 r-xp 000fd000 08:05 158716                     /usr/lib/x86_64-linux-gnu/libGLX_nvidia.so.390.116
7f9685084000-7f9685284000 ---p 00111000 08:05 158716                     /usr/lib/x86_64-linux-gnu/libGLX_nvidia.so.390.116
7f9685284000-7f96852a9000 rw-p 00111000 08:05 158716                     /usr/lib/x86_64-linux-gnu/libGLX_nvidia.so.390.116
7f96852a9000-7f96852b0000 rw-p 00000000 00:00 0 
7f96852b0000-7f96852f2000 r-xp 00000000 08:05 139642                     /usr/lib/x86_64-linux-gnu/libGLdispatch.so.0.0.0
7f96852f2000-7f968530b000 r-xp 00042000 08:05 139642                     /usr/lib/x86_64-linux-gnu/libGLdispatch.so.0.0.0
7f968530b000-7f968531e000 r-xp 0005b000 08:05 139642                     /usr/lib/x86_64-linux-gnu/libGLdispatch.so.0.0.0
7f968531e000-7f968551d000 ---p 0006e000 08:05 139642                     /usr/lib/x86_64-linux-gnu/libGLdispatch.so.0.0.0
7f968551d000-7f9685545000 r--p 0006d000 08:05 139642                     /usr/lib/x86_64-linux-gnu/libGLdispatch.so.0.0.0
7f9685545000-7f9685546000 rw-p 00095000 08:05 139642                     /usr/lib/x86_64-linux-gnu/libGLdispatch.so.0.0.0
7f9685546000-7f9685566000 rw-p 00000000 00:00 0 
7f9685566000-7f9685576000 r-xp 00000000 08:05 139640                     /usr/lib/x86_64-linux-gnu/libGLX.so.0.0.0
7f9685576000-7f9685775000 ---p 00010000 08:05 139640                     /usr/lib/x86_64-linux-gnu/libGLX.so.0.0.0
7f9685775000-7f9685776000 r--p 0000f000 08:05 139640                     /usr/lib/x86_64-linux-gnu/libGLX.so.0.0.0
7f9685776000-7f9685777000 rw-p 00010000 08:05 139640                     /usr/lib/x86_64-linux-gnu/libGLX.so.0.0.0
7f9685777000-7f9685797000 rw-p 00000000 00:00 0 
7f9685797000-7f96857db000 r-xp 00000000 08:05 139634                     /usr/lib/x86_64-linux-gnu/libGL.so.1.0.0
7f96857db000-7f96857f4000 r-xp 00044000 08:05 139634                     /usr/lib/x86_64-linux-gnu/libGL.so.1.0.0
7f96857f4000-7f9685808000 r-xp 0005d000 08:05 139634                     /usr/lib/x86_64-linux-gnu/libGL.so.1.0.0
7f9685808000-7f9685a07000 ---p 00071000 08:05 139634                     /usr/lib/x86_64-linux-gnu/libGL.so.1.0.0
7f9685a07000-7f9685a21000 r--p 00070000 08:05 139634                     /usr/lib/x86_64-linux-gnu/libGL.so.1.0.0
7f9685a21000-7f9685a22000 rw-p 0008a000 08:05 139634                     /usr/lib/x86_64-linux-gnu/libGL.so.1.0.0
7f9685a22000-7f9685a23000 rw-p 00000000 00:00 0 
7f9685a23000-7f9685a24000 r-xp 00000000 08:05 134162                     /usr/lib/x86_64-linux-gnu/libX11-xcb.so.1.0.0
7f9685a24000-7f9685c23000 ---p 00001000 08:05 134162                     /usr/lib/x86_64-linux-gnu/libX11-xcb.so.1.0.0
7f9685c23000-7f9685c24000 r--p 00000000 08:05 134162                     /usr/lib/x86_64-linux-gnu/libX11-xcb.so.1.0.0
7f9685c24000-7f9685c25000 rw-p 00001000 08:05 134162                     /usr/lib/x86_64-linux-gnu/libX11-xcb.so.1.0.0
7f9685c25000-7f9685c27000 r-xp 00000000 08:05 139740                     /usr/lib/x86_64-linux-gnu/libXinerama.so.1.0.0
7f9685c27000-7f9685e26000 ---p 00002000 08:05 139740                     /usr/lib/x86_64-linux-gnu/libXinerama.so.1.0.0
7f9685e26000-7f9685e27000 r--p 00001000 08:05 139740                     /usr/lib/x86_64-linux-gnu/libXinerama.so.1.0.0
7f9685e27000-7f9685e28000 rw-p 00002000 08:05 139740                     /usr/lib/x86_64-linux-gnu/libXinerama.so.1.0.0
7f9685e28000-7f9685e2d000 r-xp 00000000 08:05 139732                     /usr/lib/x86_64-linux-gnu/libXfixes.so.3.1.0
7f9685e2d000-7f968602c000 ---p 00005000 08:05 139732                     /usr/lib/x86_64-linux-gnu/libXfixes.so.3.1.0
7f968602c000-7f968602d000 r--p 00004000 08:05 139732                     /usr/lib/x86_64-linux-gnu/libXfixes.so.3.1.0
7f968602d000-7f968602e000 rw-p 00005000 08:05 139732                     /usr/lib/x86_64-linux-gnu/libXfixes.so.3.1.0
7f968602e000-7f9686037000 r-xp 00000000 08:05 139724                     /usr/lib/x86_64-linux-gnu/libXcursor.so.1.0.2
7f9686037000-7f9686236000 ---p 00009000 08:05 139724                     /usr/lib/x86_64-linux-gnu/libXcursor.so.1.0.2
7f9686236000-7f9686237000 r--p 00008000 08:05 139724                     /usr/lib/x86_64-linux-gnu/libXcursor.so.1.0.2
7f9686237000-7f9686238000 rw-p 00009000 08:05 139724                     /usr/lib/x86_64-linux-gnu/libXcursor.so.1.0.2
7f9686238000-7f9686241000 r-xp 00000000 08:05 139750                     /usr/lib/x86_64-linux-gnu/libXrender.so.1.3.0
7f9686241000-7f9686440000 ---p 00009000 08:05 139750                     /usr/lib/x86_64-linux-gnu/libXrender.so.1.3.0
7f9686440000-7f9686441000 r--p 00008000 08:05 139750                     /usr/lib/x86_64-linux-gnu/libXrender.so.1.3.0
7f9686441000-7f9686442000 rw-p 00009000 08:05 139750                     /usr/lib/x86_64-linux-gnu/libXrender.so.1.3.0
7f9686442000-7f968644c000 r-xp 00000000 08:05 139748                     /usr/lib/x86_64-linux-gnu/libXrandr.so.2.2.0
7f968644c000-7f968664b000 ---p 0000a000 08:05 139748                     /usr/lib/x86_64-linux-gnu/libXrandr.so.2.2.0
7f968664b000-7f968664c000 r--p 00009000 08:05 139748                     /usr/lib/x86_64-linux-gnu/libXrandr.so.2.2.0
7f968664c000-7f968664d000 rw-p 0000a000 08:05 139748                     /usr/lib/x86_64-linux-gnu/libXrandr.so.2.2.0
7f968664d000-7f968665c000 r-xp 00000000 08:05 139738                     /usr/lib/x86_64-linux-gnu/libXi.so.6.1.0
7f968665c000-7f968685b000 ---p 0000f000 08:05 139738                     /usr/lib/x86_64-linux-gnu/libXi.so.6.1.0
7f968685b000-7f968685c000 r--p 0000e000 08:05 139738                     /usr/lib/x86_64-linux-gnu/libXi.so.6.1.0
7f968685c000-7f968685d000 rw-p 0000f000 08:05 139738                     /usr/lib/x86_64-linux-gnu/libXi.so.6.1.0
7f968685d000-7f968686e000 r-xp 00000000 08:05 139730                     /usr/lib/x86_64-linux-gnu/libXext.so.6.4.0
7f968686e000-7f9686a6d000 ---p 00011000 08:05 139730                     /usr/lib/x86_64-linux-gnu/libXext.so.6.4.0
7f9686a6d000-7f9686a6e000 r--p 00010000 08:05 139730                     /usr/lib/x86_64-linux-gnu/libXext.so.6.4.0
7f9686a6e000-7f9686a6f000 rw-p 00011000 08:05 139730                     /usr/lib/x86_64-linux-gnu/libXext.so.6.4.0
7f9686a6f000-7f9686a74000 r-xp 00000000 08:05 139766                     /usr/lib/x86_64-linux-gnu/libXxf86vm.so.1.0.0
7f9686a74000-7f9686c73000 ---p 00005000 08:05 139766                     /usr/lib/x86_64-linux-gnu/libXxf86vm.so.1.0.0
7f9686c73000-7f9686c74000 r--p 00004000 08:05 139766                     /usr/lib/x86_64-linux-gnu/libXxf86vm.so.1.0.0
7f9686c74000-7f9686c75000 rw-p 00005000 08:05 139766                     /usr/lib/x86_64-linux-gnu/libXxf86vm.so.1.0.0
7f9686c75000-7f9686c88000 r-xp 00000000 08:05 790310                     /lib/x86_64-linux-gnu/libbsd.so.0.8.7
7f9686c88000-7f9686e87000 ---p 00013000 08:05 790310                     /lib/x86_64-linux-gnu/libbsd.so.0.8.7
7f9686e87000-7f9686e88000 r--p 00012000 08:05 790310                     /lib/x86_64-linux-gnu/libbsd.so.0.8.7
7f9686e88000-7f9686e89000 rw-p 00013000 08:05 790310                     /lib/x86_64-linux-gnu/libbsd.so.0.8.7
7f9686e89000-7f9686e8a000 rw-p 00000000 00:00 0 
7f9686e8a000-7f9686e8f000 r-xp 00000000 08:05 139728                     /usr/lib/x86_64-linux-gnu/libXdmcp.so.6.0.0
7f9686e8f000-7f968708e000 ---p 00005000 08:05 139728                     /usr/lib/x86_64-linux-gnu/libXdmcp.so.6.0.0
7f968708e000-7f968708f000 r--p 00004000 08:05 139728                     /usr/lib/x86_64-linux-gnu/libXdmcp.so.6.0.0
7f968708f000-7f9687090000 rw-p 00005000 08:05 139728                     /usr/lib/x86_64-linux-gnu/libXdmcp.so.6.0.0
7f9687090000-7f9687092000 r-xp 00000000 08:05 139717                     /usr/lib/x86_64-linux-gnu/libXau.so.6.0.0
7f9687092000-7f9687292000 ---p 00002000 08:05 139717                     /usr/lib/x86_64-linux-gnu/libXau.so.6.0.0
7f9687292000-7f9687293000 r--p 00002000 08:05 139717                     /usr/lib/x86_64-linux-gnu/libXau.so.6.0.0
7f9687293000-7f9687294000 rw-p 00003000 08:05 139717                     /usr/lib/x86_64-linux-gnu/libXau.so.6.0.0
7f9687294000-7f96872ba000 r-xp 00000000 08:05 134158                     /usr/lib/x86_64-linux-gnu/libxcb.so.1.1.0
7f96872ba000-7f96874ba000 ---p 00026000 08:05 134158                     /usr/lib/x86_64-linux-gnu/libxcb.so.1.1.0
7f96874ba000-7f96874bb000 r--p 00026000 08:05 134158                     /usr/lib/x86_64-linux-gnu/libxcb.so.1.1.0
7f96874bb000-7f96874bc000 rw-p 00027000 08:05 134158                     /usr/lib/x86_64-linux-gnu/libxcb.so.1.1.0
7f96874bc000-7f96875ef000 r-xp 00000000 08:05 134160                     /usr/lib/x86_64-linux-gnu/libX11.so.6.3.0
7f96875ef000-7f96877ef000 ---p 00133000 08:05 134160                     /usr/lib/x86_64-linux-gnu/libX11.so.6.3.0
7f96877ef000-7f96877f0000 r--p 00133000 08:05 134160                     /usr/lib/x86_64-linux-gnu/libX11.so.6.3.0
7f96877f0000-7f96877f4000 rw-p 00134000 08:05 134160                     /usr/lib/x86_64-linux-gnu/libX11.so.6.3.0
7f96877fb000-7f968780e000 rw-s 00000000 00:06 429                        /dev/nvidiactl
7f968780e000-7f9687851000 r-xp 00000000 08:05 3545                       /tmp/lwjgltaiki/3.2.2-build-10/libglfw.so
7f9687851000-7f9687a50000 ---p 00043000 08:05 3545                       /tmp/lwjgltaiki/3.2.2-build-10/libglfw.so
7f9687a50000-7f9687a51000 r--p 00042000 08:05 3545                       /tmp/lwjgltaiki/3.2.2-build-10/libglfw.so
7f9687a51000-7f9687a53000 rw-p 00043000 08:05 3545                       /tmp/lwjgltaiki/3.2.2-build-10/libglfw.so
7f9687a53000-7f9687a74000 rw-p 00000000 00:00 0 
7f9687a74000-7f9687af7000 r-xp 00000000 08:05 3541                       /tmp/lwjgltaiki/3.2.2-build-10/liblwjgl.so
7f9687af7000-7f9687cf7000 ---p 00083000 08:05 3541                       /tmp/lwjgltaiki/3.2.2-build-10/liblwjgl.so
7f9687cf7000-7f9687cf8000 r--p 00083000 08:05 3541                       /tmp/lwjgltaiki/3.2.2-build-10/liblwjgl.so
7f9687cf8000-7f9687cfa000 rw-p 00084000 08:05 3541                       /tmp/lwjgltaiki/3.2.2-build-10/liblwjgl.so
7f9687cfa000-7f9687cfb000 rw-p 00000000 00:00 0 
7f9687cfb000-7f9687cfc000 ---p 00000000 00:00 0 
7f9687cfc000-7f9687dfd000 rw-p 00000000 00:00 0 
7f9687dfd000-7f9687dff000 r-xp 00000000 08:07 3670281                    /home/taiki/Stuff/jdk-12.0.1/lib/libextnet.so
7f9687dff000-7f9687ffe000 ---p 00002000 08:07 3670281                    /home/taiki/Stuff/jdk-12.0.1/lib/libextnet.so
7f9687ffe000-7f9687fff000 r--p 00001000 08:07 3670281                    /home/taiki/Stuff/jdk-12.0.1/lib/libextnet.so
7f9687fff000-7f9688000000 rw-p 00002000 08:07 3670281                    /home/taiki/Stuff/jdk-12.0.1/lib/libextnet.so
7f9688000000-7f9688021000 rw-p 00000000 00:00 0 
7f9688021000-7f968c000000 ---p 00000000 00:00 0 
7f968c000000-7f968c1f3000 rw-p 00000000 00:00 0 
7f968c1f3000-7f9690000000 ---p 00000000 00:00 0 
7f9690000000-7f96902b6000 rw-p 00000000 00:00 0 
7f96902b6000-7f9694000000 ---p 00000000 00:00 0 
7f9694000000-7f9694021000 rw-p 00000000 00:00 0 
7f9694021000-7f9698000000 ---p 00000000 00:00 0 
7f9698000000-7f9698021000 rw-p 00000000 00:00 0 
7f9698021000-7f969c000000 ---p 00000000 00:00 0 
7f969c000000-7f969c276000 rw-p 00000000 00:00 0 
7f969c276000-7f96a0000000 ---p 00000000 00:00 0 
7f96a0000000-7f96a0021000 rw-p 00000000 00:00 0 
7f96a0021000-7f96a4000000 ---p 00000000 00:00 0 
7f96a4000000-7f96a4021000 rw-p 00000000 00:00 0 
7f96a4021000-7f96a8000000 ---p 00000000 00:00 0 
7f96a8000000-7f96a8021000 rw-p 00000000 00:00 0 
7f96a8021000-7f96ac000000 ---p 00000000 00:00 0 
7f96ac000000-7f96ac021000 rw-p 00000000 00:00 0 
7f96ac021000-7f96b0000000 ---p 00000000 00:00 0 
7f96b0000000-7f96b0021000 rw-p 00000000 00:00 0 
7f96b0021000-7f96b4000000 ---p 00000000 00:00 0 
7f96b4003000-7f96b4007000 ---p 00000000 00:00 0 
7f96b4007000-7f96b4104000 rw-p 00000000 00:00 0 
7f96b4104000-7f96b4108000 ---p 00000000 00:00 0 
7f96b4108000-7f96b4205000 rw-p 00000000 00:00 0 
7f96b4205000-7f96b421b000 r-xp 00000000 08:07 3670301                    /home/taiki/Stuff/jdk-12.0.1/lib/libnet.so
7f96b421b000-7f96b441b000 ---p 00016000 08:07 3670301                    /home/taiki/Stuff/jdk-12.0.1/lib/libnet.so
7f96b441b000-7f96b441c000 r--p 00016000 08:07 3670301                    /home/taiki/Stuff/jdk-12.0.1/lib/libnet.so
7f96b441c000-7f96b441d000 rw-p 00017000 08:07 3670301                    /home/taiki/Stuff/jdk-12.0.1/lib/libnet.so
7f96b441d000-7f96b6000000 r--p 00000000 08:05 136274                     /usr/lib/locale/locale-archive
7f96b6000000-7f96b8000000 rw-p 00000000 00:00 0 
7f96b8000000-7f96b8021000 rw-p 00000000 00:00 0 
7f96b8021000-7f96bc000000 ---p 00000000 00:00 0 
7f96bc000000-7f96bc021000 rw-p 00000000 00:00 0 
7f96bc021000-7f96c0000000 ---p 00000000 00:00 0 
7f96c0000000-7f96c0021000 rw-p 00000000 00:00 0 
7f96c0021000-7f96c4000000 ---p 00000000 00:00 0 
7f96c4012000-7f96c4023000 r-xp 00000000 08:07 3670302                    /home/taiki/Stuff/jdk-12.0.1/lib/libnio.so
7f96c4023000-7f96c4222000 ---p 00011000 08:07 3670302                    /home/taiki/Stuff/jdk-12.0.1/lib/libnio.so
7f96c4222000-7f96c4223000 r--p 00010000 08:07 3670302                    /home/taiki/Stuff/jdk-12.0.1/lib/libnio.so
7f96c4223000-7f96c4224000 rw-p 00011000 08:07 3670302                    /home/taiki/Stuff/jdk-12.0.1/lib/libnio.so
7f96c4224000-7f96c4228000 ---p 00000000 00:00 0 
7f96c4228000-7f96c4325000 rw-p 00000000 00:00 0 
7f96c4325000-7f96c4329000 ---p 00000000 00:00 0 
7f96c4329000-7f96c4426000 rw-p 00000000 00:00 0 
7f96c4426000-7f96c442a000 ---p 00000000 00:00 0 
7f96c442a000-7f96c4527000 rw-p 00000000 00:00 0 
7f96c4527000-7f96c452b000 ---p 00000000 00:00 0 
7f96c452b000-7f96c5018000 rw-p 00000000 00:00 0 
7f96c5018000-7f96c6cc8000 ---p 00000000 00:00 0 
7f96c6cc8000-7f96c6ec0000 rw-p 00000000 00:00 0 
7f96c6ec0000-7f96c8b70000 ---p 00000000 00:00 0 
7f96c8b70000-7f96c8b78000 rw-p 00000000 00:00 0 
7f96c8b78000-7f96c8de8000 rwxp 00000000 00:00 0 
7f96c8de8000-7f96c9108000 ---p 00000000 00:00 0 
7f96c9108000-7f96c9378000 rwxp 00000000 00:00 0 
7f96c9378000-7f96d0640000 ---p 00000000 00:00 0 
7f96d0640000-7f96d08b0000 rwxp 00000000 00:00 0 
7f96d08b0000-7f96d7b78000 ---p 00000000 00:00 0 
7f96d7b78000-7f96e0000000 r--s 00000000 08:07 3670312                    /home/taiki/Stuff/jdk-12.0.1/lib/modules
7f96e0000000-7f96e0b35000 rw-p 00000000 00:00 0 
7f96e0b35000-7f96e4000000 ---p 00000000 00:00 0 
7f96e4009000-7f96e400b000 r-xp 00000000 00:00 0 
7f96e400b000-7f96e400d000 rw-s 00000000 08:05 3547                       /tmp/.glql0Zq6 (deleted)
7f96e400d000-7f96e4011000 rw-s 00000000 00:06 429                        /dev/nvidiactl
7f96e4011000-7f96e4018000 r--s 00000000 08:05 262762                     /usr/lib/x86_64-linux-gnu/gconv/gconv-modules.cache
7f96e4018000-7f96e401c000 ---p 00000000 00:00 0 
7f96e401c000-7f96e4119000 rw-p 00000000 00:00 0 
7f96e4119000-7f96e411d000 ---p 00000000 00:00 0 
7f96e411d000-7f96e421a000 rw-p 00000000 00:00 0 
7f96e421a000-7f96e421e000 ---p 00000000 00:00 0 
7f96e421e000-7f96e431b000 rw-p 00000000 00:00 0 
7f96e431b000-7f96e431f000 ---p 00000000 00:00 0 
7f96e431f000-7f96e441c000 rw-p 00000000 00:00 0 
7f96e441c000-7f96e441d000 ---p 00000000 00:00 0 
7f96e441d000-7f96e459f000 rw-p 00000000 00:00 0 
7f96e459f000-7f96e45a0000 ---p 00000000 00:00 0 
7f96e45a0000-7f96e46a1000 rw-p 00000000 00:00 0 
7f96e46a1000-7f96e46a2000 ---p 00000000 00:00 0 
7f96e46a2000-7f96e4ba7000 rw-p 00000000 00:00 0 
7f96e4ba7000-7f96e4ba8000 ---p 00000000 00:00 0 
7f96e4ba8000-7f96e4ca9000 rw-p 00000000 00:00 0 
7f96e4ca9000-7f96e4caa000 ---p 00000000 00:00 0 
7f96e4caa000-7f96e4dab000 rw-p 00000000 00:00 0 
7f96e4dab000-7f96e4dac000 ---p 00000000 00:00 0 
7f96e4dac000-7f96e4eeb000 rw-p 00000000 00:00 0 
7f96e4eeb000-7f96e5281000 ---p 00000000 00:00 0 
7f96e5281000-7f96e52c0000 rw-p 00000000 00:00 0 
7f96e52c0000-7f96e5656000 ---p 00000000 00:00 0 
7f96e5656000-7f96e5695000 rw-p 00000000 00:00 0 
7f96e5695000-7f96e5a2b000 ---p 00000000 00:00 0 
7f96e5a2b000-7f96e5e35000 rw-p 00000000 00:00 0 
7f96e5e35000-7f96e5f1b000 ---p 00000000 00:00 0 
7f96e5f1b000-7f96e5f20000 rw-p 00000000 00:00 0 
7f96e5f20000-7f96e6006000 ---p 00000000 00:00 0 
7f96e6006000-7f96e6021000 r-xp 00000000 08:07 3670292                    /home/taiki/Stuff/jdk-12.0.1/lib/libjimage.so
7f96e6021000-7f96e6220000 ---p 0001b000 08:07 3670292                    /home/taiki/Stuff/jdk-12.0.1/lib/libjimage.so
7f96e6220000-7f96e6222000 r--p 0001a000 08:07 3670292                    /home/taiki/Stuff/jdk-12.0.1/lib/libjimage.so
7f96e6222000-7f96e6223000 rw-p 0001c000 08:07 3670292                    /home/taiki/Stuff/jdk-12.0.1/lib/libjimage.so
7f96e6223000-7f96e622a000 r-xp 00000000 08:07 3670311                    /home/taiki/Stuff/jdk-12.0.1/lib/libzip.so
7f96e622a000-7f96e6429000 ---p 00007000 08:07 3670311                    /home/taiki/Stuff/jdk-12.0.1/lib/libzip.so
7f96e6429000-7f96e642a000 r--p 00006000 08:07 3670311                    /home/taiki/Stuff/jdk-12.0.1/lib/libzip.so
7f96e642a000-7f96e642b000 rw-p 00007000 08:07 3670311                    /home/taiki/Stuff/jdk-12.0.1/lib/libzip.so
7f96e642b000-7f96e6436000 r-xp 00000000 08:05 790404                     /lib/x86_64-linux-gnu/libnss_files-2.27.so
7f96e6436000-7f96e6635000 ---p 0000b000 08:05 790404                     /lib/x86_64-linux-gnu/libnss_files-2.27.so
7f96e6635000-7f96e6636000 r--p 0000a000 08:05 790404                     /lib/x86_64-linux-gnu/libnss_files-2.27.so
7f96e6636000-7f96e6637000 rw-p 0000b000 08:05 790404                     /lib/x86_64-linux-gnu/libnss_files-2.27.so
7f96e6637000-7f96e663d000 rw-p 00000000 00:00 0 
7f96e663d000-7f96e6654000 r-xp 00000000 08:05 790398                     /lib/x86_64-linux-gnu/libnsl-2.27.so
7f96e6654000-7f96e6853000 ---p 00017000 08:05 790398                     /lib/x86_64-linux-gnu/libnsl-2.27.so
7f96e6853000-7f96e6854000 r--p 00016000 08:05 790398                     /lib/x86_64-linux-gnu/libnsl-2.27.so
7f96e6854000-7f96e6855000 rw-p 00017000 08:05 790398                     /lib/x86_64-linux-gnu/libnsl-2.27.so
7f96e6855000-7f96e6857000 rw-p 00000000 00:00 0 
7f96e6857000-7f96e6862000 r-xp 00000000 08:05 790414                     /lib/x86_64-linux-gnu/libnss_nis-2.27.so
7f96e6862000-7f96e6a61000 ---p 0000b000 08:05 790414                     /lib/x86_64-linux-gnu/libnss_nis-2.27.so
7f96e6a61000-7f96e6a62000 r--p 0000a000 08:05 790414                     /lib/x86_64-linux-gnu/libnss_nis-2.27.so
7f96e6a62000-7f96e6a63000 rw-p 0000b000 08:05 790414                     /lib/x86_64-linux-gnu/libnss_nis-2.27.so
7f96e6a63000-7f96e6a6b000 r-xp 00000000 08:05 790400                     /lib/x86_64-linux-gnu/libnss_compat-2.27.so
7f96e6a6b000-7f96e6c6b000 ---p 00008000 08:05 790400                     /lib/x86_64-linux-gnu/libnss_compat-2.27.so
7f96e6c6b000-7f96e6c6c000 r--p 00008000 08:05 790400                     /lib/x86_64-linux-gnu/libnss_compat-2.27.so
7f96e6c6c000-7f96e6c6d000 rw-p 00009000 08:05 790400                     /lib/x86_64-linux-gnu/libnss_compat-2.27.so
7f96e6c6d000-7f96e6c77000 r-xp 00000000 08:07 3670283                    /home/taiki/Stuff/jdk-12.0.1/lib/libinstrument.so
7f96e6c77000-7f96e6e76000 ---p 0000a000 08:07 3670283                    /home/taiki/Stuff/jdk-12.0.1/lib/libinstrument.so
7f96e6e76000-7f96e6e77000 r--p 00009000 08:07 3670283                    /home/taiki/Stuff/jdk-12.0.1/lib/libinstrument.so
7f96e6e77000-7f96e6e78000 rw-p 0000a000 08:07 3670283                    /home/taiki/Stuff/jdk-12.0.1/lib/libinstrument.so
7f96e6e78000-7f96e6ea0000 r-xp 00000000 08:07 3670288                    /home/taiki/Stuff/jdk-12.0.1/lib/libjava.so
7f96e6ea0000-7f96e709f000 ---p 00028000 08:07 3670288                    /home/taiki/Stuff/jdk-12.0.1/lib/libjava.so
7f96e709f000-7f96e70a0000 r--p 00027000 08:07 3670288                    /home/taiki/Stuff/jdk-12.0.1/lib/libjava.so
7f96e70a0000-7f96e70a2000 rw-p 00028000 08:07 3670288                    /home/taiki/Stuff/jdk-12.0.1/lib/libjava.so
7f96e70a2000-7f96e70af000 r-xp 00000000 08:07 3670310                    /home/taiki/Stuff/jdk-12.0.1/lib/libverify.so
7f96e70af000-7f96e72ae000 ---p 0000d000 08:07 3670310                    /home/taiki/Stuff/jdk-12.0.1/lib/libverify.so
7f96e72ae000-7f96e72b0000 r--p 0000c000 08:07 3670310                    /home/taiki/Stuff/jdk-12.0.1/lib/libverify.so
7f96e72b0000-7f96e72b1000 rw-p 0000e000 08:07 3670310                    /home/taiki/Stuff/jdk-12.0.1/lib/libverify.so
7f96e72b1000-7f96e72b8000 r-xp 00000000 08:05 790454                     /lib/x86_64-linux-gnu/librt-2.27.so
7f96e72b8000-7f96e74b7000 ---p 00007000 08:05 790454                     /lib/x86_64-linux-gnu/librt-2.27.so
7f96e74b7000-7f96e74b8000 r--p 00006000 08:05 790454                     /lib/x86_64-linux-gnu/librt-2.27.so
7f96e74b8000-7f96e74b9000 rw-p 00007000 08:05 790454                     /lib/x86_64-linux-gnu/librt-2.27.so
7f96e74b9000-7f96e7656000 r-xp 00000000 08:05 790377                     /lib/x86_64-linux-gnu/libm-2.27.so
7f96e7656000-7f96e7855000 ---p 0019d000 08:05 790377                     /lib/x86_64-linux-gnu/libm-2.27.so
7f96e7855000-7f96e7856000 r--p 0019c000 08:05 790377                     /lib/x86_64-linux-gnu/libm-2.27.so
7f96e7856000-7f96e7857000 rw-p 0019d000 08:05 790377                     /lib/x86_64-linux-gnu/libm-2.27.so
7f96e7857000-7f96e89bb000 r-xp 00000000 08:07 3670324                    /home/taiki/Stuff/jdk-12.0.1/lib/server/libjvm.so
7f96e89bb000-7f96e8bbb000 ---p 01164000 08:07 3670324                    /home/taiki/Stuff/jdk-12.0.1/lib/server/libjvm.so
7f96e8bbb000-7f96e8c7c000 r--p 01164000 08:07 3670324                    /home/taiki/Stuff/jdk-12.0.1/lib/server/libjvm.so
7f96e8c7c000-7f96e8cb5000 rw-p 01225000 08:07 3670324                    /home/taiki/Stuff/jdk-12.0.1/lib/server/libjvm.so
7f96e8cb5000-7f96e8d38000 rw-p 00000000 00:00 0 
7f96e8d38000-7f96e8f1f000 r-xp 00000000 08:05 790314                     /lib/x86_64-linux-gnu/libc-2.27.so
7f96e8f1f000-7f96e911f000 ---p 001e7000 08:05 790314                     /lib/x86_64-linux-gnu/libc-2.27.so
7f96e911f000-7f96e9123000 r--p 001e7000 08:05 790314                     /lib/x86_64-linux-gnu/libc-2.27.so
7f96e9123000-7f96e9125000 rw-p 001eb000 08:05 790314                     /lib/x86_64-linux-gnu/libc-2.27.so
7f96e9125000-7f96e9129000 rw-p 00000000 00:00 0 
7f96e9129000-7f96e912c000 r-xp 00000000 08:05 790337                     /lib/x86_64-linux-gnu/libdl-2.27.so
7f96e912c000-7f96e932b000 ---p 00003000 08:05 790337                     /lib/x86_64-linux-gnu/libdl-2.27.so
7f96e932b000-7f96e932c000 r--p 00002000 08:05 790337                     /lib/x86_64-linux-gnu/libdl-2.27.so
7f96e932c000-7f96e932d000 rw-p 00003000 08:05 790337                     /lib/x86_64-linux-gnu/libdl-2.27.so
7f96e932d000-7f96e9347000 r-xp 00000000 08:05 790446                     /lib/x86_64-linux-gnu/libpthread-2.27.so
7f96e9347000-7f96e9546000 ---p 0001a000 08:05 790446                     /lib/x86_64-linux-gnu/libpthread-2.27.so
7f96e9546000-7f96e9547000 r--p 00019000 08:05 790446                     /lib/x86_64-linux-gnu/libpthread-2.27.so
7f96e9547000-7f96e9548000 rw-p 0001a000 08:05 790446                     /lib/x86_64-linux-gnu/libpthread-2.27.so
7f96e9548000-7f96e954c000 rw-p 00000000 00:00 0 
7f96e954c000-7f96e955c000 r-xp 00000000 08:07 3670293                    /home/taiki/Stuff/jdk-12.0.1/lib/libjli.so
7f96e955c000-7f96e975b000 ---p 00010000 08:07 3670293                    /home/taiki/Stuff/jdk-12.0.1/lib/libjli.so
7f96e975b000-7f96e975c000 r--p 0000f000 08:07 3670293                    /home/taiki/Stuff/jdk-12.0.1/lib/libjli.so
7f96e975c000-7f96e975d000 rw-p 00010000 08:07 3670293                    /home/taiki/Stuff/jdk-12.0.1/lib/libjli.so
7f96e975d000-7f96e9779000 r-xp 00000000 08:05 790485                     /lib/x86_64-linux-gnu/libz.so.1.2.11
7f96e9779000-7f96e9978000 ---p 0001c000 08:05 790485                     /lib/x86_64-linux-gnu/libz.so.1.2.11
7f96e9978000-7f96e9979000 r--p 0001b000 08:05 790485                     /lib/x86_64-linux-gnu/libz.so.1.2.11
7f96e9979000-7f96e997a000 rw-p 0001c000 08:05 790485                     /lib/x86_64-linux-gnu/libz.so.1.2.11
7f96e997a000-7f96e99a1000 r-xp 00000000 08:05 790286                     /lib/x86_64-linux-gnu/ld-2.27.so
7f96e99a1000-7f96e99a2000 r-xp 00000000 00:00 0 
7f96e99a2000-7f96e99a3000 rw-s 00000000 00:06 429                        /dev/nvidiactl
7f96e99a3000-7f96e99a4000 rw-s 00000000 00:06 580                        /dev/nvidia0
7f96e99a4000-7f96e9a82000 rw-p 00000000 00:00 0 
7f96e9a82000-7f96e9a86000 ---p 00000000 00:00 0 
7f96e9a86000-7f96e9b87000 rw-p 00000000 00:00 0 
7f96e9b87000-7f96e9b88000 rw-s 00000000 00:06 580                        /dev/nvidia0
7f96e9b88000-7f96e9b89000 rw-s 00000000 00:06 429                        /dev/nvidiactl
7f96e9b89000-7f96e9b8a000 r-xp 00000000 00:00 0 
7f96e9b8a000-7f96e9b8f000 rw-p 00000000 00:00 0 
7f96e9b8f000-7f96e9b96000 ---p 00000000 00:00 0 
7f96e9b96000-7f96e9b9e000 rw-s 00000000 08:05 3538                       /tmp/hsperfdata_taiki/18739
7f96e9b9e000-7f96e9b9f000 ---p 00000000 00:00 0 
7f96e9b9f000-7f96e9ba0000 r--p 00000000 00:00 0 
7f96e9ba0000-7f96e9ba1000 ---p 00000000 00:00 0 
7f96e9ba1000-7f96e9ba2000 r--p 00027000 08:05 790286                     /lib/x86_64-linux-gnu/ld-2.27.so
7f96e9ba2000-7f96e9ba3000 rw-p 00028000 08:05 790286                     /lib/x86_64-linux-gnu/ld-2.27.so
7f96e9ba3000-7f96e9ba4000 rw-p 00000000 00:00 0 
7ffdd9c9e000-7ffdd9cc0000 rw-p 00000000 00:00 0                          [stack]
7ffdd9dc4000-7ffdd9dc7000 r--p 00000000 00:00 0                          [vvar]
7ffdd9dc7000-7ffdd9dc9000 r-xp 00000000 00:00 0                          [vdso]
ffffffffff600000-ffffffffff601000 r-xp 00000000 00:00 0                  [vsyscall]


VM Arguments:
jvm_args: -javaagent:/opt/idea-IU-191.6707.61/lib/idea_rt.jar=35085:/opt/idea-IU-191.6707.61/bin -Dfile.encoding=UTF-8 
java_command: Main
java_class_path (initial): /home/taiki/Code/IdeaProjects/GridEngine/target/scala-2.13/classes:/home/taiki/.ivy2/cache/org.scala-lang/scala-library/jars/scala-library-2.13.0.jar:/home/taiki/Code/IdeaProjects/GridEngine/lwjgl-release-3.2.2-custom/lwjgl-glfw-natives-linux.jar:/home/taiki/Code/IdeaProjects/GridEngine/lwjgl-release-3.2.2-custom/lwjgl-glfw.jar:/home/taiki/Code/IdeaProjects/GridEngine/lwjgl-release-3.2.2-custom/lwjgl-natives-linux.jar:/home/taiki/Code/IdeaProjects/GridEngine/lwjgl-release-3.2.2-custom/lwjgl-openal-natives-linux.jar:/home/taiki/Code/IdeaProjects/GridEngine/lwjgl-release-3.2.2-custom/lwjgl-openal.jar:/home/taiki/Code/IdeaProjects/GridEngine/lwjgl-release-3.2.2-custom/lwjgl-opencl.jar:/home/taiki/Code/IdeaProjects/GridEngine/lwjgl-release-3.2.2-custom/lwjgl-opengl-natives-linux.jar:/home/taiki/Code/IdeaProjects/GridEngine/lwjgl-release-3.2.2-custom/lwjgl-opengl.jar:/home/taiki/Code/IdeaProjects/GridEngine/lwjgl-release-3.2.2-custom/lwjgl.jar:/home/taiki/Code/IdeaProjects/GridEngine/lwjgl-release-3.2.2-custom/lwjgl-stb-natives-linux.jar:/home/taiki/Code/IdeaProjects/GridEngine/lwjgl-release-3.2.2-custom/lwjgl-stb.jar
Launcher Type: SUN_STANDARD

[Global flags]
     intx CICompilerCount                          = 3                                         {product} {ergonomic}
     uint ConcGCThreads                            = 1                                         {product} {ergonomic}
     uint G1ConcRefinementThreads                  = 4                                         {product} {ergonomic}
   size_t G1HeapRegionSize                         = 1048576                                   {product} {ergonomic}
    uintx GCDrainStackTargetSize                   = 64                                        {product} {ergonomic}
   size_t InitialHeapSize                          = 130023424                                 {product} {ergonomic}
   size_t MarkStackSize                            = 4194304                                   {product} {ergonomic}
   size_t MaxHeapSize                              = 2057306112                                {product} {ergonomic}
   size_t MaxNewSize                               = 1234173952                                {product} {ergonomic}
   size_t MinHeapDeltaBytes                        = 1048576                                   {product} {ergonomic}
    uintx NonNMethodCodeHeapSize                   = 5830732                                {pd product} {ergonomic}
    uintx NonProfiledCodeHeapSize                  = 122913754                              {pd product} {ergonomic}
    uintx ProfiledCodeHeapSize                     = 122913754                              {pd product} {ergonomic}
    uintx ReservedCodeCacheSize                    = 251658240                              {pd product} {ergonomic}
     bool SegmentedCodeCache                       = true                                      {product} {ergonomic}
     bool UseCompressedClassPointers               = true                                 {lp64_product} {ergonomic}
     bool UseCompressedOops                        = true                                 {lp64_product} {ergonomic}
     bool UseG1GC                                  = true                                      {product} {ergonomic}

Logging:
Log output configuration:
 #0: stdout all=warning uptime,level,tags
 #1: stderr all=off uptime,level,tags

Environment Variables:
PATH=/home/taiki/.cargo/bin:/usr/local/sbin:/usr/local/bin:/usr/sbin:/usr/bin:/sbin:/bin:/usr/games:/usr/local/games
SHELL=/bin/bash
DISPLAY=:0

Signal Handlers:
SIGSEGV: [libjvm.so+0xe45640], sa_mask[0]=11111111011111111101111111111110, sa_flags=SA_RESTART|SA_SIGINFO
SIGBUS: [libjvm.so+0xe45640], sa_mask[0]=11111111011111111101111111111110, sa_flags=SA_RESTART|SA_SIGINFO
SIGFPE: [libjvm.so+0xe45640], sa_mask[0]=11111111011111111101111111111110, sa_flags=SA_RESTART|SA_SIGINFO
SIGPIPE: [libjvm.so+0xbf4b50], sa_mask[0]=11111111011111111101111111111110, sa_flags=SA_RESTART|SA_SIGINFO
SIGXFSZ: [libjvm.so+0xbf4b50], sa_mask[0]=11111111011111111101111111111110, sa_flags=SA_RESTART|SA_SIGINFO
SIGILL: [libjvm.so+0xe45640], sa_mask[0]=11111111011111111101111111111110, sa_flags=SA_RESTART|SA_SIGINFO
SIGUSR2: [libjvm.so+0xbf49f0], sa_mask[0]=00100000000000000000000000000000, sa_flags=SA_RESTART|SA_SIGINFO
SIGHUP: [libjvm.so+0xbf4d50], sa_mask[0]=11111111011111111101111111111110, sa_flags=SA_RESTART|SA_SIGINFO
SIGINT: [libjvm.so+0xbf4d50], sa_mask[0]=11111111011111111101111111111110, sa_flags=SA_RESTART|SA_SIGINFO
SIGTERM: [libjvm.so+0xbf4d50], sa_mask[0]=11111111011111111101111111111110, sa_flags=SA_RESTART|SA_SIGINFO
SIGQUIT: [libjvm.so+0xbf4d50], sa_mask[0]=11111111011111111101111111111110, sa_flags=SA_RESTART|SA_SIGINFO


---------------  S Y S T E M  ---------------

OS:DISTRIB_ID=elementary
DISTRIB_RELEASE=5.0
DISTRIB_CODENAME=juno
DISTRIB_DESCRIPTION="elementary OS 5.0 Juno"
uname:Linux 4.15.0-48-generic #51-Ubuntu SMP Wed Apr 3 08:28:49 UTC 2019 x86_64
libc:glibc 2.27 NPTL 2.27 
rlimit: STACK 8192k, CORE 0k, NPROC 30297, NOFILE 1048576, AS infinity, DATA infinity, FSIZE infinity
load average:2,78 1,99 1,86

/proc/meminfo:
MemTotal:        8032620 kB
MemFree:         1722144 kB
MemAvailable:    3539988 kB
Buffers:          105472 kB
Cached:          2097328 kB
SwapCached:            0 kB
Active:          4567024 kB
Inactive:        1378716 kB
Active(anon):    3744684 kB
Inactive(anon):   209216 kB
Active(file):     822340 kB
Inactive(file):  1169500 kB
Unevictable:          32 kB
Mlocked:              32 kB
SwapTotal:       3999740 kB
SwapFree:        3999740 kB
Dirty:             23956 kB
Writeback:             0 kB
AnonPages:       3743336 kB
Mapped:           667908 kB
Shmem:            210712 kB
Slab:             157108 kB
SReclaimable:     102804 kB
SUnreclaim:        54304 kB
KernelStack:       14256 kB
PageTables:        51992 kB
NFS_Unstable:          0 kB
Bounce:                0 kB
WritebackTmp:          0 kB
CommitLimit:     8016048 kB
Committed_AS:    8032548 kB
VmallocTotal:   34359738367 kB
VmallocUsed:           0 kB
VmallocChunk:          0 kB
HardwareCorrupted:     0 kB
AnonHugePages:         0 kB
ShmemHugePages:        0 kB
ShmemPmdMapped:        0 kB
CmaTotal:              0 kB
CmaFree:               0 kB
HugePages_Total:       0
HugePages_Free:        0
HugePages_Rsvd:        0
HugePages_Surp:        0
Hugepagesize:       2048 kB
DirectMap4k:      288160 kB
DirectMap2M:     6916096 kB
DirectMap1G:     1048576 kB


/proc/sys/kernel/threads-max (system-wide limit on the number of threads):
60594


/proc/sys/vm/max_map_count (maximum number of memory map areas a process may have):
65530


/proc/sys/kernel/pid_max (system-wide limit on number of process identifiers):
32768



container (cgroup) information:
container_type: cgroupv1
cpu_cpuset_cpus: 0-3
cpu_memory_nodes: 0
active_processor_count: 4
cpu_quota: -1
cpu_period: 100000
cpu_shares: -1
memory_limit_in_bytes: -1
memory_and_swap_limit_in_bytes: -2
memory_soft_limit_in_bytes: -1
memory_usage_in_bytes: 6088765440
memory_max_usage_in_bytes: 0


CPU:total 4 (initial active 4) (2 cores per cpu, 2 threads per core) family 6 model 78 stepping 3, cmov, cx8, fxsr, mmx, sse, sse2, sse3, ssse3, sse4.1, sse4.2, popcnt, avx, avx2, aes, clmul, erms, 3dnowpref, lzcnt, ht, tsc, tscinvbit, bmi1, bmi2, adx, fma
CPU Model and flags from /proc/cpuinfo:
model name	: Intel(R) Core(TM) i3-6006U CPU @ 2.00GHz
flags		: fpu vme de pse tsc msr pae mce cx8 apic sep mtrr pge mca cmov pat pse36 clflush dts acpi mmx fxsr sse sse2 ss ht tm pbe syscall nx pdpe1gb rdtscp lm constant_tsc art arch_perfmon pebs bts rep_good nopl xtopology nonstop_tsc cpuid aperfmperf tsc_known_freq pni pclmulqdq dtes64 monitor ds_cpl vmx est tm2 ssse3 sdbg fma cx16 xtpr pdcm pcid sse4_1 sse4_2 x2apic movbe popcnt tsc_deadline_timer aes xsave avx f16c rdrand lahf_lm abm 3dnowprefetch cpuid_fault epb invpcid_single pti ssbd ibrs ibpb stibp tpr_shadow vnmi flexpriority ept vpid fsgsbase tsc_adjust bmi1 avx2 smep bmi2 erms invpcid mpx rdseed adx smap clflushopt intel_pt xsaveopt xsavec xgetbv1 xsaves dtherm arat pln pts hwp hwp_notify hwp_act_window hwp_epp flush_l1d

Memory: 4k page, physical 8032620k(1722144k free), swap 3999740k(3999740k free)

vm_info: Java HotSpot(TM) 64-Bit Server VM (12.0.1+12) for linux-amd64 JRE (12.0.1+12), built on Apr  1 2019 23:46:14 by "mach5one" with gcc 7.3.0

END.
