#
# A fatal error has been detected by the Java Runtime Environment:
#
#  SIGSEGV (0xb) at pc=0x00007f4b41861621, pid=18898, tid=18901
#
# JRE version: Java(TM) SE Runtime Environment (12.0.1+12) (build 12.0.1+12)
# Java VM: Java HotSpot(TM) 64-Bit Server VM (12.0.1+12, mixed mode, sharing, tiered, compressed oops, g1 gc, linux-amd64)
# Problematic frame:
# C  [libopenal.so+0x29621]  alcCloseDevice+0x41
#
# No core dump will be written. Core dumps have been disabled. To enable core dumping, try "ulimit -c unlimited" before starting Java again
#
# If you would like to submit a bug report, please visit:
#   http://bugreport.java.com/bugreport/crash.jsp
# The crash happened outside the Java Virtual Machine in native code.
# See problematic frame for where to report the bug.
#

---------------  S U M M A R Y ------------

Command Line: -javaagent:/opt/idea-IU-191.6707.61/lib/idea_rt.jar=37079:/opt/idea-IU-191.6707.61/bin -Dfile.encoding=UTF-8 Main

Host: Intel(R) Core(TM) i3-6006U CPU @ 2.00GHz, 4 cores, 7G, elementary OS 5.0 Juno
Time: Sat Aug 17 14:58:17 2019 CEST elapsed time: 2 seconds (0d 0h 0m 2s)

---------------  T H R E A D  ---------------

Current thread (0x00007f4bac013800):  JavaThread "main" [_thread_in_native, id=18901, stack(0x00007f4bb4aa3000,0x00007f4bb4ba4000)]

Stack: [0x00007f4bb4aa3000,0x00007f4bb4ba4000],  sp=0x00007f4bb4ba21b0,  free space=1020k
Native frames: (J=compiled Java code, A=aot compiled Java code, j=interpreted, Vv=VM code, C=native code)
C  [libopenal.so+0x29621]  alcCloseDevice+0x41

Java frames: (J=compiled Java code, j=interpreted, Vv=VM code)
j  org.lwjgl.system.JNI.invokePZ(JJ)Z+0
j  org.lwjgl.openal.ALC10.alcCloseDevice(J)Z+20
j  Window.loop()V+138
j  Window.run()V+9
j  Main$.delayedEndpoint$Main$1()V+26
j  Main$delayedInit$body.apply()Ljava/lang/Object;+4
j  scala.Function0.apply$mcV$sp()V+1
j  scala.Function0.apply$mcV$sp$(Lscala/Function0;)V+1
j  scala.runtime.AbstractFunction0.apply$mcV$sp()V+1
j  scala.App.$anonfun$main$1(Lscala/Function0;)V+1
j  scala.App.$anonfun$main$1$adapted(Lscala/Function0;)Ljava/lang/Object;+1
j  scala.App$$Lambda$15.apply(Ljava/lang/Object;)Ljava/lang/Object;+4
j  scala.collection.IterableOnceOps.foreach(Lscala/Function1;)V+26
j  scala.collection.IterableOnceOps.foreach$(Lscala/collection/IterableOnceOps;Lscala/Function1;)V+2
j  scala.collection.AbstractIterable.foreach(Lscala/Function1;)V+2
j  scala.App.main([Ljava/lang/String;)V+18
j  scala.App.main$(Lscala/App;[Ljava/lang/String;)V+2
j  Main$.main([Ljava/lang/String;)V+2
j  Main.main([Ljava/lang/String;)V+4
v  ~StubRoutines::call_stub

siginfo: si_signo: 11 (SIGSEGV), si_code: 1 (SEGV_MAPERR), si_addr: 0x0000000000008b40

Register to memory mapping:

RAX=0x0 is NULL
RBX=0x0 is NULL
RCX=0x00007f4b418615e0: alcCloseDevice+0x0000000000000000 in /tmp/lwjgltaiki/3.2.2-build-10/libopenal.so at 0x00007f4b41838000
RDX=0x00000000000049d5 is an unknown value
RSP=0x00007f4bb4ba21b0 is pointing into the stack for thread: 0x00007f4bac013800
RBP=0x00007f4bac8770d0 points into unknown readable memory: 07 00 00 00 00 00 00 00
RSI=0x0 is NULL
RDI=0x0000000000000001 is an unknown value
R8 =0x00007f4b41b30620: <offset 0x00000000002f8620> in /tmp/lwjgltaiki/3.2.2-build-10/libopenal.so at 0x00007f4b41838000
R9 =0x0 is NULL
R10=0x00007f4b94b87941 is at code_begin+897 in an Interpreter codelet
method entry point (kind = native)  [0x00007f4b94b875c0, 0x00007f4b94b88000]  2624 bytes
R11=0x000000008c3633c8 points into unknown readable memory: 09 53 e3 a6 59 00 00 00
R12=0x0 is NULL
R13={method} {0x00007f4b81e09fa0} 'invokePZ' '(JJ)Z' in 'org/lwjgl/system/JNI'
R14=0x00007f4bb4ba22c0 is pointing into the stack for thread: 0x00007f4bac013800
R15=0x00007f4bac013800 is a thread


Registers:
RAX=0x0000000000000000, RBX=0x0000000000000000, RCX=0x00007f4b418615e0, RDX=0x00000000000049d5
RSP=0x00007f4bb4ba21b0, RBP=0x00007f4bac8770d0, RSI=0x0000000000000000, RDI=0x0000000000000001
R8 =0x00007f4b41b30620, R9 =0x0000000000000000, R10=0x00007f4b94b87941, R11=0x000000008c3633c8
R12=0x0000000000000000, R13=0x00007f4b81e09fa0, R14=0x00007f4bb4ba22c0, R15=0x00007f4bac013800
RIP=0x00007f4b41861621, EFLAGS=0x0000000000010287, CSGSFS=0x002b000000000033, ERR=0x0000000000000004
  TRAPNO=0x000000000000000e

Top of Stack: (sp=0x00007f4bb4ba21b0)
0x00007f4bb4ba21b0:   0000000000000000 0000000000000000
0x00007f4bb4ba21c0:   00007f4b81e069e0 0000000000000000
0x00007f4bb4ba21d0:   00007f4bac457490 00007f4b418619b2
0x00007f4bb4ba21e0:   0000000000000000 00007f4b81e069e0 

Instructions: (pc=0x00007f4b41861621)
0x00007f4b41861601:   89 44 24 18 48 8b 5c 24 18 48 39 eb 75 12 e9 94
0x00007f4b41861611:   00 00 00 0f 1f 40 00 48 39 dd 0f 84 87 00 00 00
0x00007f4b41861621:   48 8b 83 40 8b 00 00 48 89 44 24 20 48 8b 5c 24
0x00007f4b41861631:   20 48 85 db 75 e1 31 db 83 3d c0 ed 2c 00 01 76 

Stack slot to memory mapping:
stack at sp + 0 slots: 0x0 is NULL
stack at sp + 1 slots: 0x0 is NULL
stack at sp + 2 slots: {method} {0x00007f4b81e069e0} 'invokePV' '(JJ)V' in 'org/lwjgl/system/JNI'
stack at sp + 3 slots: 0x0 is NULL
stack at sp + 4 slots: 0x00007f4bac457490 points into unknown readable memory: b0 da 49 ac 4b 7f 00 00
stack at sp + 5 slots: 0x00007f4b418619b2: alcDestroyContext+0x0000000000000152 in /tmp/lwjgltaiki/3.2.2-build-10/libopenal.so at 0x00007f4b41838000
stack at sp + 6 slots: 0x0 is NULL
stack at sp + 7 slots: {method} {0x00007f4b81e069e0} 'invokePV' '(JJ)V' in 'org/lwjgl/system/JNI'


---------------  P R O C E S S  ---------------

Threads class SMR info:
_java_thread_list=0x00007f4b100043e0, length=11, elements={
0x00007f4bac013800, 0x00007f4bac15d800, 0x00007f4bac15f800, 0x00007f4bac166000,
0x00007f4bac168000, 0x00007f4bac16a000, 0x00007f4bac16c000, 0x00007f4bac17a800,
0x00007f4bac266800, 0x00007f4bac26a000, 0x00007f4b64001000
}

Java Threads: ( => current thread )
=>0x00007f4bac013800 JavaThread "main" [_thread_in_native, id=18901, stack(0x00007f4bb4aa3000,0x00007f4bb4ba4000)]
  0x00007f4bac15d800 JavaThread "Reference Handler" daemon [_thread_blocked, id=18914, stack(0x00007f4b90146000,0x00007f4b90247000)]
  0x00007f4bac15f800 JavaThread "Finalizer" daemon [_thread_blocked, id=18916, stack(0x00007f4b90045000,0x00007f4b90146000)]
  0x00007f4bac166000 JavaThread "Signal Dispatcher" daemon [_thread_blocked, id=18918, stack(0x00007f4b816ff000,0x00007f4b81800000)]
  0x00007f4bac168000 JavaThread "C2 CompilerThread0" daemon [_thread_blocked, id=18920, stack(0x00007f4b815fe000,0x00007f4b816ff000)]
  0x00007f4bac16a000 JavaThread "C1 CompilerThread0" daemon [_thread_blocked, id=18922, stack(0x00007f4b814fd000,0x00007f4b815fe000)]
  0x00007f4bac16c000 JavaThread "Sweeper thread" daemon [_thread_blocked, id=18923, stack(0x00007f4b813fc000,0x00007f4b814fd000)]
  0x00007f4bac17a800 JavaThread "Common-Cleaner" daemon [_thread_blocked, id=18927, stack(0x00007f4b812fb000,0x00007f4b813fc000)]
  0x00007f4bac266800 JavaThread "Monitor Ctrl-Break" daemon [_thread_in_native, id=18929, stack(0x00007f4b80dd0000,0x00007f4b80ed1000)]
  0x00007f4bac26a000 JavaThread "Service Thread" daemon [_thread_blocked, id=18930, stack(0x00007f4b80ccf000,0x00007f4b80dd0000)]
  0x00007f4b64001000 JavaThread "Attach Listener" daemon [_thread_blocked, id=18942, stack(0x00007f4b800a5000,0x00007f4b801a5000)]

Other Threads:
  0x00007f4bac15a800 VMThread "VM Thread" [stack: 0x00007f4b90249000,0x00007f4b90349000] [id=18912]
  0x00007f4bac268800 WatcherThread [stack: 0x00007f4b80bcf000,0x00007f4b80ccf000] [id=18931]
  0x00007f4bac063000 GCTaskThread "GC Thread#0" [stack: 0x00007f4bb01a3000,0x00007f4bb02a3000] [id=18902]
  0x00007f4b78001000 GCTaskThread "GC Thread#1" [stack: 0x00007f4b2d3ab000,0x00007f4b2d4ab000] [id=18943]
  0x00007f4b78002800 GCTaskThread "GC Thread#2" [stack: 0x00007f4b2d2a9000,0x00007f4b2d3a9000] [id=18944]
  0x00007f4bac070800 ConcurrentGCThread "G1 Main Marker" [stack: 0x00007f4bb00a1000,0x00007f4bb01a1000] [id=18904]
  0x00007f4bac072800 ConcurrentGCThread "G1 Conc#0" [stack: 0x00007f4b90953000,0x00007f4b90a53000] [id=18906]
  0x00007f4bac0ea000 ConcurrentGCThread "G1 Refine#0" [stack: 0x00007f4b9044d000,0x00007f4b9054d000] [id=18908]
  0x00007f4bac0eb800 ConcurrentGCThread "G1 Young RemSet Sampling" [stack: 0x00007f4b9034b000,0x00007f4b9044b000] [id=18909]

Threads with active compile tasks:

VM state:not at safepoint (normal execution)

VM Mutex/Monitor currently owned by a thread: None

Heap address: 0x0000000085600000, size: 1962 MB, Compressed Oops mode: 32-bit
Narrow klass base: 0x0000000800000000, Narrow klass shift: 3
Compressed class space size: 1073741824 Address: 0x0000000801129000

Heap:
 garbage-first heap   total 129024K, used 21396K [0x0000000085600000, 0x0000000100000000)
  region size 1024K, 21 young (21504K), 2 survivors (2048K)
 Metaspace       used 11119K, capacity 13588K, committed 13696K, reserved 1060864K
  class space    used 1071K, capacity 1396K, committed 1408K, reserved 1048576K
Heap Regions: E=young(eden), S=young(survivor), O=old, HS=humongous(starts), HC=humongous(continues), CS=collection set, F=free, A=archive, TAMS=top-at-mark-start (previous, next)
|   0|0x0000000085600000, 0x000000008562c200, 0x0000000085700000| 17%| O|  |TAMS 0x0000000085600000, 0x0000000085600000| Untracked 
|   1|0x0000000085700000, 0x0000000085700000, 0x0000000085800000|  0%| F|  |TAMS 0x0000000085700000, 0x0000000085700000| Untracked 
|   2|0x0000000085800000, 0x0000000085800000, 0x0000000085900000|  0%| F|  |TAMS 0x0000000085800000, 0x0000000085800000| Untracked 
|   3|0x0000000085900000, 0x0000000085900000, 0x0000000085a00000|  0%| F|  |TAMS 0x0000000085900000, 0x0000000085900000| Untracked 
|   4|0x0000000085a00000, 0x0000000085a00000, 0x0000000085b00000|  0%| F|  |TAMS 0x0000000085a00000, 0x0000000085a00000| Untracked 
|   5|0x0000000085b00000, 0x0000000085b00000, 0x0000000085c00000|  0%| F|  |TAMS 0x0000000085b00000, 0x0000000085b00000| Untracked 
|   6|0x0000000085c00000, 0x0000000085c00000, 0x0000000085d00000|  0%| F|  |TAMS 0x0000000085c00000, 0x0000000085c00000| Untracked 
|   7|0x0000000085d00000, 0x0000000085d00000, 0x0000000085e00000|  0%| F|  |TAMS 0x0000000085d00000, 0x0000000085d00000| Untracked 
|   8|0x0000000085e00000, 0x0000000085e00000, 0x0000000085f00000|  0%| F|  |TAMS 0x0000000085e00000, 0x0000000085e00000| Untracked 
|   9|0x0000000085f00000, 0x0000000085f00000, 0x0000000086000000|  0%| F|  |TAMS 0x0000000085f00000, 0x0000000085f00000| Untracked 
|  10|0x0000000086000000, 0x0000000086000000, 0x0000000086100000|  0%| F|  |TAMS 0x0000000086000000, 0x0000000086000000| Untracked 
|  11|0x0000000086100000, 0x0000000086100000, 0x0000000086200000|  0%| F|  |TAMS 0x0000000086100000, 0x0000000086100000| Untracked 
|  12|0x0000000086200000, 0x0000000086200000, 0x0000000086300000|  0%| F|  |TAMS 0x0000000086200000, 0x0000000086200000| Untracked 
|  13|0x0000000086300000, 0x0000000086300000, 0x0000000086400000|  0%| F|  |TAMS 0x0000000086300000, 0x0000000086300000| Untracked 
|  14|0x0000000086400000, 0x0000000086400000, 0x0000000086500000|  0%| F|  |TAMS 0x0000000086400000, 0x0000000086400000| Untracked 
|  15|0x0000000086500000, 0x0000000086500000, 0x0000000086600000|  0%| F|  |TAMS 0x0000000086500000, 0x0000000086500000| Untracked 
|  16|0x0000000086600000, 0x0000000086600000, 0x0000000086700000|  0%| F|  |TAMS 0x0000000086600000, 0x0000000086600000| Untracked 
|  17|0x0000000086700000, 0x0000000086700000, 0x0000000086800000|  0%| F|  |TAMS 0x0000000086700000, 0x0000000086700000| Untracked 
|  18|0x0000000086800000, 0x0000000086800000, 0x0000000086900000|  0%| F|  |TAMS 0x0000000086800000, 0x0000000086800000| Untracked 
|  19|0x0000000086900000, 0x0000000086900000, 0x0000000086a00000|  0%| F|  |TAMS 0x0000000086900000, 0x0000000086900000| Untracked 
|  20|0x0000000086a00000, 0x0000000086a00000, 0x0000000086b00000|  0%| F|  |TAMS 0x0000000086a00000, 0x0000000086a00000| Untracked 
|  21|0x0000000086b00000, 0x0000000086b00000, 0x0000000086c00000|  0%| F|  |TAMS 0x0000000086b00000, 0x0000000086b00000| Untracked 
|  22|0x0000000086c00000, 0x0000000086c00000, 0x0000000086d00000|  0%| F|  |TAMS 0x0000000086c00000, 0x0000000086c00000| Untracked 
|  23|0x0000000086d00000, 0x0000000086d00000, 0x0000000086e00000|  0%| F|  |TAMS 0x0000000086d00000, 0x0000000086d00000| Untracked 
|  24|0x0000000086e00000, 0x0000000086e00000, 0x0000000086f00000|  0%| F|  |TAMS 0x0000000086e00000, 0x0000000086e00000| Untracked 
|  25|0x0000000086f00000, 0x0000000086f00000, 0x0000000087000000|  0%| F|  |TAMS 0x0000000086f00000, 0x0000000086f00000| Untracked 
|  26|0x0000000087000000, 0x0000000087000000, 0x0000000087100000|  0%| F|  |TAMS 0x0000000087000000, 0x0000000087000000| Untracked 
|  27|0x0000000087100000, 0x0000000087100000, 0x0000000087200000|  0%| F|  |TAMS 0x0000000087100000, 0x0000000087100000| Untracked 
|  28|0x0000000087200000, 0x0000000087200000, 0x0000000087300000|  0%| F|  |TAMS 0x0000000087200000, 0x0000000087200000| Untracked 
|  29|0x0000000087300000, 0x0000000087300000, 0x0000000087400000|  0%| F|  |TAMS 0x0000000087300000, 0x0000000087300000| Untracked 
|  30|0x0000000087400000, 0x0000000087400000, 0x0000000087500000|  0%| F|  |TAMS 0x0000000087400000, 0x0000000087400000| Untracked 
|  31|0x0000000087500000, 0x0000000087500000, 0x0000000087600000|  0%| F|  |TAMS 0x0000000087500000, 0x0000000087500000| Untracked 
|  32|0x0000000087600000, 0x0000000087600000, 0x0000000087700000|  0%| F|  |TAMS 0x0000000087600000, 0x0000000087600000| Untracked 
|  33|0x0000000087700000, 0x0000000087700000, 0x0000000087800000|  0%| F|  |TAMS 0x0000000087700000, 0x0000000087700000| Untracked 
|  34|0x0000000087800000, 0x0000000087800000, 0x0000000087900000|  0%| F|  |TAMS 0x0000000087800000, 0x0000000087800000| Untracked 
|  35|0x0000000087900000, 0x0000000087900000, 0x0000000087a00000|  0%| F|  |TAMS 0x0000000087900000, 0x0000000087900000| Untracked 
|  36|0x0000000087a00000, 0x0000000087a00000, 0x0000000087b00000|  0%| F|  |TAMS 0x0000000087a00000, 0x0000000087a00000| Untracked 
|  37|0x0000000087b00000, 0x0000000087b00000, 0x0000000087c00000|  0%| F|  |TAMS 0x0000000087b00000, 0x0000000087b00000| Untracked 
|  38|0x0000000087c00000, 0x0000000087c00000, 0x0000000087d00000|  0%| F|  |TAMS 0x0000000087c00000, 0x0000000087c00000| Untracked 
|  39|0x0000000087d00000, 0x0000000087d00000, 0x0000000087e00000|  0%| F|  |TAMS 0x0000000087d00000, 0x0000000087d00000| Untracked 
|  40|0x0000000087e00000, 0x0000000087e00000, 0x0000000087f00000|  0%| F|  |TAMS 0x0000000087e00000, 0x0000000087e00000| Untracked 
|  41|0x0000000087f00000, 0x0000000087f00000, 0x0000000088000000|  0%| F|  |TAMS 0x0000000087f00000, 0x0000000087f00000| Untracked 
|  42|0x0000000088000000, 0x0000000088000000, 0x0000000088100000|  0%| F|  |TAMS 0x0000000088000000, 0x0000000088000000| Untracked 
|  43|0x0000000088100000, 0x0000000088100000, 0x0000000088200000|  0%| F|  |TAMS 0x0000000088100000, 0x0000000088100000| Untracked 
|  44|0x0000000088200000, 0x0000000088200000, 0x0000000088300000|  0%| F|  |TAMS 0x0000000088200000, 0x0000000088200000| Untracked 
|  45|0x0000000088300000, 0x0000000088300000, 0x0000000088400000|  0%| F|  |TAMS 0x0000000088300000, 0x0000000088300000| Untracked 
|  46|0x0000000088400000, 0x0000000088400000, 0x0000000088500000|  0%| F|  |TAMS 0x0000000088400000, 0x0000000088400000| Untracked 
|  47|0x0000000088500000, 0x0000000088500000, 0x0000000088600000|  0%| F|  |TAMS 0x0000000088500000, 0x0000000088500000| Untracked 
|  48|0x0000000088600000, 0x0000000088600000, 0x0000000088700000|  0%| F|  |TAMS 0x0000000088600000, 0x0000000088600000| Untracked 
|  49|0x0000000088700000, 0x0000000088700000, 0x0000000088800000|  0%| F|  |TAMS 0x0000000088700000, 0x0000000088700000| Untracked 
|  50|0x0000000088800000, 0x0000000088800000, 0x0000000088900000|  0%| F|  |TAMS 0x0000000088800000, 0x0000000088800000| Untracked 
|  51|0x0000000088900000, 0x0000000088900000, 0x0000000088a00000|  0%| F|  |TAMS 0x0000000088900000, 0x0000000088900000| Untracked 
|  52|0x0000000088a00000, 0x0000000088a00000, 0x0000000088b00000|  0%| F|  |TAMS 0x0000000088a00000, 0x0000000088a00000| Untracked 
|  53|0x0000000088b00000, 0x0000000088b00000, 0x0000000088c00000|  0%| F|  |TAMS 0x0000000088b00000, 0x0000000088b00000| Untracked 
|  54|0x0000000088c00000, 0x0000000088c00000, 0x0000000088d00000|  0%| F|  |TAMS 0x0000000088c00000, 0x0000000088c00000| Untracked 
|  55|0x0000000088d00000, 0x0000000088d00000, 0x0000000088e00000|  0%| F|  |TAMS 0x0000000088d00000, 0x0000000088d00000| Untracked 
|  56|0x0000000088e00000, 0x0000000088e00000, 0x0000000088f00000|  0%| F|  |TAMS 0x0000000088e00000, 0x0000000088e00000| Untracked 
|  57|0x0000000088f00000, 0x0000000088f00000, 0x0000000089000000|  0%| F|  |TAMS 0x0000000088f00000, 0x0000000088f00000| Untracked 
|  58|0x0000000089000000, 0x0000000089000000, 0x0000000089100000|  0%| F|  |TAMS 0x0000000089000000, 0x0000000089000000| Untracked 
|  59|0x0000000089100000, 0x0000000089100000, 0x0000000089200000|  0%| F|  |TAMS 0x0000000089100000, 0x0000000089100000| Untracked 
|  60|0x0000000089200000, 0x0000000089200000, 0x0000000089300000|  0%| F|  |TAMS 0x0000000089200000, 0x0000000089200000| Untracked 
|  61|0x0000000089300000, 0x0000000089300000, 0x0000000089400000|  0%| F|  |TAMS 0x0000000089300000, 0x0000000089300000| Untracked 
|  62|0x0000000089400000, 0x0000000089400000, 0x0000000089500000|  0%| F|  |TAMS 0x0000000089400000, 0x0000000089400000| Untracked 
|  63|0x0000000089500000, 0x0000000089500000, 0x0000000089600000|  0%| F|  |TAMS 0x0000000089500000, 0x0000000089500000| Untracked 
|  64|0x0000000089600000, 0x0000000089600000, 0x0000000089700000|  0%| F|  |TAMS 0x0000000089600000, 0x0000000089600000| Untracked 
|  65|0x0000000089700000, 0x0000000089700000, 0x0000000089800000|  0%| F|  |TAMS 0x0000000089700000, 0x0000000089700000| Untracked 
|  66|0x0000000089800000, 0x0000000089800000, 0x0000000089900000|  0%| F|  |TAMS 0x0000000089800000, 0x0000000089800000| Untracked 
|  67|0x0000000089900000, 0x0000000089900000, 0x0000000089a00000|  0%| F|  |TAMS 0x0000000089900000, 0x0000000089900000| Untracked 
|  68|0x0000000089a00000, 0x0000000089a00000, 0x0000000089b00000|  0%| F|  |TAMS 0x0000000089a00000, 0x0000000089a00000| Untracked 
|  69|0x0000000089b00000, 0x0000000089b00000, 0x0000000089c00000|  0%| F|  |TAMS 0x0000000089b00000, 0x0000000089b00000| Untracked 
|  70|0x0000000089c00000, 0x0000000089c00000, 0x0000000089d00000|  0%| F|  |TAMS 0x0000000089c00000, 0x0000000089c00000| Untracked 
|  71|0x0000000089d00000, 0x0000000089d00000, 0x0000000089e00000|  0%| F|  |TAMS 0x0000000089d00000, 0x0000000089d00000| Untracked 
|  72|0x0000000089e00000, 0x0000000089e00000, 0x0000000089f00000|  0%| F|  |TAMS 0x0000000089e00000, 0x0000000089e00000| Untracked 
|  73|0x0000000089f00000, 0x0000000089f00000, 0x000000008a000000|  0%| F|  |TAMS 0x0000000089f00000, 0x0000000089f00000| Untracked 
|  74|0x000000008a000000, 0x000000008a000000, 0x000000008a100000|  0%| F|  |TAMS 0x000000008a000000, 0x000000008a000000| Untracked 
|  75|0x000000008a100000, 0x000000008a100000, 0x000000008a200000|  0%| F|  |TAMS 0x000000008a100000, 0x000000008a100000| Untracked 
|  76|0x000000008a200000, 0x000000008a200000, 0x000000008a300000|  0%| F|  |TAMS 0x000000008a200000, 0x000000008a200000| Untracked 
|  77|0x000000008a300000, 0x000000008a300000, 0x000000008a400000|  0%| F|  |TAMS 0x000000008a300000, 0x000000008a300000| Untracked 
|  78|0x000000008a400000, 0x000000008a400000, 0x000000008a500000|  0%| F|  |TAMS 0x000000008a400000, 0x000000008a400000| Untracked 
|  79|0x000000008a500000, 0x000000008a500000, 0x000000008a600000|  0%| F|  |TAMS 0x000000008a500000, 0x000000008a500000| Untracked 
|  80|0x000000008a600000, 0x000000008a600000, 0x000000008a700000|  0%| F|  |TAMS 0x000000008a600000, 0x000000008a600000| Untracked 
|  81|0x000000008a700000, 0x000000008a700000, 0x000000008a800000|  0%| F|  |TAMS 0x000000008a700000, 0x000000008a700000| Untracked 
|  82|0x000000008a800000, 0x000000008a800000, 0x000000008a900000|  0%| F|  |TAMS 0x000000008a800000, 0x000000008a800000| Untracked 
|  83|0x000000008a900000, 0x000000008a900000, 0x000000008aa00000|  0%| F|  |TAMS 0x000000008a900000, 0x000000008a900000| Untracked 
|  84|0x000000008aa00000, 0x000000008aa00000, 0x000000008ab00000|  0%| F|  |TAMS 0x000000008aa00000, 0x000000008aa00000| Untracked 
|  85|0x000000008ab00000, 0x000000008ab00000, 0x000000008ac00000|  0%| F|  |TAMS 0x000000008ab00000, 0x000000008ab00000| Untracked 
|  86|0x000000008ac00000, 0x000000008ac00000, 0x000000008ad00000|  0%| F|  |TAMS 0x000000008ac00000, 0x000000008ac00000| Untracked 
|  87|0x000000008ad00000, 0x000000008ad00000, 0x000000008ae00000|  0%| F|  |TAMS 0x000000008ad00000, 0x000000008ad00000| Untracked 
|  88|0x000000008ae00000, 0x000000008ae00000, 0x000000008af00000|  0%| F|  |TAMS 0x000000008ae00000, 0x000000008ae00000| Untracked 
|  89|0x000000008af00000, 0x000000008af00000, 0x000000008b000000|  0%| F|  |TAMS 0x000000008af00000, 0x000000008af00000| Untracked 
|  90|0x000000008b000000, 0x000000008b000000, 0x000000008b100000|  0%| F|  |TAMS 0x000000008b000000, 0x000000008b000000| Untracked 
|  91|0x000000008b100000, 0x000000008b100000, 0x000000008b200000|  0%| F|  |TAMS 0x000000008b100000, 0x000000008b100000| Untracked 
|  92|0x000000008b200000, 0x000000008b200000, 0x000000008b300000|  0%| F|  |TAMS 0x000000008b200000, 0x000000008b200000| Untracked 
|  93|0x000000008b300000, 0x000000008b300000, 0x000000008b400000|  0%| F|  |TAMS 0x000000008b300000, 0x000000008b300000| Untracked 
|  94|0x000000008b400000, 0x000000008b400000, 0x000000008b500000|  0%| F|  |TAMS 0x000000008b400000, 0x000000008b400000| Untracked 
|  95|0x000000008b500000, 0x000000008b500000, 0x000000008b600000|  0%| F|  |TAMS 0x000000008b500000, 0x000000008b500000| Untracked 
|  96|0x000000008b600000, 0x000000008b600000, 0x000000008b700000|  0%| F|  |TAMS 0x000000008b600000, 0x000000008b600000| Untracked 
|  97|0x000000008b700000, 0x000000008b700000, 0x000000008b800000|  0%| F|  |TAMS 0x000000008b700000, 0x000000008b700000| Untracked 
|  98|0x000000008b800000, 0x000000008b800000, 0x000000008b900000|  0%| F|  |TAMS 0x000000008b800000, 0x000000008b800000| Untracked 
|  99|0x000000008b900000, 0x000000008b900000, 0x000000008ba00000|  0%| F|  |TAMS 0x000000008b900000, 0x000000008b900000| Untracked 
| 100|0x000000008ba00000, 0x000000008ba00000, 0x000000008bb00000|  0%| F|  |TAMS 0x000000008ba00000, 0x000000008ba00000| Untracked 
| 101|0x000000008bb00000, 0x000000008bb00000, 0x000000008bc00000|  0%| F|  |TAMS 0x000000008bb00000, 0x000000008bb00000| Untracked 
| 102|0x000000008bc00000, 0x000000008bc00000, 0x000000008bd00000|  0%| F|  |TAMS 0x000000008bc00000, 0x000000008bc00000| Untracked 
| 103|0x000000008bd00000, 0x000000008bd80800, 0x000000008be00000| 50%| E|  |TAMS 0x000000008bd00000, 0x000000008bd00000| Complete 
| 104|0x000000008be00000, 0x000000008bf00000, 0x000000008bf00000|100%| E|CS|TAMS 0x000000008be00000, 0x000000008be00000| Complete 
| 105|0x000000008bf00000, 0x000000008c000000, 0x000000008c000000|100%| E|CS|TAMS 0x000000008bf00000, 0x000000008bf00000| Complete 
| 106|0x000000008c000000, 0x000000008c100000, 0x000000008c100000|100%| E|CS|TAMS 0x000000008c000000, 0x000000008c000000| Complete 
| 107|0x000000008c100000, 0x000000008c200000, 0x000000008c200000|100%| E|CS|TAMS 0x000000008c100000, 0x000000008c100000| Complete 
| 108|0x000000008c200000, 0x000000008c300000, 0x000000008c300000|100%| S|CS|TAMS 0x000000008c200000, 0x000000008c200000| Complete 
| 109|0x000000008c300000, 0x000000008c400000, 0x000000008c400000|100%| S|CS|TAMS 0x000000008c300000, 0x000000008c300000| Complete 
| 110|0x000000008c400000, 0x000000008c500000, 0x000000008c500000|100%| E|CS|TAMS 0x000000008c400000, 0x000000008c400000| Complete 
| 111|0x000000008c500000, 0x000000008c600000, 0x000000008c600000|100%| E|CS|TAMS 0x000000008c500000, 0x000000008c500000| Complete 
| 112|0x000000008c600000, 0x000000008c700000, 0x000000008c700000|100%| E|CS|TAMS 0x000000008c600000, 0x000000008c600000| Complete 
| 113|0x000000008c700000, 0x000000008c800000, 0x000000008c800000|100%| E|CS|TAMS 0x000000008c700000, 0x000000008c700000| Complete 
| 114|0x000000008c800000, 0x000000008c900000, 0x000000008c900000|100%| E|CS|TAMS 0x000000008c800000, 0x000000008c800000| Complete 
| 115|0x000000008c900000, 0x000000008ca00000, 0x000000008ca00000|100%| E|CS|TAMS 0x000000008c900000, 0x000000008c900000| Complete 
| 116|0x000000008ca00000, 0x000000008cb00000, 0x000000008cb00000|100%| E|CS|TAMS 0x000000008ca00000, 0x000000008ca00000| Complete 
| 117|0x000000008cb00000, 0x000000008cc00000, 0x000000008cc00000|100%| E|CS|TAMS 0x000000008cb00000, 0x000000008cb00000| Complete 
| 118|0x000000008cc00000, 0x000000008cd00000, 0x000000008cd00000|100%| E|CS|TAMS 0x000000008cc00000, 0x000000008cc00000| Complete 
| 119|0x000000008cd00000, 0x000000008ce00000, 0x000000008ce00000|100%| E|CS|TAMS 0x000000008cd00000, 0x000000008cd00000| Complete 
| 120|0x000000008ce00000, 0x000000008cf00000, 0x000000008cf00000|100%| E|CS|TAMS 0x000000008ce00000, 0x000000008ce00000| Complete 
| 121|0x000000008cf00000, 0x000000008d000000, 0x000000008d000000|100%| E|CS|TAMS 0x000000008cf00000, 0x000000008cf00000| Complete 
| 122|0x000000008d000000, 0x000000008d100000, 0x000000008d100000|100%| E|CS|TAMS 0x000000008d000000, 0x000000008d000000| Complete 
| 123|0x000000008d100000, 0x000000008d200000, 0x000000008d200000|100%| E|CS|TAMS 0x000000008d100000, 0x000000008d100000| Complete 
|1960|0x00000000ffe00000, 0x00000000ffe47000, 0x00000000fff00000| 27%|OA|  |TAMS 0x00000000ffe00000, 0x00000000ffe00000| Untracked 
|1961|0x00000000fff00000, 0x00000000fff72000, 0x0000000100000000| 44%|CA|  |TAMS 0x00000000fff00000, 0x00000000fff00000| Untracked 

Card table byte_map: [0x00007f4bb02a3000,0x00007f4bb0678000] _byte_map_base: 0x00007f4bafe78000

Marking Bits (Prev, Next): (CMBitMap*) 0x00007f4bac0640d8, (CMBitMap*) 0x00007f4bac064118
 Prev Bits: [0x00007f4b928fb000, 0x00007f4b947a3000)
 Next Bits: [0x00007f4b90a53000, 0x00007f4b928fb000)

Polling page: 0x00007f4bb4bbf000

Metaspace:

Usage:
  Non-class:     11,91 MB capacity,     9,81 MB ( 82%) used,     2,07 MB ( 17%) free+waste,    21,50 KB ( <1%) overhead. 
      Class:      1,36 MB capacity,     1,05 MB ( 77%) used,   313,12 KB ( 22%) free+waste,    11,06 KB ( <1%) overhead. 
       Both:     13,27 MB capacity,    10,86 MB ( 82%) used,     2,38 MB ( 18%) free+waste,    32,56 KB ( <1%) overhead. 

Virtual space:
  Non-class space:       12,00 MB reserved,      12,00 MB (100%) committed 
      Class space:        1,00 GB reserved,       1,38 MB ( <1%) committed 
             Both:        1,01 GB reserved,      13,38 MB (  1%) committed 

Chunk freelists:
   Non-Class:  9,00 KB
       Class:  1,00 KB
        Both:  10,00 KB

CodeHeap 'non-profiled nmethods': size=120032Kb used=336Kb max_used=336Kb free=119695Kb
 bounds [0x00007f4b9c640000, 0x00007f4b9c8b0000, 0x00007f4ba3b78000]
CodeHeap 'profiled nmethods': size=120032Kb used=1947Kb max_used=1947Kb free=118084Kb
 bounds [0x00007f4b95108000, 0x00007f4b95378000, 0x00007f4b9c640000]
CodeHeap 'non-nmethods': size=5696Kb used=1475Kb max_used=1484Kb free=4221Kb
 bounds [0x00007f4b94b78000, 0x00007f4b94de8000, 0x00007f4b95108000]
 total_blobs=2270 nmethods=1061 adapters=909
 compilation: enabled
              stopped_count=0, restarted_count=0
 full_count=0

Compilation events (10 events):
Event: 2,128 Thread 0x00007f4bac16a000 1057       3       scala.runtime.BoxesRunTime::boxToFloat (5 bytes)
Event: 2,128 Thread 0x00007f4bac16a000 nmethod 1057 0x00007f4b952ed390 code [0x00007f4b952ed560, 0x00007f4b952ed870]
Event: 2,128 Thread 0x00007f4bac16a000 1058       3       Util.util.Vector2::$times (20 bytes)
Event: 2,129 Thread 0x00007f4bac16a000 nmethod 1058 0x00007f4b952ed990 code [0x00007f4b952edb60, 0x00007f4b952eded0]
Event: 2,129 Thread 0x00007f4bac16a000 1059       3       Util.util.Vector2::$minus (11 bytes)
Event: 2,129 Thread 0x00007f4bac16a000 nmethod 1059 0x00007f4b952ee010 code [0x00007f4b952ee240, 0x00007f4b952ee870]
Event: 2,129 Thread 0x00007f4bac16a000 1060       1       java.lang.Boolean::booleanValue (5 bytes)
Event: 2,130 Thread 0x00007f4bac16a000 nmethod 1060 0x00007f4b9c693e90 code [0x00007f4b9c694040, 0x00007f4b9c694170]
Event: 2,131 Thread 0x00007f4bac16a000 1061       3       scala.Tuple2::<init> (15 bytes)
Event: 2,132 Thread 0x00007f4bac16a000 nmethod 1061 0x00007f4b952eea90 code [0x00007f4b952eec40, 0x00007f4b952eeed0]

GC Heap History (2 events):
Event: 1,226 GC heap before
{Heap before GC invocations=0 (full 0):
 garbage-first heap   total 129024K, used 15076K [0x0000000085600000, 0x0000000100000000)
  region size 1024K, 14 young (14336K), 0 survivors (0K)
 Metaspace       used 4914K, capacity 7712K, committed 7936K, reserved 1056768K
  class space    used 411K, capacity 686K, committed 768K, reserved 1048576K
}
Event: 1,247 GC heap after
{Heap after GC invocations=1 (full 0):
 garbage-first heap   total 129024K, used 2964K [0x0000000085600000, 0x0000000100000000)
  region size 1024K, 2 young (2048K), 2 survivors (2048K)
 Metaspace       used 4914K, capacity 7712K, committed 7936K, reserved 1056768K
  class space    used 411K, capacity 686K, committed 768K, reserved 1048576K
}

Deoptimization events (8 events):
Event: 0,242 Thread 0x00007f4bac013800 Uncommon trap: reason=unstable_if action=reinterpret pc=0x00007f4b9c64d098 method=java.util.HashMap.putVal(ILjava/lang/Object;Ljava/lang/Object;ZZ)Ljava/lang/Object; @ 181 c2
Event: 0,553 Thread 0x00007f4bac013800 Uncommon trap: reason=bimorphic_or_optimized_type_check action=maybe_recompile pc=0x00007f4b9c649724 method=java.util.AbstractCollection.isEmpty()Z @ 1 c2
Event: 0,553 Thread 0x00007f4bac013800 Uncommon trap: reason=bimorphic_or_optimized_type_check action=maybe_recompile pc=0x00007f4b9c649724 method=java.util.AbstractCollection.isEmpty()Z @ 1 c2
Event: 0,554 Thread 0x00007f4bac013800 Uncommon trap: reason=bimorphic_or_optimized_type_check action=maybe_recompile pc=0x00007f4b9c649724 method=java.util.AbstractCollection.isEmpty()Z @ 1 c2
Event: 0,599 Thread 0x00007f4bac013800 Uncommon trap: reason=class_check action=maybe_recompile pc=0x00007f4b9c65f270 method=java.util.HashMap.getNode(ILjava/lang/Object;)Ljava/util/HashMap$Node; @ 126 c2
Event: 0,618 Thread 0x00007f4bac013800 Uncommon trap: reason=class_check action=maybe_recompile pc=0x00007f4b9c65f214 method=java.util.HashMap.getNode(ILjava/lang/Object;)Ljava/util/HashMap$Node; @ 59 c2
Event: 0,766 Thread 0x00007f4bac013800 Uncommon trap: reason=class_check action=maybe_recompile pc=0x00007f4b9c65f214 method=java.util.HashMap.getNode(ILjava/lang/Object;)Ljava/util/HashMap$Node; @ 59 c2
Event: 0,788 Thread 0x00007f4bac013800 Uncommon trap: reason=class_check action=maybe_recompile pc=0x00007f4b9c65f214 method=java.util.HashMap.getNode(ILjava/lang/Object;)Ljava/util/HashMap$Node; @ 59 c2

Classes redefined (0 events):
No events

Internal exceptions (10 events):
Event: 1,169 Thread 0x00007f4bac013800 Exception <a 'sun/nio/fs/UnixException'{0x000000008c42ade0}> (0x000000008c42ade0) thrown at [/scratch/opt/mach5/mesos/work_dir/slaves/2dd962d0-8988-479b-a804-57ab764ada59-S77524/frameworks/1735e8a2-a1db-478c-8104-60c8b0af87dd-0196/executors/1f998a92-396c-
Event: 1,769 Thread 0x00007f4bac013800 Exception <a 'java/lang/NoSuchMethodError'{0x000000008c18d5f0}: java.lang.invoke.DirectMethodHandle$Holder.invokeStatic(Ljava/lang/Object;Ljava/lang/Object;I)V> (0x000000008c18d5f0) thrown at [/scratch/opt/mach5/mesos/work_dir/slaves/2dd962d0-8988-479b-a8
Event: 1,770 Thread 0x00007f4bac013800 Exception <a 'java/lang/NoSuchMethodError'{0x000000008c190478}: java.lang.invoke.DirectMethodHandle$Holder.invokeStaticInit(Ljava/lang/Object;Ljava/lang/Object;I)V> (0x000000008c190478) thrown at [/scratch/opt/mach5/mesos/work_dir/slaves/2dd962d0-8988-479
Event: 1,773 Thread 0x00007f4bac013800 Exception <a 'java/lang/NoSuchMethodError'{0x000000008c19b810}: java.lang.invoke.DirectMethodHandle$Holder.invokeStaticInit(Ljava/lang/Object;Ljava/lang/Object;II)V> (0x000000008c19b810) thrown at [/scratch/opt/mach5/mesos/work_dir/slaves/2dd962d0-8988-47
Event: 1,778 Thread 0x00007f4bac013800 Exception <a 'java/lang/NoSuchMethodError'{0x000000008c1a15e8}: java.lang.invoke.Invokers$Holder.linkToTargetMethod(Ljava/lang/Object;ILjava/lang/Object;)Ljava/lang/Object;> (0x000000008c1a15e8) thrown at [/scratch/opt/mach5/mesos/work_dir/slaves/2dd962d0
Event: 1,873 Thread 0x00007f4bac013800 Exception <a 'java/lang/NoSuchMethodError'{0x000000008c012730}: java.lang.invoke.DirectMethodHandle$Holder.invokeStaticInit(Ljava/lang/Object;ILjava/lang/Object;ILjava/lang/Object;I)V> (0x000000008c012730) thrown at [/scratch/opt/mach5/mesos/work_dir/slav
Event: 1,883 Thread 0x00007f4bac013800 Exception <a 'java/lang/NoSuchMethodError'{0x000000008c024860}: java.lang.invoke.DirectMethodHandle$Holder.invokeStaticInit(Ljava/lang/Object;Ljava/lang/Object;IILjava/lang/Object;II)V> (0x000000008c024860) thrown at [/scratch/opt/mach5/mesos/work_dir/sla
Event: 1,993 Thread 0x00007f4bac013800 Exception <a 'java/lang/NoSuchMethodError'{0x000000008bff2910}: java.lang.invoke.DirectMethodHandle$Holder.invokeStatic(Ljava/lang/Object;JLjava/lang/Object;)Ljava/lang/Object;> (0x000000008bff2910) thrown at [/scratch/opt/mach5/mesos/work_dir/slaves/2dd9
Event: 2,054 Thread 0x00007f4bac013800 Exception <a 'java/lang/NoSuchMethodError'{0x000000008bea6100}: java.lang.invoke.Invokers$Holder.linkToTargetMethod(Ljava/lang/Object;Ljava/lang/Object;Ljava/lang/Object;ILjava/lang/Object;Ljava/lang/Object;)Ljava/lang/Object;> (0x000000008bea6100) thrown
Event: 2,105 Thread 0x00007f4bac013800 Exception <a 'java/lang/NoSuchMethodError'{0x000000008bef0b08}: java.lang.invoke.DirectMethodHandle$Holder.invokeStatic(Ljava/lang/Object;F)F> (0x000000008bef0b08) thrown at [/scratch/opt/mach5/mesos/work_dir/slaves/2dd962d0-8988-479b-a804-57ab764ada59-S7

Events (10 events):
Event: 2,106 loading class scala/runtime/java8/JFunction1$mcFF$sp
Event: 2,106 loading class scala/runtime/java8/JFunction1$mcFF$sp done
Event: 2,106 loading class scala/runtime/java8/JFunction1$mcFF$sp
Event: 2,106 loading class scala/runtime/java8/JFunction1$mcFF$sp done
Event: 2,129 loading class Render.output.Color$
Event: 2,129 loading class Render.output.Color$ done
Event: 2,129 loading class Render.output.Color
Event: 2,129 loading class Render.output.Color done
Event: 2,130 loading class scala/collection/immutable/HashMapBuilder
Event: 2,130 loading class scala/collection/immutable/HashMapBuilder done


Dynamic libraries:
00400000-00401000 r-xp 00000000 08:07 3541420                            /home/taiki/Stuff/jdk-12.0.1/bin/java
00600000-00601000 r--p 00000000 08:07 3541420                            /home/taiki/Stuff/jdk-12.0.1/bin/java
00601000-00602000 rw-p 00001000 08:07 3541420                            /home/taiki/Stuff/jdk-12.0.1/bin/java
015d6000-015f7000 rw-p 00000000 00:00 0                                  [heap]
40b4b000-40b4d000 r-xs 00000000 08:05 3546                               /tmp/.glZEC8uy (deleted)
4112c000-411cd000 rw-p 00000000 00:00 0 
85600000-8d200000 rw-p 00000000 00:00 0 
8d200000-ffe00000 ---p 00000000 00:00 0 
ffe00000-ffe47000 rw-p 0119c000 08:07 3670322                            /home/taiki/Stuff/jdk-12.0.1/lib/server/classes.jsa
ffe47000-fff00000 rw-p 00000000 00:00 0 
fff00000-fff72000 rw-p 0112a000 08:07 3670322                            /home/taiki/Stuff/jdk-12.0.1/lib/server/classes.jsa
fff72000-100000000 rw-p 00000000 00:00 0 
800000000-800003000 rwxp 00001000 08:07 3670322                          /home/taiki/Stuff/jdk-12.0.1/lib/server/classes.jsa
800003000-8003d9000 rw-p 00004000 08:07 3670322                          /home/taiki/Stuff/jdk-12.0.1/lib/server/classes.jsa
8003d9000-800ae3000 r--p 003da000 08:07 3670322                          /home/taiki/Stuff/jdk-12.0.1/lib/server/classes.jsa
800ae3000-800ae4000 rw-p 00ae4000 08:07 3670322                          /home/taiki/Stuff/jdk-12.0.1/lib/server/classes.jsa
800ae4000-801129000 r--p 00ae5000 08:07 3670322                          /home/taiki/Stuff/jdk-12.0.1/lib/server/classes.jsa
801129000-801289000 rw-p 00000000 00:00 0 
801289000-841129000 ---p 00000000 00:00 0 
7f4b10000000-7f4b10134000 rw-p 00000000 00:00 0 
7f4b10134000-7f4b14000000 ---p 00000000 00:00 0 
7f4b18000000-7f4b18021000 rw-p 00000000 00:00 0 
7f4b18021000-7f4b1c000000 ---p 00000000 00:00 0 
7f4b1c000000-7f4b1c021000 rw-p 00000000 00:00 0 
7f4b1c021000-7f4b20000000 ---p 00000000 00:00 0 
7f4b20000000-7f4b20021000 rw-p 00000000 00:00 0 
7f4b20021000-7f4b24000000 ---p 00000000 00:00 0 
7f4b24000000-7f4b24030000 rw-p 00000000 00:00 0 
7f4b24030000-7f4b28000000 ---p 00000000 00:00 0 
7f4b28000000-7f4b28021000 rw-p 00000000 00:00 0 
7f4b28021000-7f4b2c000000 ---p 00000000 00:00 0 
7f4b2c7f0000-7f4b2c9f0000 rw-s 00000000 00:06 429                        /dev/nvidiactl
7f4b2c9f0000-7f4b2cf26000 rw-p 00000000 00:00 0 
7f4b2cf26000-7f4b2d126000 rw-p 00000000 00:00 0 
7f4b2d126000-7f4b2d12a000 ---p 00000000 00:00 0 
7f4b2d12a000-7f4b2d227000 rw-p 00000000 00:00 0 
7f4b2d227000-7f4b2d267000 rw-s 00000000 08:07 2362247                    /home/taiki/#2362247 (deleted)
7f4b2d267000-7f4b2d2a7000 r-xs 00000000 08:07 2362247                    /home/taiki/#2362247 (deleted)
7f4b2d2a7000-7f4b2d2a8000 ---p 00000000 00:00 0 
7f4b2d2a8000-7f4b2d3a9000 rw-p 00000000 00:00 0 
7f4b2d3a9000-7f4b2d3aa000 ---p 00000000 00:00 0 
7f4b2d3aa000-7f4b2d4ab000 rw-p 00000000 00:00 0 
7f4b2d4ab000-7f4b2d502000 r-xp 00000000 08:05 3548                       /tmp/lwjgltaiki/3.2.2-build-10/liblwjgl_opengl.so
7f4b2d502000-7f4b2d701000 ---p 00057000 08:05 3548                       /tmp/lwjgltaiki/3.2.2-build-10/liblwjgl_opengl.so
7f4b2d701000-7f4b2d702000 r--p 00056000 08:05 3548                       /tmp/lwjgltaiki/3.2.2-build-10/liblwjgl_opengl.so
7f4b2d702000-7f4b2d703000 rw-p 00057000 08:05 3548                       /tmp/lwjgltaiki/3.2.2-build-10/liblwjgl_opengl.so
7f4b2d703000-7f4b2d704000 ---p 00000000 00:00 0 
7f4b2d704000-7f4b2d904000 rw-p 00000000 00:00 0 
7f4b2e12b000-7f4b2e12c000 ---p 00000000 00:00 0 
7f4b2e12c000-7f4b2e32c000 rw-p 00000000 00:00 0 
7f4b3e32c000-7f4b3e32d000 ---p 00000000 00:00 0 
7f4b3e32d000-7f4b3eb2d000 rw-p 00000000 00:00 0 
7f4b3eb2d000-7f4b3eb41000 r-xp 00000000 08:05 790355                     /lib/x86_64-linux-gnu/libgpg-error.so.0.22.0
7f4b3eb41000-7f4b3ed40000 ---p 00014000 08:05 790355                     /lib/x86_64-linux-gnu/libgpg-error.so.0.22.0
7f4b3ed40000-7f4b3ed41000 r--p 00013000 08:05 790355                     /lib/x86_64-linux-gnu/libgpg-error.so.0.22.0
7f4b3ed41000-7f4b3ed42000 rw-p 00014000 08:05 790355                     /lib/x86_64-linux-gnu/libgpg-error.so.0.22.0
7f4b3ed42000-7f4b3ed59000 r-xp 00000000 08:05 790452                     /lib/x86_64-linux-gnu/libresolv-2.27.so
7f4b3ed59000-7f4b3ef59000 ---p 00017000 08:05 790452                     /lib/x86_64-linux-gnu/libresolv-2.27.so
7f4b3ef59000-7f4b3ef5a000 r--p 00017000 08:05 790452                     /lib/x86_64-linux-gnu/libresolv-2.27.so
7f4b3ef5a000-7f4b3ef5b000 rw-p 00018000 08:05 790452                     /lib/x86_64-linux-gnu/libresolv-2.27.so
7f4b3ef5b000-7f4b3ef5d000 rw-p 00000000 00:00 0 
7f4b3ef5d000-7f4b3efea000 r-xp 00000000 08:05 140910                     /usr/lib/x86_64-linux-gnu/libvorbisenc.so.2.0.11
7f4b3efea000-7f4b3f1e9000 ---p 0008d000 08:05 140910                     /usr/lib/x86_64-linux-gnu/libvorbisenc.so.2.0.11
7f4b3f1e9000-7f4b3f205000 r--p 0008c000 08:05 140910                     /usr/lib/x86_64-linux-gnu/libvorbisenc.so.2.0.11
7f4b3f205000-7f4b3f206000 rw-p 000a8000 08:05 140910                     /usr/lib/x86_64-linux-gnu/libvorbisenc.so.2.0.11
7f4b3f206000-7f4b3f230000 r-xp 00000000 08:05 140908                     /usr/lib/x86_64-linux-gnu/libvorbis.so.0.4.8
7f4b3f230000-7f4b3f42f000 ---p 0002a000 08:05 140908                     /usr/lib/x86_64-linux-gnu/libvorbis.so.0.4.8
7f4b3f42f000-7f4b3f430000 r--p 00029000 08:05 140908                     /usr/lib/x86_64-linux-gnu/libvorbis.so.0.4.8
7f4b3f430000-7f4b3f431000 rw-p 0002a000 08:05 140908                     /usr/lib/x86_64-linux-gnu/libvorbis.so.0.4.8
7f4b3f431000-7f4b3f438000 r-xp 00000000 08:05 140584                     /usr/lib/x86_64-linux-gnu/libogg.so.0.8.2
7f4b3f438000-7f4b3f638000 ---p 00007000 08:05 140584                     /usr/lib/x86_64-linux-gnu/libogg.so.0.8.2
7f4b3f638000-7f4b3f639000 r--p 00007000 08:05 140584                     /usr/lib/x86_64-linux-gnu/libogg.so.0.8.2
7f4b3f639000-7f4b3f63a000 rw-p 00008000 08:05 140584                     /usr/lib/x86_64-linux-gnu/libogg.so.0.8.2
7f4b3f63a000-7f4b3f6af000 r-xp 00000000 08:05 139639                     /usr/lib/x86_64-linux-gnu/libFLAC.so.8.3.0
7f4b3f6af000-7f4b3f8af000 ---p 00075000 08:05 139639                     /usr/lib/x86_64-linux-gnu/libFLAC.so.8.3.0
7f4b3f8af000-7f4b3f8b0000 r--p 00075000 08:05 139639                     /usr/lib/x86_64-linux-gnu/libFLAC.so.8.3.0
7f4b3f8b0000-7f4b3f8b1000 rw-p 00076000 08:05 139639                     /usr/lib/x86_64-linux-gnu/libFLAC.so.8.3.0
7f4b3f8b1000-7f4b3f9c5000 r-xp 00000000 08:05 790353                     /lib/x86_64-linux-gnu/libgcrypt.so.20.2.1
7f4b3f9c5000-7f4b3fbc4000 ---p 00114000 08:05 790353                     /lib/x86_64-linux-gnu/libgcrypt.so.20.2.1
7f4b3fbc4000-7f4b3fbc6000 r--p 00113000 08:05 790353                     /lib/x86_64-linux-gnu/libgcrypt.so.20.2.1
7f4b3fbc6000-7f4b3fbcb000 rw-p 00115000 08:05 790353                     /lib/x86_64-linux-gnu/libgcrypt.so.20.2.1
7f4b3fbcb000-7f4b3fbcc000 rw-p 00000000 00:00 0 
7f4b3fbcc000-7f4b3fbe7000 r-xp 00000000 08:05 140469                     /usr/lib/x86_64-linux-gnu/liblz4.so.1.7.1
7f4b3fbe7000-7f4b3fde6000 ---p 0001b000 08:05 140469                     /usr/lib/x86_64-linux-gnu/liblz4.so.1.7.1
7f4b3fde6000-7f4b3fde7000 r--p 0001a000 08:05 140469                     /usr/lib/x86_64-linux-gnu/liblz4.so.1.7.1
7f4b3fde7000-7f4b3fde8000 rw-p 0001b000 08:05 140469                     /usr/lib/x86_64-linux-gnu/liblz4.so.1.7.1
7f4b3fde8000-7f4b3fe0c000 r-xp 00000000 08:05 790374                     /lib/x86_64-linux-gnu/liblzma.so.5.2.2
7f4b3fe0c000-7f4b4000c000 ---p 00024000 08:05 790374                     /lib/x86_64-linux-gnu/liblzma.so.5.2.2
7f4b4000c000-7f4b4000d000 r--p 00024000 08:05 790374                     /lib/x86_64-linux-gnu/liblzma.so.5.2.2
7f4b4000d000-7f4b4000e000 rw-p 00025000 08:05 790374                     /lib/x86_64-linux-gnu/liblzma.so.5.2.2
7f4b4000e000-7f4b40013000 r-xp 00000000 08:05 139812                     /usr/lib/x86_64-linux-gnu/libasyncns.so.0.3.1
7f4b40013000-7f4b40212000 ---p 00005000 08:05 139812                     /usr/lib/x86_64-linux-gnu/libasyncns.so.0.3.1
7f4b40212000-7f4b40213000 r--p 00004000 08:05 139812                     /usr/lib/x86_64-linux-gnu/libasyncns.so.0.3.1
7f4b40213000-7f4b40214000 rw-p 00005000 08:05 139812                     /usr/lib/x86_64-linux-gnu/libasyncns.so.0.3.1
7f4b40214000-7f4b40288000 r-xp 00000000 08:05 140777                     /usr/lib/x86_64-linux-gnu/libsndfile.so.1.0.28
7f4b40288000-7f4b40487000 ---p 00074000 08:05 140777                     /usr/lib/x86_64-linux-gnu/libsndfile.so.1.0.28
7f4b40487000-7f4b4048a000 r--p 00073000 08:05 140777                     /usr/lib/x86_64-linux-gnu/libsndfile.so.1.0.28
7f4b4048a000-7f4b4048b000 rw-p 00076000 08:05 140777                     /usr/lib/x86_64-linux-gnu/libsndfile.so.1.0.28
7f4b4048b000-7f4b4048d000 rw-p 00000000 00:00 0 
7f4b4048d000-7f4b40495000 r-xp 00000000 08:05 790483                     /lib/x86_64-linux-gnu/libwrap.so.0.7.6
7f4b40495000-7f4b40695000 ---p 00008000 08:05 790483                     /lib/x86_64-linux-gnu/libwrap.so.0.7.6
7f4b40695000-7f4b40696000 r--p 00008000 08:05 790483                     /lib/x86_64-linux-gnu/libwrap.so.0.7.6
7f4b40696000-7f4b40697000 rw-p 00009000 08:05 790483                     /lib/x86_64-linux-gnu/libwrap.so.0.7.6
7f4b40697000-7f4b40717000 r-xp 00000000 08:05 786554                     /lib/x86_64-linux-gnu/libsystemd.so.0.21.0
7f4b40717000-7f4b40916000 ---p 00080000 08:05 786554                     /lib/x86_64-linux-gnu/libsystemd.so.0.21.0
7f4b40916000-7f4b40919000 r--p 0007f000 08:05 786554                     /lib/x86_64-linux-gnu/libsystemd.so.0.21.0
7f4b40919000-7f4b4091a000 rw-p 00082000 08:05 786554                     /lib/x86_64-linux-gnu/libsystemd.so.0.21.0
7f4b4091a000-7f4b4091b000 rw-p 00000000 00:00 0 
7f4b4091b000-7f4b40966000 r-xp 00000000 08:05 790329                     /lib/x86_64-linux-gnu/libdbus-1.so.3.19.4
7f4b40966000-7f4b40b66000 ---p 0004b000 08:05 790329                     /lib/x86_64-linux-gnu/libdbus-1.so.3.19.4
7f4b40b66000-7f4b40b67000 r--p 0004b000 08:05 790329                     /lib/x86_64-linux-gnu/libdbus-1.so.3.19.4
7f4b40b67000-7f4b40b68000 rw-p 0004c000 08:05 790329                     /lib/x86_64-linux-gnu/libdbus-1.so.3.19.4
7f4b40b68000-7f4b40be4000 r-xp 00000000 08:05 261749                     /usr/lib/x86_64-linux-gnu/pulseaudio/libpulsecommon-11.1.so
7f4b40be4000-7f4b40de3000 ---p 0007c000 08:05 261749                     /usr/lib/x86_64-linux-gnu/pulseaudio/libpulsecommon-11.1.so
7f4b40de3000-7f4b40de5000 r--p 0007b000 08:05 261749                     /usr/lib/x86_64-linux-gnu/pulseaudio/libpulsecommon-11.1.so
7f4b40de5000-7f4b40de6000 rw-p 0007d000 08:05 261749                     /usr/lib/x86_64-linux-gnu/pulseaudio/libpulsecommon-11.1.so
7f4b40de6000-7f4b40e34000 r-xp 00000000 08:05 136388                     /usr/lib/x86_64-linux-gnu/libpulse.so.0.20.2
7f4b40e34000-7f4b41033000 ---p 0004e000 08:05 136388                     /usr/lib/x86_64-linux-gnu/libpulse.so.0.20.2
7f4b41033000-7f4b41035000 r--p 0004d000 08:05 136388                     /usr/lib/x86_64-linux-gnu/libpulse.so.0.20.2
7f4b41035000-7f4b41036000 rw-p 0004f000 08:05 136388                     /usr/lib/x86_64-linux-gnu/libpulse.so.0.20.2
7f4b41036000-7f4b4104d000 r-xp 00000000 08:05 801543                     /lib/x86_64-linux-gnu/libgcc_s.so.1
7f4b4104d000-7f4b4124c000 ---p 00017000 08:05 801543                     /lib/x86_64-linux-gnu/libgcc_s.so.1
7f4b4124c000-7f4b4124d000 r--p 00016000 08:05 801543                     /lib/x86_64-linux-gnu/libgcc_s.so.1
7f4b4124d000-7f4b4124e000 rw-p 00017000 08:05 801543                     /lib/x86_64-linux-gnu/libgcc_s.so.1
7f4b4124e000-7f4b413c7000 r-xp 00000000 08:05 131285                     /usr/lib/x86_64-linux-gnu/libstdc++.so.6.0.25
7f4b413c7000-7f4b415c7000 ---p 00179000 08:05 131285                     /usr/lib/x86_64-linux-gnu/libstdc++.so.6.0.25
7f4b415c7000-7f4b415d1000 r--p 00179000 08:05 131285                     /usr/lib/x86_64-linux-gnu/libstdc++.so.6.0.25
7f4b415d1000-7f4b415d3000 rw-p 00183000 08:05 131285                     /usr/lib/x86_64-linux-gnu/libstdc++.so.6.0.25
7f4b415d3000-7f4b415d7000 rw-p 00000000 00:00 0 
7f4b415d7000-7f4b4161b000 r-xp 00000000 08:05 140411                     /usr/lib/x86_64-linux-gnu/libjack.so.0.1.0
7f4b4161b000-7f4b4181b000 ---p 00044000 08:05 140411                     /usr/lib/x86_64-linux-gnu/libjack.so.0.1.0
7f4b4181b000-7f4b4181d000 r--p 00044000 08:05 140411                     /usr/lib/x86_64-linux-gnu/libjack.so.0.1.0
7f4b4181d000-7f4b4181e000 rw-p 00046000 08:05 140411                     /usr/lib/x86_64-linux-gnu/libjack.so.0.1.0
7f4b41838000-7f4b4192d000 r-xp 00000000 08:05 3542                       /tmp/lwjgltaiki/3.2.2-build-10/libopenal.so
7f4b4192d000-7f4b41b2c000 ---p 000f5000 08:05 3542                       /tmp/lwjgltaiki/3.2.2-build-10/libopenal.so
7f4b41b2c000-7f4b41b30000 r--p 000f4000 08:05 3542                       /tmp/lwjgltaiki/3.2.2-build-10/libopenal.so
7f4b41b30000-7f4b41b31000 rw-p 000f8000 08:05 3542                       /tmp/lwjgltaiki/3.2.2-build-10/libopenal.so
7f4b41b31000-7f4b41b36000 rw-p 00000000 00:00 0 
7f4b41b36000-7f4b41bb6000 rw-s 00000000 00:06 429                        /dev/nvidiactl
7f4b41bb6000-7f4b41c36000 rw-s 00000000 00:06 429                        /dev/nvidiactl
7f4b41c36000-7f4b41cb6000 rw-s 00000000 00:06 429                        /dev/nvidiactl
7f4b41cb6000-7f4b41db6000 rw-s 00000000 00:06 429                        /dev/nvidiactl
7f4b41db6000-7f4b41ebb000 rw-s 00000000 00:06 429                        /dev/nvidiactl
7f4b41ebb000-7f4b432da000 r-xp 00000000 08:05 158719                     /usr/lib/x86_64-linux-gnu/libnvidia-glcore.so.390.116
7f4b432da000-7f4b432fb000 rwxp 0141f000 08:05 158719                     /usr/lib/x86_64-linux-gnu/libnvidia-glcore.so.390.116
7f4b432fb000-7f4b43737000 r-xp 01440000 08:05 158719                     /usr/lib/x86_64-linux-gnu/libnvidia-glcore.so.390.116
7f4b43737000-7f4b43936000 ---p 0187c000 08:05 158719                     /usr/lib/x86_64-linux-gnu/libnvidia-glcore.so.390.116
7f4b43936000-7f4b43ca9000 rw-p 0187b000 08:05 158719                     /usr/lib/x86_64-linux-gnu/libnvidia-glcore.so.390.116
7f4b43ca9000-7f4b43cc3000 rw-p 00000000 00:00 0 
7f4b43cc3000-7f4b43d8c000 r-xp 00000000 08:05 158716                     /usr/lib/x86_64-linux-gnu/libGLX_nvidia.so.390.116
7f4b43d8c000-7f4b43dc0000 rwxp 000c9000 08:05 158716                     /usr/lib/x86_64-linux-gnu/libGLX_nvidia.so.390.116
7f4b43dc0000-7f4b43dd4000 r-xp 000fd000 08:05 158716                     /usr/lib/x86_64-linux-gnu/libGLX_nvidia.so.390.116
7f4b43dd4000-7f4b43fd4000 ---p 00111000 08:05 158716                     /usr/lib/x86_64-linux-gnu/libGLX_nvidia.so.390.116
7f4b43fd4000-7f4b43ff9000 rw-p 00111000 08:05 158716                     /usr/lib/x86_64-linux-gnu/libGLX_nvidia.so.390.116
7f4b43ff9000-7f4b44000000 rw-p 00000000 00:00 0 
7f4b44000000-7f4b44021000 rw-p 00000000 00:00 0 
7f4b44021000-7f4b48000000 ---p 00000000 00:00 0 
7f4b48000000-7f4b48021000 rw-p 00000000 00:00 0 
7f4b48021000-7f4b4c000000 ---p 00000000 00:00 0 
7f4b4c000000-7f4b4c021000 rw-p 00000000 00:00 0 
7f4b4c021000-7f4b50000000 ---p 00000000 00:00 0 
7f4b50000000-7f4b50021000 rw-p 00000000 00:00 0 
7f4b50021000-7f4b54000000 ---p 00000000 00:00 0 
7f4b54000000-7f4b54021000 rw-p 00000000 00:00 0 
7f4b54021000-7f4b58000000 ---p 00000000 00:00 0 
7f4b58000000-7f4b58021000 rw-p 00000000 00:00 0 
7f4b58021000-7f4b5c000000 ---p 00000000 00:00 0 
7f4b5c000000-7f4b5c3a6000 rw-p 00000000 00:00 0 
7f4b5c3a6000-7f4b60000000 ---p 00000000 00:00 0 
7f4b60000000-7f4b60505000 rw-p 00000000 00:00 0 
7f4b60505000-7f4b64000000 ---p 00000000 00:00 0 
7f4b64000000-7f4b64021000 rw-p 00000000 00:00 0 
7f4b64021000-7f4b68000000 ---p 00000000 00:00 0 
7f4b6800d000-7f4b68010000 r-xp 00000000 08:05 158726                     /usr/lib/x86_64-linux-gnu/tls/libnvidia-tls.so.390.116
7f4b68010000-7f4b68210000 ---p 00003000 08:05 158726                     /usr/lib/x86_64-linux-gnu/tls/libnvidia-tls.so.390.116
7f4b68210000-7f4b68211000 rw-p 00003000 08:05 158726                     /usr/lib/x86_64-linux-gnu/tls/libnvidia-tls.so.390.116
7f4b68211000-7f4b68253000 r-xp 00000000 08:05 139642                     /usr/lib/x86_64-linux-gnu/libGLdispatch.so.0.0.0
7f4b68253000-7f4b6826c000 r-xp 00042000 08:05 139642                     /usr/lib/x86_64-linux-gnu/libGLdispatch.so.0.0.0
7f4b6826c000-7f4b6827f000 r-xp 0005b000 08:05 139642                     /usr/lib/x86_64-linux-gnu/libGLdispatch.so.0.0.0
7f4b6827f000-7f4b6847e000 ---p 0006e000 08:05 139642                     /usr/lib/x86_64-linux-gnu/libGLdispatch.so.0.0.0
7f4b6847e000-7f4b684a6000 r--p 0006d000 08:05 139642                     /usr/lib/x86_64-linux-gnu/libGLdispatch.so.0.0.0
7f4b684a6000-7f4b684a7000 rw-p 00095000 08:05 139642                     /usr/lib/x86_64-linux-gnu/libGLdispatch.so.0.0.0
7f4b684a7000-7f4b684c7000 rw-p 00000000 00:00 0 
7f4b684c7000-7f4b684d7000 r-xp 00000000 08:05 139640                     /usr/lib/x86_64-linux-gnu/libGLX.so.0.0.0
7f4b684d7000-7f4b686d6000 ---p 00010000 08:05 139640                     /usr/lib/x86_64-linux-gnu/libGLX.so.0.0.0
7f4b686d6000-7f4b686d7000 r--p 0000f000 08:05 139640                     /usr/lib/x86_64-linux-gnu/libGLX.so.0.0.0
7f4b686d7000-7f4b686d8000 rw-p 00010000 08:05 139640                     /usr/lib/x86_64-linux-gnu/libGLX.so.0.0.0
7f4b686d8000-7f4b686f8000 rw-p 00000000 00:00 0 
7f4b686f8000-7f4b6873c000 r-xp 00000000 08:05 139634                     /usr/lib/x86_64-linux-gnu/libGL.so.1.0.0
7f4b6873c000-7f4b68755000 r-xp 00044000 08:05 139634                     /usr/lib/x86_64-linux-gnu/libGL.so.1.0.0
7f4b68755000-7f4b68769000 r-xp 0005d000 08:05 139634                     /usr/lib/x86_64-linux-gnu/libGL.so.1.0.0
7f4b68769000-7f4b68968000 ---p 00071000 08:05 139634                     /usr/lib/x86_64-linux-gnu/libGL.so.1.0.0
7f4b68968000-7f4b68982000 r--p 00070000 08:05 139634                     /usr/lib/x86_64-linux-gnu/libGL.so.1.0.0
7f4b68982000-7f4b68983000 rw-p 0008a000 08:05 139634                     /usr/lib/x86_64-linux-gnu/libGL.so.1.0.0
7f4b68983000-7f4b68984000 rw-p 00000000 00:00 0 
7f4b68984000-7f4b68985000 r-xp 00000000 08:05 134162                     /usr/lib/x86_64-linux-gnu/libX11-xcb.so.1.0.0
7f4b68985000-7f4b68b84000 ---p 00001000 08:05 134162                     /usr/lib/x86_64-linux-gnu/libX11-xcb.so.1.0.0
7f4b68b84000-7f4b68b85000 r--p 00000000 08:05 134162                     /usr/lib/x86_64-linux-gnu/libX11-xcb.so.1.0.0
7f4b68b85000-7f4b68b86000 rw-p 00001000 08:05 134162                     /usr/lib/x86_64-linux-gnu/libX11-xcb.so.1.0.0
7f4b68b86000-7f4b68b88000 r-xp 00000000 08:05 139740                     /usr/lib/x86_64-linux-gnu/libXinerama.so.1.0.0
7f4b68b88000-7f4b68d87000 ---p 00002000 08:05 139740                     /usr/lib/x86_64-linux-gnu/libXinerama.so.1.0.0
7f4b68d87000-7f4b68d88000 r--p 00001000 08:05 139740                     /usr/lib/x86_64-linux-gnu/libXinerama.so.1.0.0
7f4b68d88000-7f4b68d89000 rw-p 00002000 08:05 139740                     /usr/lib/x86_64-linux-gnu/libXinerama.so.1.0.0
7f4b68d89000-7f4b68d8e000 r-xp 00000000 08:05 139732                     /usr/lib/x86_64-linux-gnu/libXfixes.so.3.1.0
7f4b68d8e000-7f4b68f8d000 ---p 00005000 08:05 139732                     /usr/lib/x86_64-linux-gnu/libXfixes.so.3.1.0
7f4b68f8d000-7f4b68f8e000 r--p 00004000 08:05 139732                     /usr/lib/x86_64-linux-gnu/libXfixes.so.3.1.0
7f4b68f8e000-7f4b68f8f000 rw-p 00005000 08:05 139732                     /usr/lib/x86_64-linux-gnu/libXfixes.so.3.1.0
7f4b68f8f000-7f4b68f98000 r-xp 00000000 08:05 139724                     /usr/lib/x86_64-linux-gnu/libXcursor.so.1.0.2
7f4b68f98000-7f4b69197000 ---p 00009000 08:05 139724                     /usr/lib/x86_64-linux-gnu/libXcursor.so.1.0.2
7f4b69197000-7f4b69198000 r--p 00008000 08:05 139724                     /usr/lib/x86_64-linux-gnu/libXcursor.so.1.0.2
7f4b69198000-7f4b69199000 rw-p 00009000 08:05 139724                     /usr/lib/x86_64-linux-gnu/libXcursor.so.1.0.2
7f4b69199000-7f4b691a2000 r-xp 00000000 08:05 139750                     /usr/lib/x86_64-linux-gnu/libXrender.so.1.3.0
7f4b691a2000-7f4b693a1000 ---p 00009000 08:05 139750                     /usr/lib/x86_64-linux-gnu/libXrender.so.1.3.0
7f4b693a1000-7f4b693a2000 r--p 00008000 08:05 139750                     /usr/lib/x86_64-linux-gnu/libXrender.so.1.3.0
7f4b693a2000-7f4b693a3000 rw-p 00009000 08:05 139750                     /usr/lib/x86_64-linux-gnu/libXrender.so.1.3.0
7f4b693a3000-7f4b693ad000 r-xp 00000000 08:05 139748                     /usr/lib/x86_64-linux-gnu/libXrandr.so.2.2.0
7f4b693ad000-7f4b695ac000 ---p 0000a000 08:05 139748                     /usr/lib/x86_64-linux-gnu/libXrandr.so.2.2.0
7f4b695ac000-7f4b695ad000 r--p 00009000 08:05 139748                     /usr/lib/x86_64-linux-gnu/libXrandr.so.2.2.0
7f4b695ad000-7f4b695ae000 rw-p 0000a000 08:05 139748                     /usr/lib/x86_64-linux-gnu/libXrandr.so.2.2.0
7f4b695ae000-7f4b695bd000 r-xp 00000000 08:05 139738                     /usr/lib/x86_64-linux-gnu/libXi.so.6.1.0
7f4b695bd000-7f4b697bc000 ---p 0000f000 08:05 139738                     /usr/lib/x86_64-linux-gnu/libXi.so.6.1.0
7f4b697bc000-7f4b697bd000 r--p 0000e000 08:05 139738                     /usr/lib/x86_64-linux-gnu/libXi.so.6.1.0
7f4b697bd000-7f4b697be000 rw-p 0000f000 08:05 139738                     /usr/lib/x86_64-linux-gnu/libXi.so.6.1.0
7f4b697be000-7f4b697cf000 r-xp 00000000 08:05 139730                     /usr/lib/x86_64-linux-gnu/libXext.so.6.4.0
7f4b697cf000-7f4b699ce000 ---p 00011000 08:05 139730                     /usr/lib/x86_64-linux-gnu/libXext.so.6.4.0
7f4b699ce000-7f4b699cf000 r--p 00010000 08:05 139730                     /usr/lib/x86_64-linux-gnu/libXext.so.6.4.0
7f4b699cf000-7f4b699d0000 rw-p 00011000 08:05 139730                     /usr/lib/x86_64-linux-gnu/libXext.so.6.4.0
7f4b699d0000-7f4b699d5000 r-xp 00000000 08:05 139766                     /usr/lib/x86_64-linux-gnu/libXxf86vm.so.1.0.0
7f4b699d5000-7f4b69bd4000 ---p 00005000 08:05 139766                     /usr/lib/x86_64-linux-gnu/libXxf86vm.so.1.0.0
7f4b69bd4000-7f4b69bd5000 r--p 00004000 08:05 139766                     /usr/lib/x86_64-linux-gnu/libXxf86vm.so.1.0.0
7f4b69bd5000-7f4b69bd6000 rw-p 00005000 08:05 139766                     /usr/lib/x86_64-linux-gnu/libXxf86vm.so.1.0.0
7f4b69bd6000-7f4b69be9000 r-xp 00000000 08:05 790310                     /lib/x86_64-linux-gnu/libbsd.so.0.8.7
7f4b69be9000-7f4b69de8000 ---p 00013000 08:05 790310                     /lib/x86_64-linux-gnu/libbsd.so.0.8.7
7f4b69de8000-7f4b69de9000 r--p 00012000 08:05 790310                     /lib/x86_64-linux-gnu/libbsd.so.0.8.7
7f4b69de9000-7f4b69dea000 rw-p 00013000 08:05 790310                     /lib/x86_64-linux-gnu/libbsd.so.0.8.7
7f4b69dea000-7f4b69deb000 rw-p 00000000 00:00 0 
7f4b69deb000-7f4b69df0000 r-xp 00000000 08:05 139728                     /usr/lib/x86_64-linux-gnu/libXdmcp.so.6.0.0
7f4b69df0000-7f4b69fef000 ---p 00005000 08:05 139728                     /usr/lib/x86_64-linux-gnu/libXdmcp.so.6.0.0
7f4b69fef000-7f4b69ff0000 r--p 00004000 08:05 139728                     /usr/lib/x86_64-linux-gnu/libXdmcp.so.6.0.0
7f4b69ff0000-7f4b69ff1000 rw-p 00005000 08:05 139728                     /usr/lib/x86_64-linux-gnu/libXdmcp.so.6.0.0
7f4b69ff1000-7f4b69ff3000 r-xp 00000000 08:05 139717                     /usr/lib/x86_64-linux-gnu/libXau.so.6.0.0
7f4b69ff3000-7f4b6a1f3000 ---p 00002000 08:05 139717                     /usr/lib/x86_64-linux-gnu/libXau.so.6.0.0
7f4b6a1f3000-7f4b6a1f4000 r--p 00002000 08:05 139717                     /usr/lib/x86_64-linux-gnu/libXau.so.6.0.0
7f4b6a1f4000-7f4b6a1f5000 rw-p 00003000 08:05 139717                     /usr/lib/x86_64-linux-gnu/libXau.so.6.0.0
7f4b6a1f5000-7f4b6a21b000 r-xp 00000000 08:05 134158                     /usr/lib/x86_64-linux-gnu/libxcb.so.1.1.0
7f4b6a21b000-7f4b6a41b000 ---p 00026000 08:05 134158                     /usr/lib/x86_64-linux-gnu/libxcb.so.1.1.0
7f4b6a41b000-7f4b6a41c000 r--p 00026000 08:05 134158                     /usr/lib/x86_64-linux-gnu/libxcb.so.1.1.0
7f4b6a41c000-7f4b6a41d000 rw-p 00027000 08:05 134158                     /usr/lib/x86_64-linux-gnu/libxcb.so.1.1.0
7f4b6a41d000-7f4b6c000000 r--p 00000000 08:05 136274                     /usr/lib/locale/locale-archive
7f4b6c000000-7f4b6c021000 rw-p 00000000 00:00 0 
7f4b6c021000-7f4b70000000 ---p 00000000 00:00 0 
7f4b70000000-7f4b70021000 rw-p 00000000 00:00 0 
7f4b70021000-7f4b74000000 ---p 00000000 00:00 0 
7f4b74000000-7f4b74021000 rw-p 00000000 00:00 0 
7f4b74021000-7f4b78000000 ---p 00000000 00:00 0 
7f4b78000000-7f4b78021000 rw-p 00000000 00:00 0 
7f4b78021000-7f4b7c000000 ---p 00000000 00:00 0 
7f4b7c000000-7f4b7c021000 rw-p 00000000 00:00 0 
7f4b7c021000-7f4b80000000 ---p 00000000 00:00 0 
7f4b80004000-7f4b80024000 rw-s 00000000 00:06 580                        /dev/nvidia0
7f4b80024000-7f4b80064000 rw-s 00000000 00:06 429                        /dev/nvidiactl
7f4b80064000-7f4b800a4000 rw-s 00000000 00:06 429                        /dev/nvidiactl
7f4b800a4000-7f4b800a5000 ---p 00000000 00:00 0 
7f4b800a5000-7f4b800a9000 ---p 00000000 00:00 0 
7f4b800a9000-7f4b801a5000 rw-p 00000000 00:00 0 
7f4b801a5000-7f4b802d8000 r-xp 00000000 08:05 134160                     /usr/lib/x86_64-linux-gnu/libX11.so.6.3.0
7f4b802d8000-7f4b804d8000 ---p 00133000 08:05 134160                     /usr/lib/x86_64-linux-gnu/libX11.so.6.3.0
7f4b804d8000-7f4b804d9000 r--p 00133000 08:05 134160                     /usr/lib/x86_64-linux-gnu/libX11.so.6.3.0
7f4b804d9000-7f4b804dd000 rw-p 00134000 08:05 134160                     /usr/lib/x86_64-linux-gnu/libX11.so.6.3.0
7f4b804dd000-7f4b80520000 r-xp 00000000 08:05 3545                       /tmp/lwjgltaiki/3.2.2-build-10/libglfw.so
7f4b80520000-7f4b8071f000 ---p 00043000 08:05 3545                       /tmp/lwjgltaiki/3.2.2-build-10/libglfw.so
7f4b8071f000-7f4b80720000 r--p 00042000 08:05 3545                       /tmp/lwjgltaiki/3.2.2-build-10/libglfw.so
7f4b80720000-7f4b80722000 rw-p 00043000 08:05 3545                       /tmp/lwjgltaiki/3.2.2-build-10/libglfw.so
7f4b80722000-7f4b80743000 rw-p 00000000 00:00 0 
7f4b80743000-7f4b807c6000 r-xp 00000000 08:05 3541                       /tmp/lwjgltaiki/3.2.2-build-10/liblwjgl.so
7f4b807c6000-7f4b809c6000 ---p 00083000 08:05 3541                       /tmp/lwjgltaiki/3.2.2-build-10/liblwjgl.so
7f4b809c6000-7f4b809c7000 r--p 00083000 08:05 3541                       /tmp/lwjgltaiki/3.2.2-build-10/liblwjgl.so
7f4b809c7000-7f4b809c9000 rw-p 00084000 08:05 3541                       /tmp/lwjgltaiki/3.2.2-build-10/liblwjgl.so
7f4b809c9000-7f4b809ca000 rw-p 00000000 00:00 0 
7f4b809ca000-7f4b809cc000 r-xp 00000000 08:07 3670281                    /home/taiki/Stuff/jdk-12.0.1/lib/libextnet.so
7f4b809cc000-7f4b80bcb000 ---p 00002000 08:07 3670281                    /home/taiki/Stuff/jdk-12.0.1/lib/libextnet.so
7f4b80bcb000-7f4b80bcc000 r--p 00001000 08:07 3670281                    /home/taiki/Stuff/jdk-12.0.1/lib/libextnet.so
7f4b80bcc000-7f4b80bcd000 rw-p 00002000 08:07 3670281                    /home/taiki/Stuff/jdk-12.0.1/lib/libextnet.so
7f4b80bcd000-7f4b80bce000 ---p 00000000 00:00 0 
7f4b80bce000-7f4b80ccf000 rw-p 00000000 00:00 0 
7f4b80ccf000-7f4b80cd3000 ---p 00000000 00:00 0 
7f4b80cd3000-7f4b80dd0000 rw-p 00000000 00:00 0 
7f4b80dd0000-7f4b80dd4000 ---p 00000000 00:00 0 
7f4b80dd4000-7f4b80ed1000 rw-p 00000000 00:00 0 
7f4b80ed1000-7f4b80ee7000 r-xp 00000000 08:07 3670301                    /home/taiki/Stuff/jdk-12.0.1/lib/libnet.so
7f4b80ee7000-7f4b810e7000 ---p 00016000 08:07 3670301                    /home/taiki/Stuff/jdk-12.0.1/lib/libnet.so
7f4b810e7000-7f4b810e8000 r--p 00016000 08:07 3670301                    /home/taiki/Stuff/jdk-12.0.1/lib/libnet.so
7f4b810e8000-7f4b810e9000 rw-p 00017000 08:07 3670301                    /home/taiki/Stuff/jdk-12.0.1/lib/libnet.so
7f4b810e9000-7f4b810fa000 r-xp 00000000 08:07 3670302                    /home/taiki/Stuff/jdk-12.0.1/lib/libnio.so
7f4b810fa000-7f4b812f9000 ---p 00011000 08:07 3670302                    /home/taiki/Stuff/jdk-12.0.1/lib/libnio.so
7f4b812f9000-7f4b812fa000 r--p 00010000 08:07 3670302                    /home/taiki/Stuff/jdk-12.0.1/lib/libnio.so
7f4b812fa000-7f4b812fb000 rw-p 00011000 08:07 3670302                    /home/taiki/Stuff/jdk-12.0.1/lib/libnio.so
7f4b812fb000-7f4b812ff000 ---p 00000000 00:00 0 
7f4b812ff000-7f4b813fc000 rw-p 00000000 00:00 0 
7f4b813fc000-7f4b81400000 ---p 00000000 00:00 0 
7f4b81400000-7f4b814fd000 rw-p 00000000 00:00 0 
7f4b814fd000-7f4b81501000 ---p 00000000 00:00 0 
7f4b81501000-7f4b815fe000 rw-p 00000000 00:00 0 
7f4b815fe000-7f4b81602000 ---p 00000000 00:00 0 
7f4b81602000-7f4b816ff000 rw-p 00000000 00:00 0 
7f4b816ff000-7f4b81703000 ---p 00000000 00:00 0 
7f4b81703000-7f4b84000000 rw-p 00000000 00:00 0 
7f4b84000000-7f4b84021000 rw-p 00000000 00:00 0 
7f4b84021000-7f4b88000000 ---p 00000000 00:00 0 
7f4b88000000-7f4b88021000 rw-p 00000000 00:00 0 
7f4b88021000-7f4b8c000000 ---p 00000000 00:00 0 
7f4b8c000000-7f4b8c021000 rw-p 00000000 00:00 0 
7f4b8c021000-7f4b90000000 ---p 00000000 00:00 0 
7f4b90001000-7f4b90003000 r-xp 00000000 00:00 0 
7f4b90003000-7f4b90005000 rw-s 00000000 08:05 3546                       /tmp/.glZEC8uy (deleted)
7f4b90005000-7f4b90025000 rw-s 00000000 00:06 429                        /dev/nvidiactl
7f4b90045000-7f4b90049000 ---p 00000000 00:00 0 
7f4b90049000-7f4b90146000 rw-p 00000000 00:00 0 
7f4b90146000-7f4b9014a000 ---p 00000000 00:00 0 
7f4b9014a000-7f4b90247000 rw-p 00000000 00:00 0 
7f4b90247000-7f4b90248000 ---p 00000000 00:00 0 
7f4b90248000-7f4b90349000 rw-p 00000000 00:00 0 
7f4b90349000-7f4b9034a000 ---p 00000000 00:00 0 
7f4b9034a000-7f4b9044b000 rw-p 00000000 00:00 0 
7f4b9044b000-7f4b9044c000 ---p 00000000 00:00 0 
7f4b9044c000-7f4b90951000 rw-p 00000000 00:00 0 
7f4b90951000-7f4b90952000 ---p 00000000 00:00 0 
7f4b90952000-7f4b90c43000 rw-p 00000000 00:00 0 
7f4b90c43000-7f4b928f3000 ---p 00000000 00:00 0 
7f4b928f3000-7f4b92aeb000 rw-p 00000000 00:00 0 
7f4b92aeb000-7f4b9479b000 ---p 00000000 00:00 0 
7f4b9479b000-7f4b947e1000 rw-p 00000000 00:00 0 
7f4b947e1000-7f4b94b77000 ---p 00000000 00:00 0 
7f4b94b77000-7f4b94b78000 rw-p 00000000 00:00 0 
7f4b94b78000-7f4b94de8000 rwxp 00000000 00:00 0 
7f4b94de8000-7f4b95108000 ---p 00000000 00:00 0 
7f4b95108000-7f4b95378000 rwxp 00000000 00:00 0 
7f4b95378000-7f4b9c640000 ---p 00000000 00:00 0 
7f4b9c640000-7f4b9c8b0000 rwxp 00000000 00:00 0 
7f4b9c8b0000-7f4ba3b78000 ---p 00000000 00:00 0 
7f4ba3b78000-7f4bac000000 r--s 00000000 08:07 3670312                    /home/taiki/Stuff/jdk-12.0.1/lib/modules
7f4bac000000-7f4bacb39000 rw-p 00000000 00:00 0 
7f4bacb39000-7f4bb0000000 ---p 00000000 00:00 0 
7f4bb0000000-7f4bb0013000 rw-s 00000000 00:06 429                        /dev/nvidiactl
7f4bb0013000-7f4bb0017000 rw-s 00000000 00:06 429                        /dev/nvidiactl
7f4bb0017000-7f4bb001e000 r--s 00000000 08:05 262762                     /usr/lib/x86_64-linux-gnu/gconv/gconv-modules.cache
7f4bb001e000-7f4bb009f000 rw-p 00000000 00:00 0 
7f4bb009f000-7f4bb00a0000 ---p 00000000 00:00 0 
7f4bb00a0000-7f4bb01a1000 rw-p 00000000 00:00 0 
7f4bb01a1000-7f4bb01a2000 ---p 00000000 00:00 0 
7f4bb01a2000-7f4bb02e1000 rw-p 00000000 00:00 0 
7f4bb02e1000-7f4bb0677000 ---p 00000000 00:00 0 
7f4bb0677000-7f4bb06b6000 rw-p 00000000 00:00 0 
7f4bb06b6000-7f4bb0a4c000 ---p 00000000 00:00 0 
7f4bb0a4c000-7f4bb0e56000 rw-p 00000000 00:00 0 
7f4bb0e56000-7f4bb0f3c000 ---p 00000000 00:00 0 
7f4bb0f3c000-7f4bb0f41000 rw-p 00000000 00:00 0 
7f4bb0f41000-7f4bb1027000 ---p 00000000 00:00 0 
7f4bb1027000-7f4bb1042000 r-xp 00000000 08:07 3670292                    /home/taiki/Stuff/jdk-12.0.1/lib/libjimage.so
7f4bb1042000-7f4bb1241000 ---p 0001b000 08:07 3670292                    /home/taiki/Stuff/jdk-12.0.1/lib/libjimage.so
7f4bb1241000-7f4bb1243000 r--p 0001a000 08:07 3670292                    /home/taiki/Stuff/jdk-12.0.1/lib/libjimage.so
7f4bb1243000-7f4bb1244000 rw-p 0001c000 08:07 3670292                    /home/taiki/Stuff/jdk-12.0.1/lib/libjimage.so
7f4bb1244000-7f4bb124b000 r-xp 00000000 08:07 3670311                    /home/taiki/Stuff/jdk-12.0.1/lib/libzip.so
7f4bb124b000-7f4bb144a000 ---p 00007000 08:07 3670311                    /home/taiki/Stuff/jdk-12.0.1/lib/libzip.so
7f4bb144a000-7f4bb144b000 r--p 00006000 08:07 3670311                    /home/taiki/Stuff/jdk-12.0.1/lib/libzip.so
7f4bb144b000-7f4bb144c000 rw-p 00007000 08:07 3670311                    /home/taiki/Stuff/jdk-12.0.1/lib/libzip.so
7f4bb144c000-7f4bb1457000 r-xp 00000000 08:05 790404                     /lib/x86_64-linux-gnu/libnss_files-2.27.so
7f4bb1457000-7f4bb1656000 ---p 0000b000 08:05 790404                     /lib/x86_64-linux-gnu/libnss_files-2.27.so
7f4bb1656000-7f4bb1657000 r--p 0000a000 08:05 790404                     /lib/x86_64-linux-gnu/libnss_files-2.27.so
7f4bb1657000-7f4bb1658000 rw-p 0000b000 08:05 790404                     /lib/x86_64-linux-gnu/libnss_files-2.27.so
7f4bb1658000-7f4bb165e000 rw-p 00000000 00:00 0 
7f4bb165e000-7f4bb1675000 r-xp 00000000 08:05 790398                     /lib/x86_64-linux-gnu/libnsl-2.27.so
7f4bb1675000-7f4bb1874000 ---p 00017000 08:05 790398                     /lib/x86_64-linux-gnu/libnsl-2.27.so
7f4bb1874000-7f4bb1875000 r--p 00016000 08:05 790398                     /lib/x86_64-linux-gnu/libnsl-2.27.so
7f4bb1875000-7f4bb1876000 rw-p 00017000 08:05 790398                     /lib/x86_64-linux-gnu/libnsl-2.27.so
7f4bb1876000-7f4bb1878000 rw-p 00000000 00:00 0 
7f4bb1878000-7f4bb1883000 r-xp 00000000 08:05 790414                     /lib/x86_64-linux-gnu/libnss_nis-2.27.so
7f4bb1883000-7f4bb1a82000 ---p 0000b000 08:05 790414                     /lib/x86_64-linux-gnu/libnss_nis-2.27.so
7f4bb1a82000-7f4bb1a83000 r--p 0000a000 08:05 790414                     /lib/x86_64-linux-gnu/libnss_nis-2.27.so
7f4bb1a83000-7f4bb1a84000 rw-p 0000b000 08:05 790414                     /lib/x86_64-linux-gnu/libnss_nis-2.27.so
7f4bb1a84000-7f4bb1a8c000 r-xp 00000000 08:05 790400                     /lib/x86_64-linux-gnu/libnss_compat-2.27.so
7f4bb1a8c000-7f4bb1c8c000 ---p 00008000 08:05 790400                     /lib/x86_64-linux-gnu/libnss_compat-2.27.so
7f4bb1c8c000-7f4bb1c8d000 r--p 00008000 08:05 790400                     /lib/x86_64-linux-gnu/libnss_compat-2.27.so
7f4bb1c8d000-7f4bb1c8e000 rw-p 00009000 08:05 790400                     /lib/x86_64-linux-gnu/libnss_compat-2.27.so
7f4bb1c8e000-7f4bb1c98000 r-xp 00000000 08:07 3670283                    /home/taiki/Stuff/jdk-12.0.1/lib/libinstrument.so
7f4bb1c98000-7f4bb1e97000 ---p 0000a000 08:07 3670283                    /home/taiki/Stuff/jdk-12.0.1/lib/libinstrument.so
7f4bb1e97000-7f4bb1e98000 r--p 00009000 08:07 3670283                    /home/taiki/Stuff/jdk-12.0.1/lib/libinstrument.so
7f4bb1e98000-7f4bb1e99000 rw-p 0000a000 08:07 3670283                    /home/taiki/Stuff/jdk-12.0.1/lib/libinstrument.so
7f4bb1e99000-7f4bb1ec1000 r-xp 00000000 08:07 3670288                    /home/taiki/Stuff/jdk-12.0.1/lib/libjava.so
7f4bb1ec1000-7f4bb20c0000 ---p 00028000 08:07 3670288                    /home/taiki/Stuff/jdk-12.0.1/lib/libjava.so
7f4bb20c0000-7f4bb20c1000 r--p 00027000 08:07 3670288                    /home/taiki/Stuff/jdk-12.0.1/lib/libjava.so
7f4bb20c1000-7f4bb20c3000 rw-p 00028000 08:07 3670288                    /home/taiki/Stuff/jdk-12.0.1/lib/libjava.so
7f4bb20c3000-7f4bb20d0000 r-xp 00000000 08:07 3670310                    /home/taiki/Stuff/jdk-12.0.1/lib/libverify.so
7f4bb20d0000-7f4bb22cf000 ---p 0000d000 08:07 3670310                    /home/taiki/Stuff/jdk-12.0.1/lib/libverify.so
7f4bb22cf000-7f4bb22d1000 r--p 0000c000 08:07 3670310                    /home/taiki/Stuff/jdk-12.0.1/lib/libverify.so
7f4bb22d1000-7f4bb22d2000 rw-p 0000e000 08:07 3670310                    /home/taiki/Stuff/jdk-12.0.1/lib/libverify.so
7f4bb22d2000-7f4bb22d9000 r-xp 00000000 08:05 790454                     /lib/x86_64-linux-gnu/librt-2.27.so
7f4bb22d9000-7f4bb24d8000 ---p 00007000 08:05 790454                     /lib/x86_64-linux-gnu/librt-2.27.so
7f4bb24d8000-7f4bb24d9000 r--p 00006000 08:05 790454                     /lib/x86_64-linux-gnu/librt-2.27.so
7f4bb24d9000-7f4bb24da000 rw-p 00007000 08:05 790454                     /lib/x86_64-linux-gnu/librt-2.27.so
7f4bb24da000-7f4bb2677000 r-xp 00000000 08:05 790377                     /lib/x86_64-linux-gnu/libm-2.27.so
7f4bb2677000-7f4bb2876000 ---p 0019d000 08:05 790377                     /lib/x86_64-linux-gnu/libm-2.27.so
7f4bb2876000-7f4bb2877000 r--p 0019c000 08:05 790377                     /lib/x86_64-linux-gnu/libm-2.27.so
7f4bb2877000-7f4bb2878000 rw-p 0019d000 08:05 790377                     /lib/x86_64-linux-gnu/libm-2.27.so
7f4bb2878000-7f4bb39dc000 r-xp 00000000 08:07 3670324                    /home/taiki/Stuff/jdk-12.0.1/lib/server/libjvm.so
7f4bb39dc000-7f4bb3bdc000 ---p 01164000 08:07 3670324                    /home/taiki/Stuff/jdk-12.0.1/lib/server/libjvm.so
7f4bb3bdc000-7f4bb3c9d000 r--p 01164000 08:07 3670324                    /home/taiki/Stuff/jdk-12.0.1/lib/server/libjvm.so
7f4bb3c9d000-7f4bb3cd6000 rw-p 01225000 08:07 3670324                    /home/taiki/Stuff/jdk-12.0.1/lib/server/libjvm.so
7f4bb3cd6000-7f4bb3d59000 rw-p 00000000 00:00 0 
7f4bb3d59000-7f4bb3f40000 r-xp 00000000 08:05 790314                     /lib/x86_64-linux-gnu/libc-2.27.so
7f4bb3f40000-7f4bb4140000 ---p 001e7000 08:05 790314                     /lib/x86_64-linux-gnu/libc-2.27.so
7f4bb4140000-7f4bb4144000 r--p 001e7000 08:05 790314                     /lib/x86_64-linux-gnu/libc-2.27.so
7f4bb4144000-7f4bb4146000 rw-p 001eb000 08:05 790314                     /lib/x86_64-linux-gnu/libc-2.27.so
7f4bb4146000-7f4bb414a000 rw-p 00000000 00:00 0 
7f4bb414a000-7f4bb414d000 r-xp 00000000 08:05 790337                     /lib/x86_64-linux-gnu/libdl-2.27.so
7f4bb414d000-7f4bb434c000 ---p 00003000 08:05 790337                     /lib/x86_64-linux-gnu/libdl-2.27.so
7f4bb434c000-7f4bb434d000 r--p 00002000 08:05 790337                     /lib/x86_64-linux-gnu/libdl-2.27.so
7f4bb434d000-7f4bb434e000 rw-p 00003000 08:05 790337                     /lib/x86_64-linux-gnu/libdl-2.27.so
7f4bb434e000-7f4bb4368000 r-xp 00000000 08:05 790446                     /lib/x86_64-linux-gnu/libpthread-2.27.so
7f4bb4368000-7f4bb4567000 ---p 0001a000 08:05 790446                     /lib/x86_64-linux-gnu/libpthread-2.27.so
7f4bb4567000-7f4bb4568000 r--p 00019000 08:05 790446                     /lib/x86_64-linux-gnu/libpthread-2.27.so
7f4bb4568000-7f4bb4569000 rw-p 0001a000 08:05 790446                     /lib/x86_64-linux-gnu/libpthread-2.27.so
7f4bb4569000-7f4bb456d000 rw-p 00000000 00:00 0 
7f4bb456d000-7f4bb457d000 r-xp 00000000 08:07 3670293                    /home/taiki/Stuff/jdk-12.0.1/lib/libjli.so
7f4bb457d000-7f4bb477c000 ---p 00010000 08:07 3670293                    /home/taiki/Stuff/jdk-12.0.1/lib/libjli.so
7f4bb477c000-7f4bb477d000 r--p 0000f000 08:07 3670293                    /home/taiki/Stuff/jdk-12.0.1/lib/libjli.so
7f4bb477d000-7f4bb477e000 rw-p 00010000 08:07 3670293                    /home/taiki/Stuff/jdk-12.0.1/lib/libjli.so
7f4bb477e000-7f4bb479a000 r-xp 00000000 08:05 790485                     /lib/x86_64-linux-gnu/libz.so.1.2.11
7f4bb479a000-7f4bb4999000 ---p 0001c000 08:05 790485                     /lib/x86_64-linux-gnu/libz.so.1.2.11
7f4bb4999000-7f4bb499a000 r--p 0001b000 08:05 790485                     /lib/x86_64-linux-gnu/libz.so.1.2.11
7f4bb499a000-7f4bb499b000 rw-p 0001c000 08:05 790485                     /lib/x86_64-linux-gnu/libz.so.1.2.11
7f4bb499b000-7f4bb49c2000 r-xp 00000000 08:05 790286                     /lib/x86_64-linux-gnu/ld-2.27.so
7f4bb49c2000-7f4bb49c3000 r-xp 00000000 00:00 0 
7f4bb49c3000-7f4bb49c4000 rw-s 00000000 00:06 429                        /dev/nvidiactl
7f4bb49c4000-7f4bb49c5000 rw-s 00000000 00:06 580                        /dev/nvidia0
7f4bb49c5000-7f4bb4aa3000 rw-p 00000000 00:00 0 
7f4bb4aa3000-7f4bb4aa7000 ---p 00000000 00:00 0 
7f4bb4aa7000-7f4bb4ba8000 rw-p 00000000 00:00 0 
7f4bb4ba8000-7f4bb4ba9000 rw-s 00000000 00:06 580                        /dev/nvidia0
7f4bb4ba9000-7f4bb4baa000 rw-s 00000000 00:06 429                        /dev/nvidiactl
7f4bb4baa000-7f4bb4bab000 r-xp 00000000 00:00 0 
7f4bb4bab000-7f4bb4bb0000 rw-p 00000000 00:00 0 
7f4bb4bb0000-7f4bb4bb7000 ---p 00000000 00:00 0 
7f4bb4bb7000-7f4bb4bbf000 rw-s 00000000 08:05 3538                       /tmp/hsperfdata_taiki/18898
7f4bb4bbf000-7f4bb4bc0000 ---p 00000000 00:00 0 
7f4bb4bc0000-7f4bb4bc1000 r--p 00000000 00:00 0 
7f4bb4bc1000-7f4bb4bc2000 ---p 00000000 00:00 0 
7f4bb4bc2000-7f4bb4bc3000 r--p 00027000 08:05 790286                     /lib/x86_64-linux-gnu/ld-2.27.so
7f4bb4bc3000-7f4bb4bc4000 rw-p 00028000 08:05 790286                     /lib/x86_64-linux-gnu/ld-2.27.so
7f4bb4bc4000-7f4bb4bc5000 rw-p 00000000 00:00 0 
7ffecd7a0000-7ffecd7c2000 rw-p 00000000 00:00 0                          [stack]
7ffecd7d7000-7ffecd7da000 r--p 00000000 00:00 0                          [vvar]
7ffecd7da000-7ffecd7dc000 r-xp 00000000 00:00 0                          [vdso]
ffffffffff600000-ffffffffff601000 r-xp 00000000 00:00 0                  [vsyscall]


VM Arguments:
jvm_args: -javaagent:/opt/idea-IU-191.6707.61/lib/idea_rt.jar=37079:/opt/idea-IU-191.6707.61/bin -Dfile.encoding=UTF-8 
java_command: Main
java_class_path (initial): /home/taiki/Code/IdeaProjects/GridEngine/target/scala-2.13/classes:/home/taiki/.ivy2/cache/org.scala-lang/scala-library/jars/scala-library-2.13.0.jar:/home/taiki/Code/IdeaProjects/GridEngine/lwjgl-release-3.2.2-custom/lwjgl-glfw-natives-linux.jar:/home/taiki/Code/IdeaProjects/GridEngine/lwjgl-release-3.2.2-custom/lwjgl-glfw.jar:/home/taiki/Code/IdeaProjects/GridEngine/lwjgl-release-3.2.2-custom/lwjgl-natives-linux.jar:/home/taiki/Code/IdeaProjects/GridEngine/lwjgl-release-3.2.2-custom/lwjgl-openal-natives-linux.jar:/home/taiki/Code/IdeaProjects/GridEngine/lwjgl-release-3.2.2-custom/lwjgl-openal.jar:/home/taiki/Code/IdeaProjects/GridEngine/lwjgl-release-3.2.2-custom/lwjgl-opencl.jar:/home/taiki/Code/IdeaProjects/GridEngine/lwjgl-release-3.2.2-custom/lwjgl-opengl-natives-linux.jar:/home/taiki/Code/IdeaProjects/GridEngine/lwjgl-release-3.2.2-custom/lwjgl-opengl.jar:/home/taiki/Code/IdeaProjects/GridEngine/lwjgl-release-3.2.2-custom/lwjgl.jar:/home/taiki/Code/IdeaProjects/GridEngine/lwjgl-release-3.2.2-custom/lwjgl-stb-natives-linux.jar:/home/taiki/Code/IdeaProjects/GridEngine/lwjgl-release-3.2.2-custom/lwjgl-stb.jar
Launcher Type: SUN_STANDARD

[Global flags]
     intx CICompilerCount                          = 3                                         {product} {ergonomic}
     uint ConcGCThreads                            = 1                                         {product} {ergonomic}
     uint G1ConcRefinementThreads                  = 4                                         {product} {ergonomic}
   size_t G1HeapRegionSize                         = 1048576                                   {product} {ergonomic}
    uintx GCDrainStackTargetSize                   = 64                                        {product} {ergonomic}
   size_t InitialHeapSize                          = 130023424                                 {product} {ergonomic}
   size_t MarkStackSize                            = 4194304                                   {product} {ergonomic}
   size_t MaxHeapSize                              = 2057306112                                {product} {ergonomic}
   size_t MaxNewSize                               = 1234173952                                {product} {ergonomic}
   size_t MinHeapDeltaBytes                        = 1048576                                   {product} {ergonomic}
    uintx NonNMethodCodeHeapSize                   = 5830732                                {pd product} {ergonomic}
    uintx NonProfiledCodeHeapSize                  = 122913754                              {pd product} {ergonomic}
    uintx ProfiledCodeHeapSize                     = 122913754                              {pd product} {ergonomic}
    uintx ReservedCodeCacheSize                    = 251658240                              {pd product} {ergonomic}
     bool SegmentedCodeCache                       = true                                      {product} {ergonomic}
     bool UseCompressedClassPointers               = true                                 {lp64_product} {ergonomic}
     bool UseCompressedOops                        = true                                 {lp64_product} {ergonomic}
     bool UseG1GC                                  = true                                      {product} {ergonomic}

Logging:
Log output configuration:
 #0: stdout all=warning uptime,level,tags
 #1: stderr all=off uptime,level,tags

Environment Variables:
PATH=/home/taiki/.cargo/bin:/usr/local/sbin:/usr/local/bin:/usr/sbin:/usr/bin:/sbin:/bin:/usr/games:/usr/local/games
SHELL=/bin/bash
DISPLAY=:0

Signal Handlers:
SIGSEGV: [libjvm.so+0xe45640], sa_mask[0]=11111111011111111101111111111110, sa_flags=SA_RESTART|SA_SIGINFO
SIGBUS: [libjvm.so+0xe45640], sa_mask[0]=11111111011111111101111111111110, sa_flags=SA_RESTART|SA_SIGINFO
SIGFPE: [libjvm.so+0xe45640], sa_mask[0]=11111111011111111101111111111110, sa_flags=SA_RESTART|SA_SIGINFO
SIGPIPE: [libjvm.so+0xbf4b50], sa_mask[0]=11111111011111111101111111111110, sa_flags=SA_RESTART|SA_SIGINFO
SIGXFSZ: [libjvm.so+0xbf4b50], sa_mask[0]=11111111011111111101111111111110, sa_flags=SA_RESTART|SA_SIGINFO
SIGILL: [libjvm.so+0xe45640], sa_mask[0]=11111111011111111101111111111110, sa_flags=SA_RESTART|SA_SIGINFO
SIGUSR2: [libjvm.so+0xbf49f0], sa_mask[0]=00100000000000000000000000000000, sa_flags=SA_RESTART|SA_SIGINFO
SIGHUP: [libjvm.so+0xbf4d50], sa_mask[0]=11111111011111111101111111111110, sa_flags=SA_RESTART|SA_SIGINFO
SIGINT: [libjvm.so+0xbf4d50], sa_mask[0]=11111111011111111101111111111110, sa_flags=SA_RESTART|SA_SIGINFO
SIGTERM: [libjvm.so+0xbf4d50], sa_mask[0]=11111111011111111101111111111110, sa_flags=SA_RESTART|SA_SIGINFO
SIGQUIT: [libjvm.so+0xbf4d50], sa_mask[0]=11111111011111111101111111111110, sa_flags=SA_RESTART|SA_SIGINFO


---------------  S Y S T E M  ---------------

OS:DISTRIB_ID=elementary
DISTRIB_RELEASE=5.0
DISTRIB_CODENAME=juno
DISTRIB_DESCRIPTION="elementary OS 5.0 Juno"
uname:Linux 4.15.0-48-generic #51-Ubuntu SMP Wed Apr 3 08:28:49 UTC 2019 x86_64
libc:glibc 2.27 NPTL 2.27 
rlimit: STACK 8192k, CORE 0k, NPROC 30297, NOFILE 1048576, AS infinity, DATA infinity, FSIZE infinity
load average:2,62 2,03 1,88

/proc/meminfo:
MemTotal:        8032620 kB
MemFree:         1822556 kB
MemAvailable:    3640952 kB
Buffers:          105600 kB
Cached:          2097540 kB
SwapCached:            0 kB
Active:          4468816 kB
Inactive:        1377104 kB
Active(anon):    3644272 kB
Inactive(anon):   209300 kB
Active(file):     824544 kB
Inactive(file):  1167804 kB
Unevictable:          32 kB
Mlocked:              32 kB
SwapTotal:       3999740 kB
SwapFree:        3999740 kB
Dirty:             34044 kB
Writeback:             0 kB
AnonPages:       3643064 kB
Mapped:           667828 kB
Shmem:            210796 kB
Slab:             157312 kB
SReclaimable:     102892 kB
SUnreclaim:        54420 kB
KernelStack:       14320 kB
PageTables:        51676 kB
NFS_Unstable:          0 kB
Bounce:                0 kB
WritebackTmp:          0 kB
CommitLimit:     8016048 kB
Committed_AS:    7967640 kB
VmallocTotal:   34359738367 kB
VmallocUsed:           0 kB
VmallocChunk:          0 kB
HardwareCorrupted:     0 kB
AnonHugePages:         0 kB
ShmemHugePages:        0 kB
ShmemPmdMapped:        0 kB
CmaTotal:              0 kB
CmaFree:               0 kB
HugePages_Total:       0
HugePages_Free:        0
HugePages_Rsvd:        0
HugePages_Surp:        0
Hugepagesize:       2048 kB
DirectMap4k:      288160 kB
DirectMap2M:     6916096 kB
DirectMap1G:     1048576 kB


/proc/sys/kernel/threads-max (system-wide limit on the number of threads):
60594


/proc/sys/vm/max_map_count (maximum number of memory map areas a process may have):
65530


/proc/sys/kernel/pid_max (system-wide limit on number of process identifiers):
32768



container (cgroup) information:
container_type: cgroupv1
cpu_cpuset_cpus: 0-3
cpu_memory_nodes: 0
active_processor_count: 4
cpu_quota: -1
cpu_period: 100000
cpu_shares: -1
memory_limit_in_bytes: -1
memory_and_swap_limit_in_bytes: -2
memory_soft_limit_in_bytes: -1
memory_usage_in_bytes: 5986897920
memory_max_usage_in_bytes: 0


CPU:total 4 (initial active 4) (2 cores per cpu, 2 threads per core) family 6 model 78 stepping 3, cmov, cx8, fxsr, mmx, sse, sse2, sse3, ssse3, sse4.1, sse4.2, popcnt, avx, avx2, aes, clmul, erms, 3dnowpref, lzcnt, ht, tsc, tscinvbit, bmi1, bmi2, adx, fma
CPU Model and flags from /proc/cpuinfo:
model name	: Intel(R) Core(TM) i3-6006U CPU @ 2.00GHz
flags		: fpu vme de pse tsc msr pae mce cx8 apic sep mtrr pge mca cmov pat pse36 clflush dts acpi mmx fxsr sse sse2 ss ht tm pbe syscall nx pdpe1gb rdtscp lm constant_tsc art arch_perfmon pebs bts rep_good nopl xtopology nonstop_tsc cpuid aperfmperf tsc_known_freq pni pclmulqdq dtes64 monitor ds_cpl vmx est tm2 ssse3 sdbg fma cx16 xtpr pdcm pcid sse4_1 sse4_2 x2apic movbe popcnt tsc_deadline_timer aes xsave avx f16c rdrand lahf_lm abm 3dnowprefetch cpuid_fault epb invpcid_single pti ssbd ibrs ibpb stibp tpr_shadow vnmi flexpriority ept vpid fsgsbase tsc_adjust bmi1 avx2 smep bmi2 erms invpcid mpx rdseed adx smap clflushopt intel_pt xsaveopt xsavec xgetbv1 xsaves dtherm arat pln pts hwp hwp_notify hwp_act_window hwp_epp flush_l1d

Memory: 4k page, physical 8032620k(1822556k free), swap 3999740k(3999740k free)

vm_info: Java HotSpot(TM) 64-Bit Server VM (12.0.1+12) for linux-amd64 JRE (12.0.1+12), built on Apr  1 2019 23:46:14 by "mach5one" with gcc 7.3.0

END.
